[1.100s] Invoking command in '/ros2_ws/build/car_controller': PYTHONPATH=/ros2_ws/build/car_controller/prefix_override:/ros2_ws/install/car_controller/lib/python3.10/site-packages:${PYTHONPATH} /usr/bin/python3 setup.py develop --editable --build-directory /ros2_ws/build/car_controller/build --no-deps install_data
[1.336s] running develop
[1.440s] running egg_info
[1.440s] writing car_controller.egg-info/PKG-INFO
[1.440s] writing dependency_links to car_controller.egg-info/dependency_links.txt
[1.445s] writing entry points to car_controller.egg-info/entry_points.txt
[1.445s] writing requirements to car_controller.egg-info/requires.txt
[1.445s] writing top-level names to car_controller.egg-info/top_level.txt
[1.447s] reading manifest file 'car_controller.egg-info/SOURCES.txt'
[1.449s] writing manifest file 'car_controller.egg-info/SOURCES.txt'
[1.451s] running build_ext
[1.452s] Creating /ros2_ws/install/car_controller/lib/python3.10/site-packages/car-controller.egg-link (link to .)
[1.452s] Installing car_camera_rcv script to /ros2_ws/install/car_controller/lib/car_controller
[1.452s] Installing car_controller script to /ros2_ws/install/car_controller/lib/car_controller
[1.453s] Installing net script to /ros2_ws/install/car_controller/lib/car_controller
[1.453s] Installing net_sb3 script to /ros2_ws/install/car_controller/lib/car_controller
[1.453s] 
[1.453s] Installed /ros2_ws/build/car_controller
[1.453s] running install_data
[1.502s] Invoked command in '/ros2_ws/build/car_controller' returned '0': PYTHONPATH=/ros2_ws/build/car_controller/prefix_override:/ros2_ws/install/car_controller/lib/python3.10/site-packages:${PYTHONPATH} /usr/bin/python3 setup.py develop --editable --build-directory /ros2_ws/build/car_controller/build --no-deps install_data
