[0.108s] Invoking command in '/ros2_ws/build/interfaces': CMAKE_PREFIX_PATH=/ros2_ws/install/tracking_sub:/opt/ros/humble /usr/bin/cmake --build /ros2_ws/build/interfaces -- -j4 -l4
[1.128s] -- Found ament_cmake: 1.3.5 (/opt/ros/humble/share/ament_cmake/cmake)
[1.129s] -- Found rosidl_default_generators: 1.2.0 (/opt/ros/humble/share/rosidl_default_generators/cmake)
[1.130s] -- Using all available rosidl_typesupport_c: rosidl_typesupport_fastrtps_c;rosidl_typesupport_introspection_c
[1.131s] -- Found rosidl_adapter: 3.1.4 (/opt/ros/humble/share/rosidl_adapter/cmake)
[1.133s] -- Using all available rosidl_typesupport_cpp: rosidl_typesupport_fastrtps_cpp;rosidl_typesupport_introspection_cpp
[2.059s] -- Found ament_cmake_ros: 0.10.0 (/opt/ros/humble/share/ament_cmake_ros/cmake)
[2.740s] -- Using all available rosidl_typesupport_c: rosidl_typesupport_fastrtps_c;rosidl_typesupport_introspection_c
[3.600s] -- Using all available rosidl_typesupport_cpp: rosidl_typesupport_fastrtps_cpp;rosidl_typesupport_introspection_cpp
[3.670s] -- Found python_cmake_module: 0.10.0 (/opt/ros/humble/share/python_cmake_module/cmake)
[3.737s] -- Using PYTHON_EXECUTABLE: /usr/bin/python3
[3.738s] -- Using PYTHON_INCLUDE_DIRS: /usr/include/python3.10
[3.738s] -- Using PYTHON_LIBRARIES: /usr/lib/aarch64-linux-gnu/libpython3.10.so
[3.781s] -- Found ament_lint_auto: 0.12.6 (/opt/ros/humble/share/ament_lint_auto/cmake)
[3.818s] -- Added test 'copyright' to check source files copyright and LICENSE
[3.841s] -- Added test 'flake8' to check Python code syntax and style conventions
[3.845s] -- Added test 'lint_cmake' to check CMake code style
[3.848s] -- Added test 'pep257' to check Python code against some of the docstring style conventions in PEP 257
[3.863s] -- Added test 'xmllint' to check XML markup files
[3.870s] -- Configuring done
[4.001s] -- Generating done
[4.013s] -- Build files have been written to: /ros2_ws/build/interfaces
[4.094s] [  3%] [34m[1mGenerating C code for ROS interfaces[0m
[4.153s] [  6%] [34m[1mGenerating C++ code for ROS interfaces[0m
[4.174s] [  6%] Built target ament_cmake_python_copy_interfaces
[5.156s] running egg_info
[5.160s] writing interfaces.egg-info/PKG-INFO
[5.162s] writing dependency_links to interfaces.egg-info/dependency_links.txt
[5.164s] writing top-level names to interfaces.egg-info/top_level.txt
[5.174s] reading manifest file 'interfaces.egg-info/SOURCES.txt'
[5.178s] writing manifest file 'interfaces.egg-info/SOURCES.txt'
[5.320s] [  6%] Built target ament_cmake_python_build_interfaces_egg
[5.693s] [  9%] [32mBuilding C object CMakeFiles/interfaces__rosidl_generator_c.dir/rosidl_generator_c/interfaces/srv/detail/tracking_data__functions.c.o[0m
[5.732s] [  9%] Built target interfaces__cpp
[5.765s] [ 12%] [34m[1mGenerating C++ type support for eProsima Fast-RTPS[0m
[5.767s] [ 19%] [34m[1mGenerating C++ type support dispatch for ROS interfaces[0m
[5.768s] [ 19%] [34m[1mGenerating C++ introspection for ROS interfaces[0m
[6.008s] [ 22%] [32m[1mLinking C shared library libinterfaces__rosidl_generator_c.so[0m
[6.182s] [ 22%] Built target interfaces__rosidl_generator_c
[6.217s] [ 25%] [34m[1mGenerating C type support dispatch for ROS interfaces[0m
[7.081s] [ 29%] [32mBuilding CXX object CMakeFiles/interfaces__rosidl_typesupport_cpp.dir/rosidl_typesupport_cpp/interfaces/srv/tracking_data__type_support.cpp.o[0m
[7.271s] [ 32%] [32mBuilding CXX object CMakeFiles/interfaces__rosidl_typesupport_introspection_cpp.dir/rosidl_typesupport_introspection_cpp/interfaces/srv/detail/tracking_data__type_support.cpp.o[0m
[7.287s] [ 35%] [32mBuilding CXX object CMakeFiles/interfaces__rosidl_typesupport_fastrtps_cpp.dir/rosidl_typesupport_fastrtps_cpp/interfaces/srv/detail/dds_fastrtps/tracking_data__type_support.cpp.o[0m
[7.523s] [ 38%] [32mBuilding CXX object CMakeFiles/interfaces__rosidl_typesupport_c.dir/rosidl_typesupport_c/interfaces/srv/tracking_data__type_support.cpp.o[0m
[7.654s] [ 41%] [32m[1mLinking CXX shared library libinterfaces__rosidl_typesupport_c.so[0m
[7.814s] [ 41%] Built target interfaces__rosidl_typesupport_c
[7.848s] [ 45%] [34m[1mGenerating C type support for eProsima Fast-RTPS[0m
[8.484s] [ 48%] [32m[1mLinking CXX shared library libinterfaces__rosidl_typesupport_cpp.so[0m
[8.636s] [ 48%] Built target interfaces__rosidl_typesupport_cpp
[8.670s] [ 51%] [34m[1mGenerating C introspection for ROS interfaces[0m
[9.406s] [ 54%] [32m[1mLinking CXX shared library libinterfaces__rosidl_typesupport_introspection_cpp.so[0m
[9.486s] [ 58%] [32mBuilding CXX object CMakeFiles/interfaces__rosidl_typesupport_fastrtps_c.dir/rosidl_typesupport_fastrtps_c/interfaces/srv/detail/tracking_data__type_support_c.cpp.o[0m
[9.672s] [ 61%] [32m[1mLinking CXX shared library libinterfaces__rosidl_typesupport_fastrtps_cpp.so[0m
[9.709s] [ 61%] Built target interfaces__rosidl_typesupport_introspection_cpp
[9.951s] [ 61%] Built target interfaces__rosidl_typesupport_fastrtps_cpp
[10.226s] [ 64%] [32mBuilding C object CMakeFiles/interfaces__rosidl_typesupport_introspection_c.dir/rosidl_typesupport_introspection_c/interfaces/srv/detail/tracking_data__type_support.c.o[0m
[10.384s] [ 67%] [32m[1mLinking C shared library libinterfaces__rosidl_typesupport_introspection_c.so[0m
[10.478s] [ 67%] Built target interfaces__rosidl_typesupport_introspection_c
[11.085s] [ 70%] [32m[1mLinking CXX shared library libinterfaces__rosidl_typesupport_fastrtps_c.so[0m
[11.358s] [ 70%] Built target interfaces__rosidl_typesupport_fastrtps_c
[11.417s] [ 70%] Built target interfaces
[11.477s] [ 74%] [34m[1mGenerating Python code for ROS interfaces[0m
[13.322s] [ 74%] Built target interfaces__py
[13.382s] [ 77%] [32mBuilding C object CMakeFiles/interfaces__rosidl_generator_py.dir/rosidl_generator_py/interfaces/srv/_tracking_data_s.c.o[0m
[13.947s] [ 80%] [32m[1mLinking C shared library rosidl_generator_py/interfaces/libinterfaces__rosidl_generator_py.so[0m
[14.083s] [ 80%] Built target interfaces__rosidl_generator_py
[14.149s] [ 83%] [32mBuilding C object CMakeFiles/interfaces__rosidl_typesupport_introspection_c__pyext.dir/rosidl_generator_py/interfaces/_interfaces_s.ep.rosidl_typesupport_introspection_c.c.o[0m
[14.157s] [ 87%] [32mBuilding C object CMakeFiles/interfaces__rosidl_typesupport_fastrtps_c__pyext.dir/rosidl_generator_py/interfaces/_interfaces_s.ep.rosidl_typesupport_fastrtps_c.c.o[0m
[14.171s] [ 90%] [32mBuilding C object CMakeFiles/interfaces__rosidl_typesupport_c__pyext.dir/rosidl_generator_py/interfaces/_interfaces_s.ep.rosidl_typesupport_c.c.o[0m
[14.576s] [ 93%] [32m[1mLinking C shared library rosidl_generator_py/interfaces/interfaces_s__rosidl_typesupport_introspection_c.cpython-310-aarch64-linux-gnu.so[0m
[14.584s] [ 96%] [32m[1mLinking C shared library rosidl_generator_py/interfaces/interfaces_s__rosidl_typesupport_c.cpython-310-aarch64-linux-gnu.so[0m
[14.598s] [100%] [32m[1mLinking C shared library rosidl_generator_py/interfaces/interfaces_s__rosidl_typesupport_fastrtps_c.cpython-310-aarch64-linux-gnu.so[0m
[14.703s] [100%] Built target interfaces__rosidl_typesupport_introspection_c__pyext
[14.708s] [100%] Built target interfaces__rosidl_typesupport_c__pyext
[14.733s] [100%] Built target interfaces__rosidl_typesupport_fastrtps_c__pyext
[14.769s] Invoked command in '/ros2_ws/build/interfaces' returned '0': CMAKE_PREFIX_PATH=/ros2_ws/install/tracking_sub:/opt/ros/humble /usr/bin/cmake --build /ros2_ws/build/interfaces -- -j4 -l4
[14.953s] Invoking command in '/ros2_ws/build/interfaces': CMAKE_PREFIX_PATH=/ros2_ws/install/tracking_sub:/opt/ros/humble /usr/bin/cmake --install /ros2_ws/build/interfaces
[14.976s] -- Install configuration: ""
[14.977s] -- Installing: /ros2_ws/install/interfaces/share/ament_index/resource_index/rosidl_interfaces/interfaces
[14.978s] -- Installing: /ros2_ws/install/interfaces/include/interfaces/interfaces
[14.978s] -- Installing: /ros2_ws/install/interfaces/include/interfaces/interfaces/srv
[14.978s] -- Installing: /ros2_ws/install/interfaces/include/interfaces/interfaces/srv/tracking_data.h
[14.979s] -- Installing: /ros2_ws/install/interfaces/include/interfaces/interfaces/srv/detail
[14.980s] -- Installing: /ros2_ws/install/interfaces/include/interfaces/interfaces/srv/detail/tracking_data__struct.h
[14.980s] -- Installing: /ros2_ws/install/interfaces/include/interfaces/interfaces/srv/detail/tracking_data__type_support.h
[14.981s] -- Installing: /ros2_ws/install/interfaces/include/interfaces/interfaces/srv/detail/tracking_data__functions.c
[14.981s] -- Installing: /ros2_ws/install/interfaces/include/interfaces/interfaces/srv/detail/tracking_data__functions.h
[14.981s] -- Installing: /ros2_ws/install/interfaces/include/interfaces/interfaces/msg
[14.982s] -- Installing: /ros2_ws/install/interfaces/include/interfaces/interfaces/msg/rosidl_generator_c__visibility_control.h
[14.982s] -- Installing: /ros2_ws/install/interfaces/share/interfaces/environment/library_path.sh
[14.982s] -- Installing: /ros2_ws/install/interfaces/share/interfaces/environment/library_path.dsv
[14.983s] -- Installing: /ros2_ws/install/interfaces/lib/libinterfaces__rosidl_generator_c.so
[14.984s] -- Set runtime path of "/ros2_ws/install/interfaces/lib/libinterfaces__rosidl_generator_c.so" to ""
[14.985s] -- Up-to-date: /ros2_ws/install/interfaces/include/interfaces/interfaces
[14.985s] -- Up-to-date: /ros2_ws/install/interfaces/include/interfaces/interfaces/srv
[14.986s] -- Up-to-date: /ros2_ws/install/interfaces/include/interfaces/interfaces/srv/detail
[14.986s] -- Installing: /ros2_ws/install/interfaces/include/interfaces/interfaces/srv/detail/tracking_data__rosidl_typesupport_fastrtps_c.h
[14.987s] -- Up-to-date: /ros2_ws/install/interfaces/include/interfaces/interfaces/msg
[14.987s] -- Installing: /ros2_ws/install/interfaces/include/interfaces/interfaces/msg/rosidl_typesupport_fastrtps_c__visibility_control.h
[14.988s] -- Installing: /ros2_ws/install/interfaces/lib/libinterfaces__rosidl_typesupport_fastrtps_c.so
[14.988s] -- Set runtime path of "/ros2_ws/install/interfaces/lib/libinterfaces__rosidl_typesupport_fastrtps_c.so" to ""
[14.989s] -- Up-to-date: /ros2_ws/install/interfaces/include/interfaces/interfaces
[14.989s] -- Up-to-date: /ros2_ws/install/interfaces/include/interfaces/interfaces/srv
[14.989s] -- Up-to-date: /ros2_ws/install/interfaces/include/interfaces/interfaces/srv/detail
[14.990s] -- Installing: /ros2_ws/install/interfaces/include/interfaces/interfaces/srv/detail/tracking_data__rosidl_typesupport_introspection_c.h
[14.990s] -- Installing: /ros2_ws/install/interfaces/include/interfaces/interfaces/srv/detail/tracking_data__type_support.c
[14.990s] -- Up-to-date: /ros2_ws/install/interfaces/include/interfaces/interfaces/msg
[14.991s] -- Installing: /ros2_ws/install/interfaces/include/interfaces/interfaces/msg/rosidl_typesupport_introspection_c__visibility_control.h
[14.991s] -- Installing: /ros2_ws/install/interfaces/lib/libinterfaces__rosidl_typesupport_introspection_c.so
[14.992s] -- Set runtime path of "/ros2_ws/install/interfaces/lib/libinterfaces__rosidl_typesupport_introspection_c.so" to ""
[14.992s] -- Installing: /ros2_ws/install/interfaces/lib/libinterfaces__rosidl_typesupport_c.so
[14.993s] -- Set runtime path of "/ros2_ws/install/interfaces/lib/libinterfaces__rosidl_typesupport_c.so" to ""
[14.993s] -- Up-to-date: /ros2_ws/install/interfaces/include/interfaces/interfaces
[14.994s] -- Up-to-date: /ros2_ws/install/interfaces/include/interfaces/interfaces/srv
[14.994s] -- Installing: /ros2_ws/install/interfaces/include/interfaces/interfaces/srv/tracking_data.hpp
[14.994s] -- Up-to-date: /ros2_ws/install/interfaces/include/interfaces/interfaces/srv/detail
[14.995s] -- Installing: /ros2_ws/install/interfaces/include/interfaces/interfaces/srv/detail/tracking_data__struct.hpp
[14.995s] -- Installing: /ros2_ws/install/interfaces/include/interfaces/interfaces/srv/detail/tracking_data__traits.hpp
[14.996s] -- Installing: /ros2_ws/install/interfaces/include/interfaces/interfaces/srv/detail/tracking_data__builder.hpp
[14.996s] -- Up-to-date: /ros2_ws/install/interfaces/include/interfaces/interfaces
[14.996s] -- Up-to-date: /ros2_ws/install/interfaces/include/interfaces/interfaces/srv
[14.997s] -- Up-to-date: /ros2_ws/install/interfaces/include/interfaces/interfaces/srv/detail
[14.997s] -- Installing: /ros2_ws/install/interfaces/include/interfaces/interfaces/srv/detail/tracking_data__rosidl_typesupport_fastrtps_cpp.hpp
[14.998s] -- Installing: /ros2_ws/install/interfaces/include/interfaces/interfaces/srv/detail/dds_fastrtps
[14.998s] -- Up-to-date: /ros2_ws/install/interfaces/include/interfaces/interfaces/msg
[14.998s] -- Installing: /ros2_ws/install/interfaces/include/interfaces/interfaces/msg/rosidl_typesupport_fastrtps_cpp__visibility_control.h
[14.999s] -- Installing: /ros2_ws/install/interfaces/lib/libinterfaces__rosidl_typesupport_fastrtps_cpp.so
[14.999s] -- Set runtime path of "/ros2_ws/install/interfaces/lib/libinterfaces__rosidl_typesupport_fastrtps_cpp.so" to ""
[15.000s] -- Up-to-date: /ros2_ws/install/interfaces/include/interfaces/interfaces
[15.000s] -- Up-to-date: /ros2_ws/install/interfaces/include/interfaces/interfaces/srv
[15.000s] -- Up-to-date: /ros2_ws/install/interfaces/include/interfaces/interfaces/srv/detail
[15.001s] -- Installing: /ros2_ws/install/interfaces/include/interfaces/interfaces/srv/detail/tracking_data__rosidl_typesupport_introspection_cpp.hpp
[15.001s] -- Installing: /ros2_ws/install/interfaces/include/interfaces/interfaces/srv/detail/tracking_data__type_support.cpp
[15.001s] -- Installing: /ros2_ws/install/interfaces/lib/libinterfaces__rosidl_typesupport_introspection_cpp.so
[15.002s] -- Set runtime path of "/ros2_ws/install/interfaces/lib/libinterfaces__rosidl_typesupport_introspection_cpp.so" to ""
[15.003s] -- Installing: /ros2_ws/install/interfaces/lib/libinterfaces__rosidl_typesupport_cpp.so
[15.004s] -- Set runtime path of "/ros2_ws/install/interfaces/lib/libinterfaces__rosidl_typesupport_cpp.so" to ""
[15.004s] -- Installing: /ros2_ws/install/interfaces/share/interfaces/environment/pythonpath.sh
[15.005s] -- Installing: /ros2_ws/install/interfaces/share/interfaces/environment/pythonpath.dsv
[15.005s] -- Installing: /ros2_ws/install/interfaces/local/lib/python3.10/dist-packages/interfaces-0.0.0-py3.10.egg-info
[15.005s] -- Installing: /ros2_ws/install/interfaces/local/lib/python3.10/dist-packages/interfaces-0.0.0-py3.10.egg-info/SOURCES.txt
[15.006s] -- Installing: /ros2_ws/install/interfaces/local/lib/python3.10/dist-packages/interfaces-0.0.0-py3.10.egg-info/dependency_links.txt
[15.006s] -- Installing: /ros2_ws/install/interfaces/local/lib/python3.10/dist-packages/interfaces-0.0.0-py3.10.egg-info/top_level.txt
[15.007s] -- Installing: /ros2_ws/install/interfaces/local/lib/python3.10/dist-packages/interfaces-0.0.0-py3.10.egg-info/PKG-INFO
[15.008s] -- Installing: /ros2_ws/install/interfaces/local/lib/python3.10/dist-packages/interfaces
[15.008s] -- Installing: /ros2_ws/install/interfaces/local/lib/python3.10/dist-packages/interfaces/srv
[15.008s] -- Installing: /ros2_ws/install/interfaces/local/lib/python3.10/dist-packages/interfaces/srv/__init__.py
[15.009s] -- Installing: /ros2_ws/install/interfaces/local/lib/python3.10/dist-packages/interfaces/srv/_tracking_data.py
[15.009s] -- Installing: /ros2_ws/install/interfaces/local/lib/python3.10/dist-packages/interfaces/srv/_tracking_data_s.c
[15.009s] -- Installing: /ros2_ws/install/interfaces/local/lib/python3.10/dist-packages/interfaces/__init__.py
[15.010s] -- Installing: /ros2_ws/install/interfaces/local/lib/python3.10/dist-packages/interfaces/libinterfaces__rosidl_generator_py.so
[15.010s] -- Installing: /ros2_ws/install/interfaces/local/lib/python3.10/dist-packages/interfaces/interfaces_s__rosidl_typesupport_introspection_c.cpython-310-aarch64-linux-gnu.so
[15.011s] -- Installing: /ros2_ws/install/interfaces/local/lib/python3.10/dist-packages/interfaces/_interfaces_s.ep.rosidl_typesupport_introspection_c.c
[15.011s] -- Installing: /ros2_ws/install/interfaces/local/lib/python3.10/dist-packages/interfaces/_interfaces_s.ep.rosidl_typesupport_c.c
[15.012s] -- Installing: /ros2_ws/install/interfaces/local/lib/python3.10/dist-packages/interfaces/_interfaces_s.ep.rosidl_typesupport_fastrtps_c.c
[15.012s] -- Installing: /ros2_ws/install/interfaces/local/lib/python3.10/dist-packages/interfaces/interfaces_s__rosidl_typesupport_c.cpython-310-aarch64-linux-gnu.so
[15.013s] -- Installing: /ros2_ws/install/interfaces/local/lib/python3.10/dist-packages/interfaces/interfaces_s__rosidl_typesupport_fastrtps_c.cpython-310-aarch64-linux-gnu.so
[15.165s] Listing '/ros2_ws/install/interfaces/local/lib/python3.10/dist-packages/interfaces'...
[15.165s] Compiling '/ros2_ws/install/interfaces/local/lib/python3.10/dist-packages/interfaces/__init__.py'...
[15.166s] Listing '/ros2_ws/install/interfaces/local/lib/python3.10/dist-packages/interfaces/srv'...
[15.166s] Compiling '/ros2_ws/install/interfaces/local/lib/python3.10/dist-packages/interfaces/srv/__init__.py'...
[15.166s] Compiling '/ros2_ws/install/interfaces/local/lib/python3.10/dist-packages/interfaces/srv/_tracking_data.py'...
[15.189s] -- Installing: /ros2_ws/install/interfaces/local/lib/python3.10/dist-packages/interfaces/interfaces_s__rosidl_typesupport_fastrtps_c.cpython-310-aarch64-linux-gnu.so
[15.191s] -- Set runtime path of "/ros2_ws/install/interfaces/local/lib/python3.10/dist-packages/interfaces/interfaces_s__rosidl_typesupport_fastrtps_c.cpython-310-aarch64-linux-gnu.so" to ""
[15.192s] -- Installing: /ros2_ws/install/interfaces/local/lib/python3.10/dist-packages/interfaces/interfaces_s__rosidl_typesupport_introspection_c.cpython-310-aarch64-linux-gnu.so
[15.193s] -- Set runtime path of "/ros2_ws/install/interfaces/local/lib/python3.10/dist-packages/interfaces/interfaces_s__rosidl_typesupport_introspection_c.cpython-310-aarch64-linux-gnu.so" to ""
[15.193s] -- Installing: /ros2_ws/install/interfaces/local/lib/python3.10/dist-packages/interfaces/interfaces_s__rosidl_typesupport_c.cpython-310-aarch64-linux-gnu.so
[15.195s] -- Set runtime path of "/ros2_ws/install/interfaces/local/lib/python3.10/dist-packages/interfaces/interfaces_s__rosidl_typesupport_c.cpython-310-aarch64-linux-gnu.so" to ""
[15.195s] -- Installing: /ros2_ws/install/interfaces/lib/libinterfaces__rosidl_generator_py.so
[15.197s] -- Set runtime path of "/ros2_ws/install/interfaces/lib/libinterfaces__rosidl_generator_py.so" to ""
[15.197s] -- Installing: /ros2_ws/install/interfaces/share/interfaces/srv/TrackingData.idl
[15.198s] -- Installing: /ros2_ws/install/interfaces/share/interfaces/srv/TrackingData.srv
[15.198s] -- Installing: /ros2_ws/install/interfaces/share/interfaces/srv/TrackingData_Request.msg
[15.198s] -- Installing: /ros2_ws/install/interfaces/share/interfaces/srv/TrackingData_Response.msg
[15.199s] -- Installing: /ros2_ws/install/interfaces/share/ament_index/resource_index/package_run_dependencies/interfaces
[15.200s] -- Installing: /ros2_ws/install/interfaces/share/ament_index/resource_index/parent_prefix_path/interfaces
[15.200s] -- Installing: /ros2_ws/install/interfaces/share/interfaces/environment/ament_prefix_path.sh
[15.201s] -- Installing: /ros2_ws/install/interfaces/share/interfaces/environment/ament_prefix_path.dsv
[15.201s] -- Installing: /ros2_ws/install/interfaces/share/interfaces/environment/path.sh
[15.202s] -- Installing: /ros2_ws/install/interfaces/share/interfaces/environment/path.dsv
[15.202s] -- Installing: /ros2_ws/install/interfaces/share/interfaces/local_setup.bash
[15.203s] -- Installing: /ros2_ws/install/interfaces/share/interfaces/local_setup.sh
[15.203s] -- Installing: /ros2_ws/install/interfaces/share/interfaces/local_setup.zsh
[15.204s] -- Installing: /ros2_ws/install/interfaces/share/interfaces/local_setup.dsv
[15.204s] -- Installing: /ros2_ws/install/interfaces/share/interfaces/package.dsv
[15.205s] -- Installing: /ros2_ws/install/interfaces/share/ament_index/resource_index/packages/interfaces
[15.205s] -- Installing: /ros2_ws/install/interfaces/share/interfaces/cmake/export_interfaces__rosidl_generator_cExport.cmake
[15.206s] -- Installing: /ros2_ws/install/interfaces/share/interfaces/cmake/export_interfaces__rosidl_generator_cExport-noconfig.cmake
[15.206s] -- Installing: /ros2_ws/install/interfaces/share/interfaces/cmake/export_interfaces__rosidl_typesupport_fastrtps_cExport.cmake
[15.207s] -- Installing: /ros2_ws/install/interfaces/share/interfaces/cmake/export_interfaces__rosidl_typesupport_fastrtps_cExport-noconfig.cmake
[15.208s] -- Installing: /ros2_ws/install/interfaces/share/interfaces/cmake/interfaces__rosidl_typesupport_introspection_cExport.cmake
[15.208s] -- Installing: /ros2_ws/install/interfaces/share/interfaces/cmake/interfaces__rosidl_typesupport_introspection_cExport-noconfig.cmake
[15.209s] -- Installing: /ros2_ws/install/interfaces/share/interfaces/cmake/interfaces__rosidl_typesupport_cExport.cmake
[15.210s] -- Installing: /ros2_ws/install/interfaces/share/interfaces/cmake/interfaces__rosidl_typesupport_cExport-noconfig.cmake
[15.210s] -- Installing: /ros2_ws/install/interfaces/share/interfaces/cmake/export_interfaces__rosidl_generator_cppExport.cmake
[15.211s] -- Installing: /ros2_ws/install/interfaces/share/interfaces/cmake/export_interfaces__rosidl_typesupport_fastrtps_cppExport.cmake
[15.211s] -- Installing: /ros2_ws/install/interfaces/share/interfaces/cmake/export_interfaces__rosidl_typesupport_fastrtps_cppExport-noconfig.cmake
[15.212s] -- Installing: /ros2_ws/install/interfaces/share/interfaces/cmake/interfaces__rosidl_typesupport_introspection_cppExport.cmake
[15.213s] -- Installing: /ros2_ws/install/interfaces/share/interfaces/cmake/interfaces__rosidl_typesupport_introspection_cppExport-noconfig.cmake
[15.213s] -- Installing: /ros2_ws/install/interfaces/share/interfaces/cmake/interfaces__rosidl_typesupport_cppExport.cmake
[15.214s] -- Installing: /ros2_ws/install/interfaces/share/interfaces/cmake/interfaces__rosidl_typesupport_cppExport-noconfig.cmake
[15.214s] -- Installing: /ros2_ws/install/interfaces/share/interfaces/cmake/export_interfaces__rosidl_generator_pyExport.cmake
[15.215s] -- Installing: /ros2_ws/install/interfaces/share/interfaces/cmake/export_interfaces__rosidl_generator_pyExport-noconfig.cmake
[15.215s] -- Installing: /ros2_ws/install/interfaces/share/interfaces/cmake/rosidl_cmake-extras.cmake
[15.216s] -- Installing: /ros2_ws/install/interfaces/share/interfaces/cmake/ament_cmake_export_include_directories-extras.cmake
[15.216s] -- Installing: /ros2_ws/install/interfaces/share/interfaces/cmake/ament_cmake_export_libraries-extras.cmake
[15.217s] -- Installing: /ros2_ws/install/interfaces/share/interfaces/cmake/ament_cmake_export_targets-extras.cmake
[15.217s] -- Installing: /ros2_ws/install/interfaces/share/interfaces/cmake/rosidl_cmake_export_typesupport_targets-extras.cmake
[15.218s] -- Installing: /ros2_ws/install/interfaces/share/interfaces/cmake/ament_cmake_export_dependencies-extras.cmake
[15.218s] -- Installing: /ros2_ws/install/interfaces/share/interfaces/cmake/rosidl_cmake_export_typesupport_libraries-extras.cmake
[15.219s] -- Installing: /ros2_ws/install/interfaces/share/interfaces/cmake/interfacesConfig.cmake
[15.220s] -- Installing: /ros2_ws/install/interfaces/share/interfaces/cmake/interfacesConfig-version.cmake
[15.220s] -- Installing: /ros2_ws/install/interfaces/share/interfaces/package.xml
[15.232s] Invoked command in '/ros2_ws/build/interfaces' returned '0': CMAKE_PREFIX_PATH=/ros2_ws/install/tracking_sub:/opt/ros/humble /usr/bin/cmake --install /ros2_ws/build/interfaces
