[1.068s] Invoking command in '/ros2_ws/build/car_camera': PYTHONPATH=/ros2_ws/build/car_camera/prefix_override:/ros2_ws/install/car_camera/lib/python3.10/site-packages:${PYTHONPATH} /usr/bin/python3 setup.py develop --editable --build-directory /ros2_ws/build/car_camera/build --no-deps install_data
[1.308s] running develop
[1.309s] /usr/lib/python3/dist-packages/setuptools/command/easy_install.py:158: EasyInstallDeprecationWarning: easy_install command is deprecated. Use build and pip and other standards-based tools.
[1.309s]   warnings.warn(
[1.313s] /usr/lib/python3/dist-packages/setuptools/command/install.py:34: SetuptoolsDeprecationWarning: setup.py install is deprecated. Use build and pip and other standards-based tools.
[1.313s]   warnings.warn(
[1.403s] running egg_info
[1.403s] writing car_camera.egg-info/PKG-INFO
[1.403s] writing dependency_links to car_camera.egg-info/dependency_links.txt
[1.413s] writing entry points to car_camera.egg-info/entry_points.txt
[1.414s] writing requirements to car_camera.egg-info/requires.txt
[1.416s] writing top-level names to car_camera.egg-info/top_level.txt
[1.419s] reading manifest file 'car_camera.egg-info/SOURCES.txt'
[1.419s] writing manifest file 'car_camera.egg-info/SOURCES.txt'
[1.434s] running build_ext
[1.434s] Creating /ros2_ws/install/car_camera/lib/python3.10/site-packages/car-camera.egg-link (link to .)
[1.481s] Installing camera script to /ros2_ws/install/car_camera/lib/car_camera
[1.482s] 
[1.482s] Installed /ros2_ws/build/car_camera
[1.483s] running install_data
[1.506s] Invoked command in '/ros2_ws/build/car_camera' returned '0': PYTHONPATH=/ros2_ws/build/car_camera/prefix_override:/ros2_ws/install/car_camera/lib/python3.10/site-packages:${PYTHONPATH} /usr/bin/python3 setup.py develop --editable --build-directory /ros2_ws/build/car_camera/build --no-deps install_data
