[2.227s] Invoking command in '/ros2_ws/build/tracking_sub': PYTHONPATH=/ros2_ws/build/tracking_sub/prefix_override:/ros2_ws/install/tracking_sub/lib/python3.10/site-packages:${PYTHONPATH} /usr/bin/python3 setup.py develop --uninstall --editable --build-directory /ros2_ws/build/tracking_sub/build
[3.122s] running develop
[3.123s] /usr/lib/python3/dist-packages/setuptools/command/easy_install.py:158: EasyInstallDeprecationWarning: easy_install command is deprecated. Use build and pip and other standards-based tools.
[3.123s]   warnings.warn(
[3.129s] /usr/lib/python3/dist-packages/setuptools/command/install.py:34: SetuptoolsDeprecationWarning: setup.py install is deprecated. Use build and pip and other standards-based tools.
[3.129s]   warnings.warn(
[3.654s] Invoked command in '/ros2_ws/build/tracking_sub' returned '0': PYTHONPATH=/ros2_ws/build/tracking_sub/prefix_override:/ros2_ws/install/tracking_sub/lib/python3.10/site-packages:${PYTHONPATH} /usr/bin/python3 setup.py develop --uninstall --editable --build-directory /ros2_ws/build/tracking_sub/build
[3.660s] Invoking command in '/ros2_ws/src/tracking_sub': PYTHONPATH=/ros2_ws/build/tracking_sub/prefix_override:/ros2_ws/install/tracking_sub/lib/python3.10/site-packages:${PYTHONPATH} /usr/bin/python3 setup.py egg_info --egg-base ../../build/tracking_sub build --build-base /ros2_ws/build/tracking_sub/build install --record /ros2_ws/build/tracking_sub/install.log --single-version-externally-managed
[4.466s] running egg_info
[4.469s] writing ../../build/tracking_sub/tracking_sub.egg-info/PKG-INFO
[4.471s] writing dependency_links to ../../build/tracking_sub/tracking_sub.egg-info/dependency_links.txt
[4.472s] writing entry points to ../../build/tracking_sub/tracking_sub.egg-info/entry_points.txt
[4.472s] writing requirements to ../../build/tracking_sub/tracking_sub.egg-info/requires.txt
[4.472s] writing top-level names to ../../build/tracking_sub/tracking_sub.egg-info/top_level.txt
[4.478s] reading manifest file '../../build/tracking_sub/tracking_sub.egg-info/SOURCES.txt'
[4.482s] writing manifest file '../../build/tracking_sub/tracking_sub.egg-info/SOURCES.txt'
[4.483s] running build
[4.483s] running build_py
[4.483s] copying tracking_sub/subscriber.py -> /ros2_ws/build/tracking_sub/build/lib/tracking_sub
[4.484s] running install
[4.485s] /usr/lib/python3/dist-packages/setuptools/command/install.py:34: SetuptoolsDeprecationWarning: setup.py install is deprecated. Use build and pip and other standards-based tools.
[4.485s]   warnings.warn(
[4.486s] running install_lib
[4.489s] copying /ros2_ws/build/tracking_sub/build/lib/tracking_sub/subscriber.py -> /ros2_ws/install/tracking_sub/lib/python3.10/site-packages/tracking_sub
[4.492s] byte-compiling /ros2_ws/install/tracking_sub/lib/python3.10/site-packages/tracking_sub/publisher.py to publisher.cpython-310.pyc
[4.492s]   File "/ros2_ws/install/tracking_sub/lib/python3.10/site-packages/tracking_sub/publisher.py", line 13
[4.493s]     	def send(self,value)
[4.493s]     	                    ^
[4.494s] SyntaxError: expected ':'
[4.494s] 
[4.494s] byte-compiling /ros2_ws/install/tracking_sub/lib/python3.10/site-packages/tracking_sub/subscriber.py to subscriber.cpython-310.pyc
[4.495s] running install_data
[4.496s] running install_egg_info
[4.503s] removing '/ros2_ws/install/tracking_sub/lib/python3.10/site-packages/tracking_sub-0.0.0-py3.10.egg-info' (and everything under it)
[4.504s] Copying ../../build/tracking_sub/tracking_sub.egg-info to /ros2_ws/install/tracking_sub/lib/python3.10/site-packages/tracking_sub-0.0.0-py3.10.egg-info
[4.507s] running install_scripts
[4.595s] Installing listener script to /ros2_ws/install/tracking_sub/lib/tracking_sub
[4.597s] Installing speed_pub script to /ros2_ws/install/tracking_sub/lib/tracking_sub
[4.597s] writing list of installed files to '/ros2_ws/build/tracking_sub/install.log'
[4.717s] Invoked command in '/ros2_ws/src/tracking_sub' returned '0': PYTHONPATH=/ros2_ws/build/tracking_sub/prefix_override:/ros2_ws/install/tracking_sub/lib/python3.10/site-packages:${PYTHONPATH} /usr/bin/python3 setup.py egg_info --egg-base ../../build/tracking_sub build --build-base /ros2_ws/build/tracking_sub/build install --record /ros2_ws/build/tracking_sub/install.log --single-version-externally-managed
