[0.250s] DEBUG:colcon:Command line arguments: ['/usr/bin/colcon', 'build', '--symlink-install']
[0.251s] DEBUG:colcon:Parsed command line arguments: Namespace(log_base=None, log_level=None, verb_name='build', build_base='build', install_base='install', merge_install=False, symlink_install=True, test_result_base=None, continue_on_error=False, executor='parallel', parallel_workers=12, event_handlers=None, ignore_user_meta=False, metas=['./colcon.meta'], base_paths=['.'], packages_ignore=None, packages_ignore_regex=None, paths=None, packages_up_to=None, packages_up_to_regex=None, packages_above=None, packages_above_and_dependencies=None, packages_above_depth=None, packages_select_by_dep=None, packages_skip_by_dep=None, packages_skip_up_to=None, packages_select_build_failed=False, packages_skip_build_finished=False, packages_select_test_failures=False, packages_skip_test_passed=False, packages_select=None, packages_skip=None, packages_select_regex=None, packages_skip_regex=None, packages_start=None, packages_end=None, allow_overriding=[], cmake_args=None, cmake_target=None, cmake_target_skip_unavailable=False, cmake_clean_cache=False, cmake_clean_first=False, cmake_force_configure=False, ament_cmake_args=None, catkin_cmake_args=None, catkin_skip_building_tests=False, verb_parser=<colcon_defaults.argument_parser.defaults.DefaultArgumentsDecorator object at 0x7f0cbce2d360>, verb_extension=<colcon_core.verb.build.BuildVerb object at 0x7f0cbce2cdf0>, main=<bound method BuildVerb.main of <colcon_core.verb.build.BuildVerb object at 0x7f0cbce2cdf0>>)
[0.278s] Level 1:colcon.colcon_core.package_discovery:discover_packages(colcon_meta) check parameters
[0.278s] Level 1:colcon.colcon_core.package_discovery:discover_packages(recursive) check parameters
[0.278s] Level 1:colcon.colcon_core.package_discovery:discover_packages(ignore) check parameters
[0.278s] Level 1:colcon.colcon_core.package_discovery:discover_packages(path) check parameters
[0.278s] Level 1:colcon.colcon_core.package_discovery:discover_packages(colcon_meta) discover
[0.278s] Level 1:colcon.colcon_core.package_discovery:discover_packages(recursive) discover
[0.278s] INFO:colcon.colcon_core.package_discovery:Crawling recursively for packages in '/ros2_ws'
[0.278s] Level 1:colcon.colcon_core.package_identification:_identify(.) by extensions ['ignore', 'ignore_ament_install']
[0.278s] Level 1:colcon.colcon_core.package_identification:_identify(.) by extension 'ignore'
[0.278s] Level 1:colcon.colcon_core.package_identification:_identify(.) by extension 'ignore_ament_install'
[0.278s] Level 1:colcon.colcon_core.package_identification:_identify(.) by extensions ['colcon_pkg']
[0.278s] Level 1:colcon.colcon_core.package_identification:_identify(.) by extension 'colcon_pkg'
[0.278s] Level 1:colcon.colcon_core.package_identification:_identify(.) by extensions ['colcon_meta']
[0.278s] Level 1:colcon.colcon_core.package_identification:_identify(.) by extension 'colcon_meta'
[0.278s] Level 1:colcon.colcon_core.package_identification:_identify(.) by extensions ['ros']
[0.278s] Level 1:colcon.colcon_core.package_identification:_identify(.) by extension 'ros'
[0.289s] Level 1:colcon.colcon_core.package_identification:_identify(.) by extensions ['cmake', 'python']
[0.289s] Level 1:colcon.colcon_core.package_identification:_identify(.) by extension 'cmake'
[0.289s] Level 1:colcon.colcon_core.package_identification:_identify(.) by extension 'python'
[0.289s] Level 1:colcon.colcon_core.package_identification:_identify(.) by extensions ['python_setup_py']
[0.289s] Level 1:colcon.colcon_core.package_identification:_identify(.) by extension 'python_setup_py'
[0.289s] Level 1:colcon.colcon_core.package_identification:_identify(build) by extensions ['ignore', 'ignore_ament_install']
[0.289s] Level 1:colcon.colcon_core.package_identification:_identify(build) by extension 'ignore'
[0.289s] Level 1:colcon.colcon_core.package_identification:_identify(build) ignored
[0.289s] Level 1:colcon.colcon_core.package_identification:_identify(install) by extensions ['ignore', 'ignore_ament_install']
[0.289s] Level 1:colcon.colcon_core.package_identification:_identify(install) by extension 'ignore'
[0.289s] Level 1:colcon.colcon_core.package_identification:_identify(install) ignored
[0.289s] Level 1:colcon.colcon_core.package_identification:_identify(log) by extensions ['ignore', 'ignore_ament_install']
[0.289s] Level 1:colcon.colcon_core.package_identification:_identify(log) by extension 'ignore'
[0.289s] Level 1:colcon.colcon_core.package_identification:_identify(log) ignored
[0.290s] Level 1:colcon.colcon_core.package_identification:_identify(src) by extensions ['ignore', 'ignore_ament_install']
[0.290s] Level 1:colcon.colcon_core.package_identification:_identify(src) by extension 'ignore'
[0.290s] Level 1:colcon.colcon_core.package_identification:_identify(src) by extension 'ignore_ament_install'
[0.290s] Level 1:colcon.colcon_core.package_identification:_identify(src) by extensions ['colcon_pkg']
[0.290s] Level 1:colcon.colcon_core.package_identification:_identify(src) by extension 'colcon_pkg'
[0.290s] Level 1:colcon.colcon_core.package_identification:_identify(src) by extensions ['colcon_meta']
[0.290s] Level 1:colcon.colcon_core.package_identification:_identify(src) by extension 'colcon_meta'
[0.290s] Level 1:colcon.colcon_core.package_identification:_identify(src) by extensions ['ros']
[0.290s] Level 1:colcon.colcon_core.package_identification:_identify(src) by extension 'ros'
[0.290s] Level 1:colcon.colcon_core.package_identification:_identify(src) by extensions ['cmake', 'python']
[0.290s] Level 1:colcon.colcon_core.package_identification:_identify(src) by extension 'cmake'
[0.290s] Level 1:colcon.colcon_core.package_identification:_identify(src) by extension 'python'
[0.290s] Level 1:colcon.colcon_core.package_identification:_identify(src) by extensions ['python_setup_py']
[0.290s] Level 1:colcon.colcon_core.package_identification:_identify(src) by extension 'python_setup_py'
[0.290s] Level 1:colcon.colcon_core.package_identification:_identify(src/car_camera) by extensions ['ignore', 'ignore_ament_install']
[0.290s] Level 1:colcon.colcon_core.package_identification:_identify(src/car_camera) by extension 'ignore'
[0.290s] Level 1:colcon.colcon_core.package_identification:_identify(src/car_camera) by extension 'ignore_ament_install'
[0.290s] Level 1:colcon.colcon_core.package_identification:_identify(src/car_camera) by extensions ['colcon_pkg']
[0.290s] Level 1:colcon.colcon_core.package_identification:_identify(src/car_camera) by extension 'colcon_pkg'
[0.290s] Level 1:colcon.colcon_core.package_identification:_identify(src/car_camera) by extensions ['colcon_meta']
[0.291s] Level 1:colcon.colcon_core.package_identification:_identify(src/car_camera) by extension 'colcon_meta'
[0.291s] Level 1:colcon.colcon_core.package_identification:_identify(src/car_camera) by extensions ['ros']
[0.291s] Level 1:colcon.colcon_core.package_identification:_identify(src/car_camera) by extension 'ros'
[0.293s] DEBUG:colcon.colcon_core.package_identification:Package 'src/car_camera' with type 'ros.ament_python' and name 'car_camera'
[0.293s] Level 1:colcon.colcon_core.package_identification:_identify(src/cv_basics) by extensions ['ignore', 'ignore_ament_install']
[0.293s] Level 1:colcon.colcon_core.package_identification:_identify(src/cv_basics) by extension 'ignore'
[0.293s] Level 1:colcon.colcon_core.package_identification:_identify(src/cv_basics) by extension 'ignore_ament_install'
[0.293s] Level 1:colcon.colcon_core.package_identification:_identify(src/cv_basics) by extensions ['colcon_pkg']
[0.293s] Level 1:colcon.colcon_core.package_identification:_identify(src/cv_basics) by extension 'colcon_pkg'
[0.293s] Level 1:colcon.colcon_core.package_identification:_identify(src/cv_basics) by extensions ['colcon_meta']
[0.293s] Level 1:colcon.colcon_core.package_identification:_identify(src/cv_basics) by extension 'colcon_meta'
[0.293s] Level 1:colcon.colcon_core.package_identification:_identify(src/cv_basics) by extensions ['ros']
[0.293s] Level 1:colcon.colcon_core.package_identification:_identify(src/cv_basics) by extension 'ros'
[0.294s] DEBUG:colcon.colcon_core.package_identification:Package 'src/cv_basics' with type 'ros.ament_python' and name 'cv_basics'
[0.294s] Level 1:colcon.colcon_core.package_identification:_identify(src/interfaces) by extensions ['ignore', 'ignore_ament_install']
[0.294s] Level 1:colcon.colcon_core.package_identification:_identify(src/interfaces) by extension 'ignore'
[0.294s] Level 1:colcon.colcon_core.package_identification:_identify(src/interfaces) by extension 'ignore_ament_install'
[0.294s] Level 1:colcon.colcon_core.package_identification:_identify(src/interfaces) by extensions ['colcon_pkg']
[0.294s] Level 1:colcon.colcon_core.package_identification:_identify(src/interfaces) by extension 'colcon_pkg'
[0.294s] Level 1:colcon.colcon_core.package_identification:_identify(src/interfaces) by extensions ['colcon_meta']
[0.294s] Level 1:colcon.colcon_core.package_identification:_identify(src/interfaces) by extension 'colcon_meta'
[0.294s] Level 1:colcon.colcon_core.package_identification:_identify(src/interfaces) by extensions ['ros']
[0.294s] Level 1:colcon.colcon_core.package_identification:_identify(src/interfaces) by extension 'ros'
[0.295s] DEBUG:colcon.colcon_core.package_identification:Package 'src/interfaces' with type 'ros.ament_cmake' and name 'interfaces'
[0.295s] Level 1:colcon.colcon_core.package_identification:_identify(src/tracking_sub) by extensions ['ignore', 'ignore_ament_install']
[0.295s] Level 1:colcon.colcon_core.package_identification:_identify(src/tracking_sub) by extension 'ignore'
[0.295s] Level 1:colcon.colcon_core.package_identification:_identify(src/tracking_sub) by extension 'ignore_ament_install'
[0.295s] Level 1:colcon.colcon_core.package_identification:_identify(src/tracking_sub) by extensions ['colcon_pkg']
[0.295s] Level 1:colcon.colcon_core.package_identification:_identify(src/tracking_sub) by extension 'colcon_pkg'
[0.295s] Level 1:colcon.colcon_core.package_identification:_identify(src/tracking_sub) by extensions ['colcon_meta']
[0.295s] Level 1:colcon.colcon_core.package_identification:_identify(src/tracking_sub) by extension 'colcon_meta'
[0.295s] Level 1:colcon.colcon_core.package_identification:_identify(src/tracking_sub) by extensions ['ros']
[0.295s] Level 1:colcon.colcon_core.package_identification:_identify(src/tracking_sub) by extension 'ros'
[0.296s] DEBUG:colcon.colcon_core.package_identification:Package 'src/tracking_sub' with type 'ros.ament_python' and name 'tracking_sub'
[0.296s] Level 1:colcon.colcon_core.package_discovery:discover_packages(recursive) using defaults
[0.296s] Level 1:colcon.colcon_core.package_discovery:discover_packages(ignore) discover
[0.296s] Level 1:colcon.colcon_core.package_discovery:discover_packages(ignore) using defaults
[0.296s] Level 1:colcon.colcon_core.package_discovery:discover_packages(path) discover
[0.296s] Level 1:colcon.colcon_core.package_discovery:discover_packages(path) using defaults
[0.317s] Level 1:colcon.colcon_core.package_discovery:discover_packages(prefix_path) check parameters
[0.317s] Level 1:colcon.colcon_core.package_discovery:discover_packages(prefix_path) discover
[0.320s] DEBUG:colcon.colcon_installed_package_information.package_discovery:Found 4 installed packages in /ros2_ws/install
[0.321s] DEBUG:colcon.colcon_installed_package_information.package_discovery:Found 145 installed packages in /opt/ros/humble
[0.321s] Level 1:colcon.colcon_core.package_discovery:discover_packages(prefix_path) using defaults
[0.353s] Level 5:colcon.colcon_core.verb:set package 'car_camera' build argument 'cmake_args' from command line to 'None'
[0.353s] Level 5:colcon.colcon_core.verb:set package 'car_camera' build argument 'cmake_target' from command line to 'None'
[0.353s] Level 5:colcon.colcon_core.verb:set package 'car_camera' build argument 'cmake_target_skip_unavailable' from command line to 'False'
[0.353s] Level 5:colcon.colcon_core.verb:set package 'car_camera' build argument 'cmake_clean_cache' from command line to 'False'
[0.353s] Level 5:colcon.colcon_core.verb:set package 'car_camera' build argument 'cmake_clean_first' from command line to 'False'
[0.353s] Level 5:colcon.colcon_core.verb:set package 'car_camera' build argument 'cmake_force_configure' from command line to 'False'
[0.353s] Level 5:colcon.colcon_core.verb:set package 'car_camera' build argument 'ament_cmake_args' from command line to 'None'
[0.353s] Level 5:colcon.colcon_core.verb:set package 'car_camera' build argument 'catkin_cmake_args' from command line to 'None'
[0.353s] Level 5:colcon.colcon_core.verb:set package 'car_camera' build argument 'catkin_skip_building_tests' from command line to 'False'
[0.353s] DEBUG:colcon.colcon_core.verb:Building package 'car_camera' with the following arguments: {'ament_cmake_args': None, 'build_base': '/ros2_ws/build/car_camera', 'catkin_cmake_args': None, 'catkin_skip_building_tests': False, 'cmake_args': None, 'cmake_clean_cache': False, 'cmake_clean_first': False, 'cmake_force_configure': False, 'cmake_target': None, 'cmake_target_skip_unavailable': False, 'install_base': '/ros2_ws/install/car_camera', 'merge_install': False, 'path': '/ros2_ws/src/car_camera', 'symlink_install': True, 'test_result_base': None}
[0.354s] Level 5:colcon.colcon_core.verb:set package 'cv_basics' build argument 'cmake_args' from command line to 'None'
[0.354s] Level 5:colcon.colcon_core.verb:set package 'cv_basics' build argument 'cmake_target' from command line to 'None'
[0.354s] Level 5:colcon.colcon_core.verb:set package 'cv_basics' build argument 'cmake_target_skip_unavailable' from command line to 'False'
[0.354s] Level 5:colcon.colcon_core.verb:set package 'cv_basics' build argument 'cmake_clean_cache' from command line to 'False'
[0.354s] Level 5:colcon.colcon_core.verb:set package 'cv_basics' build argument 'cmake_clean_first' from command line to 'False'
[0.354s] Level 5:colcon.colcon_core.verb:set package 'cv_basics' build argument 'cmake_force_configure' from command line to 'False'
[0.354s] Level 5:colcon.colcon_core.verb:set package 'cv_basics' build argument 'ament_cmake_args' from command line to 'None'
[0.354s] Level 5:colcon.colcon_core.verb:set package 'cv_basics' build argument 'catkin_cmake_args' from command line to 'None'
[0.354s] Level 5:colcon.colcon_core.verb:set package 'cv_basics' build argument 'catkin_skip_building_tests' from command line to 'False'
[0.354s] DEBUG:colcon.colcon_core.verb:Building package 'cv_basics' with the following arguments: {'ament_cmake_args': None, 'build_base': '/ros2_ws/build/cv_basics', 'catkin_cmake_args': None, 'catkin_skip_building_tests': False, 'cmake_args': None, 'cmake_clean_cache': False, 'cmake_clean_first': False, 'cmake_force_configure': False, 'cmake_target': None, 'cmake_target_skip_unavailable': False, 'install_base': '/ros2_ws/install/cv_basics', 'merge_install': False, 'path': '/ros2_ws/src/cv_basics', 'symlink_install': True, 'test_result_base': None}
[0.355s] Level 5:colcon.colcon_core.verb:set package 'interfaces' build argument 'cmake_args' from command line to 'None'
[0.355s] Level 5:colcon.colcon_core.verb:set package 'interfaces' build argument 'cmake_target' from command line to 'None'
[0.355s] Level 5:colcon.colcon_core.verb:set package 'interfaces' build argument 'cmake_target_skip_unavailable' from command line to 'False'
[0.355s] Level 5:colcon.colcon_core.verb:set package 'interfaces' build argument 'cmake_clean_cache' from command line to 'False'
[0.355s] Level 5:colcon.colcon_core.verb:set package 'interfaces' build argument 'cmake_clean_first' from command line to 'False'
[0.355s] Level 5:colcon.colcon_core.verb:set package 'interfaces' build argument 'cmake_force_configure' from command line to 'False'
[0.355s] Level 5:colcon.colcon_core.verb:set package 'interfaces' build argument 'ament_cmake_args' from command line to 'None'
[0.355s] Level 5:colcon.colcon_core.verb:set package 'interfaces' build argument 'catkin_cmake_args' from command line to 'None'
[0.355s] Level 5:colcon.colcon_core.verb:set package 'interfaces' build argument 'catkin_skip_building_tests' from command line to 'False'
[0.356s] DEBUG:colcon.colcon_core.verb:Building package 'interfaces' with the following arguments: {'ament_cmake_args': None, 'build_base': '/ros2_ws/build/interfaces', 'catkin_cmake_args': None, 'catkin_skip_building_tests': False, 'cmake_args': None, 'cmake_clean_cache': False, 'cmake_clean_first': False, 'cmake_force_configure': False, 'cmake_target': None, 'cmake_target_skip_unavailable': False, 'install_base': '/ros2_ws/install/interfaces', 'merge_install': False, 'path': '/ros2_ws/src/interfaces', 'symlink_install': True, 'test_result_base': None}
[0.356s] Level 5:colcon.colcon_core.verb:set package 'tracking_sub' build argument 'cmake_args' from command line to 'None'
[0.356s] Level 5:colcon.colcon_core.verb:set package 'tracking_sub' build argument 'cmake_target' from command line to 'None'
[0.356s] Level 5:colcon.colcon_core.verb:set package 'tracking_sub' build argument 'cmake_target_skip_unavailable' from command line to 'False'
[0.356s] Level 5:colcon.colcon_core.verb:set package 'tracking_sub' build argument 'cmake_clean_cache' from command line to 'False'
[0.357s] Level 5:colcon.colcon_core.verb:set package 'tracking_sub' build argument 'cmake_clean_first' from command line to 'False'
[0.357s] Level 5:colcon.colcon_core.verb:set package 'tracking_sub' build argument 'cmake_force_configure' from command line to 'False'
[0.357s] Level 5:colcon.colcon_core.verb:set package 'tracking_sub' build argument 'ament_cmake_args' from command line to 'None'
[0.357s] Level 5:colcon.colcon_core.verb:set package 'tracking_sub' build argument 'catkin_cmake_args' from command line to 'None'
[0.357s] Level 5:colcon.colcon_core.verb:set package 'tracking_sub' build argument 'catkin_skip_building_tests' from command line to 'False'
[0.357s] DEBUG:colcon.colcon_core.verb:Building package 'tracking_sub' with the following arguments: {'ament_cmake_args': None, 'build_base': '/ros2_ws/build/tracking_sub', 'catkin_cmake_args': None, 'catkin_skip_building_tests': False, 'cmake_args': None, 'cmake_clean_cache': False, 'cmake_clean_first': False, 'cmake_force_configure': False, 'cmake_target': None, 'cmake_target_skip_unavailable': False, 'install_base': '/ros2_ws/install/tracking_sub', 'merge_install': False, 'path': '/ros2_ws/src/tracking_sub', 'symlink_install': True, 'test_result_base': None}
[0.357s] INFO:colcon.colcon_core.executor:Executing jobs using 'parallel' executor
[0.360s] DEBUG:colcon.colcon_parallel_executor.executor.parallel:run_until_complete
[0.360s] INFO:colcon.colcon_ros.task.ament_python.build:Building ROS package in '/ros2_ws/src/car_camera' with build type 'ament_python'
[0.361s] Level 1:colcon.colcon_core.shell:create_environment_hook('car_camera', 'ament_prefix_path')
[0.365s] INFO:colcon.colcon_core.plugin_system:Skipping extension 'colcon_core.shell.bat': Not used on non-Windows systems
[0.366s] INFO:colcon.colcon_core.shell:Creating environment hook '/ros2_ws/install/car_camera/share/car_camera/hook/ament_prefix_path.ps1'
[0.366s] INFO:colcon.colcon_core.shell:Creating environment descriptor '/ros2_ws/install/car_camera/share/car_camera/hook/ament_prefix_path.dsv'
[0.370s] INFO:colcon.colcon_core.shell:Creating environment hook '/ros2_ws/install/car_camera/share/car_camera/hook/ament_prefix_path.sh'
[0.372s] INFO:colcon.colcon_core.shell:Skip shell extension 'powershell' for command environment: Not usable outside of PowerShell
[0.372s] DEBUG:colcon.colcon_core.shell:Skip shell extension 'dsv' for command environment
[0.376s] INFO:colcon.colcon_ros.task.ament_python.build:Building ROS package in '/ros2_ws/src/cv_basics' with build type 'ament_python'
[0.376s] Level 1:colcon.colcon_core.shell:create_environment_hook('cv_basics', 'ament_prefix_path')
[0.377s] INFO:colcon.colcon_core.shell:Creating environment hook '/ros2_ws/install/cv_basics/share/cv_basics/hook/ament_prefix_path.ps1'
[0.377s] INFO:colcon.colcon_core.shell:Creating environment descriptor '/ros2_ws/install/cv_basics/share/cv_basics/hook/ament_prefix_path.dsv'
[0.378s] INFO:colcon.colcon_core.shell:Creating environment hook '/ros2_ws/install/cv_basics/share/cv_basics/hook/ament_prefix_path.sh'
[0.380s] INFO:colcon.colcon_core.shell:Skip shell extension 'powershell' for command environment: Not usable outside of PowerShell
[0.380s] DEBUG:colcon.colcon_core.shell:Skip shell extension 'dsv' for command environment
[0.385s] INFO:colcon.colcon_ros.task.ament_cmake.build:Building ROS package in '/ros2_ws/src/interfaces' with build type 'ament_cmake'
[0.385s] INFO:colcon.colcon_cmake.task.cmake.build:Building CMake package in '/ros2_ws/src/interfaces'
[0.386s] INFO:colcon.colcon_core.shell:Skip shell extension 'powershell' for command environment: Not usable outside of PowerShell
[0.387s] DEBUG:colcon.colcon_core.shell:Skip shell extension 'dsv' for command environment
[0.390s] INFO:colcon.colcon_ros.task.ament_python.build:Building ROS package in '/ros2_ws/src/tracking_sub' with build type 'ament_python'
[0.390s] Level 1:colcon.colcon_core.shell:create_environment_hook('tracking_sub', 'ament_prefix_path')
[0.392s] INFO:colcon.colcon_core.shell:Creating environment hook '/ros2_ws/install/tracking_sub/share/tracking_sub/hook/ament_prefix_path.ps1'
[0.392s] INFO:colcon.colcon_core.shell:Creating environment descriptor '/ros2_ws/install/tracking_sub/share/tracking_sub/hook/ament_prefix_path.dsv'
[0.393s] INFO:colcon.colcon_core.shell:Creating environment hook '/ros2_ws/install/tracking_sub/share/tracking_sub/hook/ament_prefix_path.sh'
[0.394s] INFO:colcon.colcon_core.shell:Skip shell extension 'powershell' for command environment: Not usable outside of PowerShell
[0.395s] DEBUG:colcon.colcon_core.shell:Skip shell extension 'dsv' for command environment
[0.611s] INFO:colcon.colcon_core.task.python.build:Building Python package in '/ros2_ws/src/car_camera'
[0.612s] INFO:colcon.colcon_core.shell:Skip shell extension 'powershell' for command environment: Not usable outside of PowerShell
[0.612s] DEBUG:colcon.colcon_core.shell:Skip shell extension 'dsv' for command environment
[0.831s] INFO:colcon.colcon_core.task.python.build:Building Python package in '/ros2_ws/src/cv_basics'
[0.833s] INFO:colcon.colcon_core.shell:Skip shell extension 'powershell' for command environment: Not usable outside of PowerShell
[0.833s] DEBUG:colcon.colcon_core.shell:Skip shell extension 'dsv' for command environment
[0.844s] DEBUG:colcon.colcon_core.event_handler.log_command:Invoking command in '/ros2_ws/build/interfaces': CMAKE_PREFIX_PATH=${CMAKE_PREFIX_PATH}:/ros2_ws/install/tracking_sub:/ros2_ws/install/cv_basics:/ros2_ws/install/car_camera:/opt/ros/humble /usr/bin/cmake --build /ros2_ws/build/interfaces -- -j12 -l12
[1.058s] INFO:colcon.colcon_core.task.python.build:Building Python package in '/ros2_ws/src/tracking_sub'
[1.060s] INFO:colcon.colcon_core.shell:Skip shell extension 'powershell' for command environment: Not usable outside of PowerShell
[1.060s] DEBUG:colcon.colcon_core.shell:Skip shell extension 'dsv' for command environment
[1.149s] DEBUG:colcon.colcon_core.event_handler.log_command:Invoked command in '/ros2_ws/build/interfaces' returned '0': CMAKE_PREFIX_PATH=${CMAKE_PREFIX_PATH}:/ros2_ws/install/tracking_sub:/ros2_ws/install/cv_basics:/ros2_ws/install/car_camera:/opt/ros/humble /usr/bin/cmake --build /ros2_ws/build/interfaces -- -j12 -l12
[1.194s] DEBUG:colcon.colcon_core.event_handler.log_command:Invoking command in '/ros2_ws/build/interfaces': CMAKE_PREFIX_PATH=${CMAKE_PREFIX_PATH}:/ros2_ws/install/tracking_sub:/ros2_ws/install/cv_basics:/ros2_ws/install/car_camera:/opt/ros/humble /usr/bin/cmake --install /ros2_ws/build/interfaces
[1.254s] Level 1:colcon.colcon_core.environment:create_environment_scripts_only(interfaces)
[1.255s] DEBUG:colcon.colcon_core.event_handler.log_command:Invoked command in '/ros2_ws/build/interfaces' returned '0': CMAKE_PREFIX_PATH=${CMAKE_PREFIX_PATH}:/ros2_ws/install/tracking_sub:/ros2_ws/install/cv_basics:/ros2_ws/install/car_camera:/opt/ros/humble /usr/bin/cmake --install /ros2_ws/build/interfaces
[1.259s] Level 1:colcon.colcon_core.environment:checking '/ros2_ws/install/interfaces' for CMake module files
[1.259s] Level 1:colcon.colcon_core.environment:checking '/ros2_ws/install/interfaces' for CMake config files
[1.260s] Level 1:colcon.colcon_core.shell:create_environment_hook('interfaces', 'cmake_prefix_path')
[1.261s] INFO:colcon.colcon_core.shell:Creating environment hook '/ros2_ws/install/interfaces/share/interfaces/hook/cmake_prefix_path.ps1'
[1.262s] INFO:colcon.colcon_core.shell:Creating environment descriptor '/ros2_ws/install/interfaces/share/interfaces/hook/cmake_prefix_path.dsv'
[1.262s] INFO:colcon.colcon_core.shell:Creating environment hook '/ros2_ws/install/interfaces/share/interfaces/hook/cmake_prefix_path.sh'
[1.263s] Level 1:colcon.colcon_core.environment:checking '/ros2_ws/install/interfaces/lib'
[1.264s] Level 1:colcon.colcon_core.shell:create_environment_hook('interfaces', 'ld_library_path_lib')
[1.265s] INFO:colcon.colcon_core.shell:Creating environment hook '/ros2_ws/install/interfaces/share/interfaces/hook/ld_library_path_lib.ps1'
[1.266s] INFO:colcon.colcon_core.shell:Creating environment descriptor '/ros2_ws/install/interfaces/share/interfaces/hook/ld_library_path_lib.dsv'
[1.267s] INFO:colcon.colcon_core.shell:Creating environment hook '/ros2_ws/install/interfaces/share/interfaces/hook/ld_library_path_lib.sh'
[1.268s] Level 1:colcon.colcon_core.environment:checking '/ros2_ws/install/interfaces/bin'
[1.268s] Level 1:colcon.colcon_core.environment:checking '/ros2_ws/install/interfaces/lib/pkgconfig/interfaces.pc'
[1.269s] Level 1:colcon.colcon_core.environment:checking '/ros2_ws/install/interfaces/lib/python3.10/site-packages'
[1.269s] Level 1:colcon.colcon_core.environment:checking '/ros2_ws/install/interfaces/bin'
[1.271s] INFO:colcon.colcon_core.shell:Creating package script '/ros2_ws/install/interfaces/share/interfaces/package.ps1'
[1.272s] INFO:colcon.colcon_core.shell:Creating package descriptor '/ros2_ws/install/interfaces/share/interfaces/package.dsv'
[1.273s] INFO:colcon.colcon_core.shell:Creating package script '/ros2_ws/install/interfaces/share/interfaces/package.sh'
[1.273s] INFO:colcon.colcon_core.shell:Creating package script '/ros2_ws/install/interfaces/share/interfaces/package.bash'
[1.274s] INFO:colcon.colcon_core.shell:Creating package script '/ros2_ws/install/interfaces/share/interfaces/package.zsh'
[1.275s] Level 1:colcon.colcon_core.environment:create_file_with_runtime_dependencies(/ros2_ws/install/interfaces/share/colcon-core/packages/interfaces)
[1.311s] Level 1:colcon.colcon_core.environment:create_environment_scripts_only(interfaces)
[1.313s] Level 1:colcon.colcon_core.environment:checking '/ros2_ws/install/interfaces' for CMake module files
[1.313s] Level 1:colcon.colcon_core.environment:checking '/ros2_ws/install/interfaces' for CMake config files
[1.314s] Level 1:colcon.colcon_core.shell:create_environment_hook('interfaces', 'cmake_prefix_path')
[1.315s] INFO:colcon.colcon_core.shell:Creating environment hook '/ros2_ws/install/interfaces/share/interfaces/hook/cmake_prefix_path.ps1'
[1.316s] INFO:colcon.colcon_core.shell:Creating environment descriptor '/ros2_ws/install/interfaces/share/interfaces/hook/cmake_prefix_path.dsv'
[1.323s] INFO:colcon.colcon_core.shell:Creating environment hook '/ros2_ws/install/interfaces/share/interfaces/hook/cmake_prefix_path.sh'
[1.324s] Level 1:colcon.colcon_core.environment:checking '/ros2_ws/install/interfaces/lib'
[1.324s] Level 1:colcon.colcon_core.shell:create_environment_hook('interfaces', 'ld_library_path_lib')
[1.325s] INFO:colcon.colcon_core.shell:Creating environment hook '/ros2_ws/install/interfaces/share/interfaces/hook/ld_library_path_lib.ps1'
[1.326s] INFO:colcon.colcon_core.shell:Creating environment descriptor '/ros2_ws/install/interfaces/share/interfaces/hook/ld_library_path_lib.dsv'
[1.327s] INFO:colcon.colcon_core.shell:Creating environment hook '/ros2_ws/install/interfaces/share/interfaces/hook/ld_library_path_lib.sh'
[1.327s] Level 1:colcon.colcon_core.environment:checking '/ros2_ws/install/interfaces/bin'
[1.327s] Level 1:colcon.colcon_core.environment:checking '/ros2_ws/install/interfaces/lib/pkgconfig/interfaces.pc'
[1.328s] Level 1:colcon.colcon_core.environment:checking '/ros2_ws/install/interfaces/lib/python3.10/site-packages'
[1.328s] Level 1:colcon.colcon_core.environment:checking '/ros2_ws/install/interfaces/bin'
[1.329s] INFO:colcon.colcon_core.shell:Creating package script '/ros2_ws/install/interfaces/share/interfaces/package.ps1'
[1.330s] INFO:colcon.colcon_core.shell:Creating package descriptor '/ros2_ws/install/interfaces/share/interfaces/package.dsv'
[1.331s] INFO:colcon.colcon_core.shell:Creating package script '/ros2_ws/install/interfaces/share/interfaces/package.sh'
[1.331s] INFO:colcon.colcon_core.shell:Creating package script '/ros2_ws/install/interfaces/share/interfaces/package.bash'
[1.332s] INFO:colcon.colcon_core.shell:Creating package script '/ros2_ws/install/interfaces/share/interfaces/package.zsh'
[1.333s] Level 1:colcon.colcon_core.environment:create_file_with_runtime_dependencies(/ros2_ws/install/interfaces/share/colcon-core/packages/interfaces)
[1.355s] DEBUG:colcon.colcon_core.event_handler.log_command:Invoking command in '/ros2_ws/build/cv_basics': PYTHONPATH=/ros2_ws/build/cv_basics/prefix_override:/ros2_ws/install/cv_basics/lib/python3.10/site-packages:${PYTHONPATH} /usr/bin/python3 setup.py develop --editable --build-directory /ros2_ws/build/cv_basics/build --no-deps install_data
[1.357s] DEBUG:colcon.colcon_core.event_handler.log_command:Invoking command in '/ros2_ws/build/car_camera': PYTHONPATH=/ros2_ws/build/car_camera/prefix_override:/ros2_ws/install/car_camera/lib/python3.10/site-packages:${PYTHONPATH} /usr/bin/python3 setup.py develop --editable --build-directory /ros2_ws/build/car_camera/build --no-deps install_data
[1.363s] DEBUG:colcon.colcon_core.event_handler.log_command:Invoking command in '/ros2_ws/build/tracking_sub': PYTHONPATH=/ros2_ws/build/tracking_sub/prefix_override:/ros2_ws/install/tracking_sub/lib/python3.10/site-packages:${PYTHONPATH} /usr/bin/python3 setup.py develop --editable --build-directory /ros2_ws/build/tracking_sub/build --no-deps install_data
[1.719s] Level 1:colcon.colcon_core.shell:create_environment_hook('tracking_sub', 'pythonpath_develop')
[1.721s] INFO:colcon.colcon_core.shell:Creating environment hook '/ros2_ws/build/tracking_sub/share/tracking_sub/hook/pythonpath_develop.ps1'
[1.722s] DEBUG:colcon.colcon_core.event_handler.log_command:Invoked command in '/ros2_ws/build/tracking_sub' returned '0': PYTHONPATH=/ros2_ws/build/tracking_sub/prefix_override:/ros2_ws/install/tracking_sub/lib/python3.10/site-packages:${PYTHONPATH} /usr/bin/python3 setup.py develop --editable --build-directory /ros2_ws/build/tracking_sub/build --no-deps install_data
[1.722s] INFO:colcon.colcon_core.shell:Creating environment descriptor '/ros2_ws/build/tracking_sub/share/tracking_sub/hook/pythonpath_develop.dsv'
[1.726s] INFO:colcon.colcon_core.shell:Creating environment hook '/ros2_ws/build/tracking_sub/share/tracking_sub/hook/pythonpath_develop.sh'
[1.731s] Level 1:colcon.colcon_core.environment:checking '/ros2_ws/install/tracking_sub' for CMake module files
[1.732s] Level 1:colcon.colcon_core.environment:checking '/ros2_ws/install/tracking_sub' for CMake config files
[1.734s] Level 1:colcon.colcon_core.environment:checking '/ros2_ws/install/tracking_sub/lib'
[1.734s] Level 1:colcon.colcon_core.environment:checking '/ros2_ws/install/tracking_sub/bin'
[1.734s] Level 1:colcon.colcon_core.environment:checking '/ros2_ws/install/tracking_sub/lib/pkgconfig/tracking_sub.pc'
[1.735s] Level 1:colcon.colcon_core.environment:checking '/ros2_ws/install/tracking_sub/lib/python3.10/site-packages'
[1.735s] Level 1:colcon.colcon_core.shell:create_environment_hook('tracking_sub', 'pythonpath')
[1.738s] INFO:colcon.colcon_core.shell:Creating environment hook '/ros2_ws/install/tracking_sub/share/tracking_sub/hook/pythonpath.ps1'
[1.739s] INFO:colcon.colcon_core.shell:Creating environment descriptor '/ros2_ws/install/tracking_sub/share/tracking_sub/hook/pythonpath.dsv'
[1.742s] INFO:colcon.colcon_core.shell:Creating environment hook '/ros2_ws/install/tracking_sub/share/tracking_sub/hook/pythonpath.sh'
[1.743s] Level 1:colcon.colcon_core.environment:checking '/ros2_ws/install/tracking_sub/bin'
[1.743s] Level 1:colcon.colcon_core.environment:create_environment_scripts_only(tracking_sub)
[1.747s] INFO:colcon.colcon_core.shell:Creating package script '/ros2_ws/install/tracking_sub/share/tracking_sub/package.ps1'
[1.748s] INFO:colcon.colcon_core.shell:Creating package descriptor '/ros2_ws/install/tracking_sub/share/tracking_sub/package.dsv'
[1.757s] INFO:colcon.colcon_core.shell:Creating package script '/ros2_ws/install/tracking_sub/share/tracking_sub/package.sh'
[1.759s] INFO:colcon.colcon_core.shell:Creating package script '/ros2_ws/install/tracking_sub/share/tracking_sub/package.bash'
[1.760s] INFO:colcon.colcon_core.shell:Creating package script '/ros2_ws/install/tracking_sub/share/tracking_sub/package.zsh'
[1.761s] Level 1:colcon.colcon_core.environment:create_file_with_runtime_dependencies(/ros2_ws/install/tracking_sub/share/colcon-core/packages/tracking_sub)
[1.765s] Level 1:colcon.colcon_core.shell:create_environment_hook('cv_basics', 'pythonpath_develop')
[1.769s] INFO:colcon.colcon_core.shell:Creating environment hook '/ros2_ws/build/cv_basics/share/cv_basics/hook/pythonpath_develop.ps1'
[1.770s] DEBUG:colcon.colcon_core.event_handler.log_command:Invoked command in '/ros2_ws/build/cv_basics' returned '0': PYTHONPATH=/ros2_ws/build/cv_basics/prefix_override:/ros2_ws/install/cv_basics/lib/python3.10/site-packages:${PYTHONPATH} /usr/bin/python3 setup.py develop --editable --build-directory /ros2_ws/build/cv_basics/build --no-deps install_data
[1.777s] INFO:colcon.colcon_core.shell:Creating environment descriptor '/ros2_ws/build/cv_basics/share/cv_basics/hook/pythonpath_develop.dsv'
[1.777s] INFO:colcon.colcon_core.shell:Creating environment hook '/ros2_ws/build/cv_basics/share/cv_basics/hook/pythonpath_develop.sh'
[1.780s] Level 1:colcon.colcon_core.environment:checking '/ros2_ws/install/cv_basics' for CMake module files
[1.780s] Level 1:colcon.colcon_core.environment:checking '/ros2_ws/install/cv_basics' for CMake config files
[1.780s] Level 1:colcon.colcon_core.environment:checking '/ros2_ws/install/cv_basics/lib'
[1.780s] Level 1:colcon.colcon_core.environment:checking '/ros2_ws/install/cv_basics/bin'
[1.781s] Level 1:colcon.colcon_core.environment:checking '/ros2_ws/install/cv_basics/lib/pkgconfig/cv_basics.pc'
[1.781s] Level 1:colcon.colcon_core.environment:checking '/ros2_ws/install/cv_basics/lib/python3.10/site-packages'
[1.781s] Level 1:colcon.colcon_core.shell:create_environment_hook('cv_basics', 'pythonpath')
[1.782s] INFO:colcon.colcon_core.shell:Creating environment hook '/ros2_ws/install/cv_basics/share/cv_basics/hook/pythonpath.ps1'
[1.782s] INFO:colcon.colcon_core.shell:Creating environment descriptor '/ros2_ws/install/cv_basics/share/cv_basics/hook/pythonpath.dsv'
[1.783s] INFO:colcon.colcon_core.shell:Creating environment hook '/ros2_ws/install/cv_basics/share/cv_basics/hook/pythonpath.sh'
[1.786s] Level 1:colcon.colcon_core.environment:checking '/ros2_ws/install/cv_basics/bin'
[1.786s] Level 1:colcon.colcon_core.environment:create_environment_scripts_only(cv_basics)
[1.788s] INFO:colcon.colcon_core.shell:Creating package script '/ros2_ws/install/cv_basics/share/cv_basics/package.ps1'
[1.789s] INFO:colcon.colcon_core.shell:Creating package descriptor '/ros2_ws/install/cv_basics/share/cv_basics/package.dsv'
[1.790s] INFO:colcon.colcon_core.shell:Creating package script '/ros2_ws/install/cv_basics/share/cv_basics/package.sh'
[1.790s] INFO:colcon.colcon_core.shell:Creating package script '/ros2_ws/install/cv_basics/share/cv_basics/package.bash'
[1.791s] INFO:colcon.colcon_core.shell:Creating package script '/ros2_ws/install/cv_basics/share/cv_basics/package.zsh'
[1.792s] Level 1:colcon.colcon_core.environment:create_file_with_runtime_dependencies(/ros2_ws/install/cv_basics/share/colcon-core/packages/cv_basics)
[1.793s] Level 1:colcon.colcon_core.shell:create_environment_hook('car_camera', 'pythonpath_develop')
[1.794s] INFO:colcon.colcon_core.shell:Creating environment hook '/ros2_ws/build/car_camera/share/car_camera/hook/pythonpath_develop.ps1'
[1.795s] DEBUG:colcon.colcon_core.event_handler.log_command:Invoked command in '/ros2_ws/build/car_camera' returned '0': PYTHONPATH=/ros2_ws/build/car_camera/prefix_override:/ros2_ws/install/car_camera/lib/python3.10/site-packages:${PYTHONPATH} /usr/bin/python3 setup.py develop --editable --build-directory /ros2_ws/build/car_camera/build --no-deps install_data
[1.795s] INFO:colcon.colcon_core.shell:Creating environment descriptor '/ros2_ws/build/car_camera/share/car_camera/hook/pythonpath_develop.dsv'
[1.802s] INFO:colcon.colcon_core.shell:Creating environment hook '/ros2_ws/build/car_camera/share/car_camera/hook/pythonpath_develop.sh'
[1.807s] Level 1:colcon.colcon_core.environment:checking '/ros2_ws/install/car_camera' for CMake module files
[1.807s] Level 1:colcon.colcon_core.environment:checking '/ros2_ws/install/car_camera' for CMake config files
[1.807s] Level 1:colcon.colcon_core.environment:checking '/ros2_ws/install/car_camera/lib'
[1.808s] Level 1:colcon.colcon_core.environment:checking '/ros2_ws/install/car_camera/bin'
[1.808s] Level 1:colcon.colcon_core.environment:checking '/ros2_ws/install/car_camera/lib/pkgconfig/car_camera.pc'
[1.808s] Level 1:colcon.colcon_core.environment:checking '/ros2_ws/install/car_camera/lib/python3.10/site-packages'
[1.808s] Level 1:colcon.colcon_core.shell:create_environment_hook('car_camera', 'pythonpath')
[1.809s] INFO:colcon.colcon_core.shell:Creating environment hook '/ros2_ws/install/car_camera/share/car_camera/hook/pythonpath.ps1'
[1.809s] INFO:colcon.colcon_core.shell:Creating environment descriptor '/ros2_ws/install/car_camera/share/car_camera/hook/pythonpath.dsv'
[1.819s] INFO:colcon.colcon_core.shell:Creating environment hook '/ros2_ws/install/car_camera/share/car_camera/hook/pythonpath.sh'
[1.819s] Level 1:colcon.colcon_core.environment:checking '/ros2_ws/install/car_camera/bin'
[1.820s] Level 1:colcon.colcon_core.environment:create_environment_scripts_only(car_camera)
[1.821s] INFO:colcon.colcon_core.shell:Creating package script '/ros2_ws/install/car_camera/share/car_camera/package.ps1'
[1.821s] INFO:colcon.colcon_core.shell:Creating package descriptor '/ros2_ws/install/car_camera/share/car_camera/package.dsv'
[1.822s] INFO:colcon.colcon_core.shell:Creating package script '/ros2_ws/install/car_camera/share/car_camera/package.sh'
[1.823s] INFO:colcon.colcon_core.shell:Creating package script '/ros2_ws/install/car_camera/share/car_camera/package.bash'
[1.824s] INFO:colcon.colcon_core.shell:Creating package script '/ros2_ws/install/car_camera/share/car_camera/package.zsh'
[1.824s] Level 1:colcon.colcon_core.environment:create_file_with_runtime_dependencies(/ros2_ws/install/car_camera/share/colcon-core/packages/car_camera)
[1.824s] DEBUG:colcon.colcon_parallel_executor.executor.parallel:closing loop
[1.825s] DEBUG:colcon.colcon_parallel_executor.executor.parallel:loop closed
[1.825s] DEBUG:colcon.colcon_parallel_executor.executor.parallel:run_until_complete finished with '0'
[1.825s] DEBUG:colcon.colcon_core.event_reactor:joining thread
[1.830s] INFO:colcon.colcon_core.plugin_system:Skipping extension 'colcon_notification.desktop_notification.notify_send': Could not find 'notify-send'
[1.830s] INFO:colcon.colcon_core.plugin_system:Skipping extension 'colcon_notification.desktop_notification.terminal_notifier': Not used on non-Darwin systems
[1.830s] INFO:colcon.colcon_core.plugin_system:Skipping extension 'colcon_notification.desktop_notification.win32': Not used on non-Windows systems
[1.830s] INFO:colcon.colcon_notification.desktop_notification:Sending desktop notification using 'notify2'
[1.832s] DEBUG:colcon.colcon_notification.desktop_notification.notify2:Failed to initialize notify2: org.freedesktop.DBus.Error.Spawn.ExecFailed: /usr/bin/dbus-launch terminated abnormally without any error message
[1.832s] DEBUG:colcon.colcon_core.event_reactor:joined thread
[1.835s] INFO:colcon.colcon_core.shell:Creating prefix script '/ros2_ws/install/local_setup.ps1'
[1.836s] INFO:colcon.colcon_core.shell:Creating prefix util module '/ros2_ws/install/_local_setup_util_ps1.py'
[1.842s] INFO:colcon.colcon_core.shell:Creating prefix chain script '/ros2_ws/install/setup.ps1'
[1.843s] INFO:colcon.colcon_core.shell:Creating prefix script '/ros2_ws/install/local_setup.sh'
[1.844s] INFO:colcon.colcon_core.shell:Creating prefix util module '/ros2_ws/install/_local_setup_util_sh.py'
[1.844s] INFO:colcon.colcon_core.shell:Creating prefix chain script '/ros2_ws/install/setup.sh'
[1.846s] INFO:colcon.colcon_core.shell:Creating prefix script '/ros2_ws/install/local_setup.bash'
[1.848s] INFO:colcon.colcon_core.shell:Creating prefix chain script '/ros2_ws/install/setup.bash'
[1.850s] INFO:colcon.colcon_core.shell:Creating prefix script '/ros2_ws/install/local_setup.zsh'
[1.850s] INFO:colcon.colcon_core.shell:Creating prefix chain script '/ros2_ws/install/setup.zsh'
