[0.096s] Invoking command in '/ros2_ws/build/interfaces': CMAKE_PREFIX_PATH=/ros2_ws/install/tracking_sub:/opt/ros/humble /usr/bin/cmake --build /ros2_ws/build/interfaces -- -j4 -l4
[0.198s] -- Found ament_cmake: 1.3.5 (/opt/ros/humble/share/ament_cmake/cmake)
[0.777s] -- Found rosidl_default_generators: 1.2.0 (/opt/ros/humble/share/rosidl_default_generators/cmake)
[0.784s] -- Using all available rosidl_typesupport_c: rosidl_typesupport_fastrtps_c;rosidl_typesupport_introspection_c
[0.796s] -- Found rosidl_adapter: 3.1.4 (/opt/ros/humble/share/rosidl_adapter/cmake)
[0.915s] -- Using all available rosidl_typesupport_cpp: rosidl_typesupport_fastrtps_cpp;rosidl_typesupport_introspection_cpp
[2.054s] -- Found ament_cmake_ros: 0.10.0 (/opt/ros/humble/share/ament_cmake_ros/cmake)
[2.734s] -- Using all available rosidl_typesupport_c: rosidl_typesupport_fastrtps_c;rosidl_typesupport_introspection_c
[3.592s] -- Using all available rosidl_typesupport_cpp: rosidl_typesupport_fastrtps_cpp;rosidl_typesupport_introspection_cpp
[3.659s] -- Found python_cmake_module: 0.10.0 (/opt/ros/humble/share/python_cmake_module/cmake)
[3.726s] -- Using PYTHON_EXECUTABLE: /usr/bin/python3
[3.727s] -- Using PYTHON_INCLUDE_DIRS: /usr/include/python3.10
[3.727s] -- Using PYTHON_LIBRARIES: /usr/lib/aarch64-linux-gnu/libpython3.10.so
[3.770s] -- Found ament_lint_auto: 0.12.6 (/opt/ros/humble/share/ament_lint_auto/cmake)
[3.813s] -- Added test 'copyright' to check source files copyright and LICENSE
[3.822s] -- Added test 'lint_cmake' to check CMake code style
[3.828s] -- Added test 'xmllint' to check XML markup files
[3.836s] -- Configuring done
[3.964s] -- Generating done
[3.977s] -- Build files have been written to: /ros2_ws/build/interfaces
[4.060s] [  3%] [34m[1mGenerating C code for ROS interfaces[0m
[4.092s] [  6%] [34m[1mGenerating C++ code for ROS interfaces[0m
[4.129s] [  6%] Built target ament_cmake_python_copy_interfaces
[5.232s] running egg_info
[5.235s] writing interfaces.egg-info/PKG-INFO
[5.236s] writing dependency_links to interfaces.egg-info/dependency_links.txt
[5.236s] writing top-level names to interfaces.egg-info/top_level.txt
[5.253s] reading manifest file 'interfaces.egg-info/SOURCES.txt'
[5.253s] writing manifest file 'interfaces.egg-info/SOURCES.txt'
[5.391s] [  6%] Built target ament_cmake_python_build_interfaces_egg
[5.648s] [35m[1mConsolidate compiler generated dependencies of target interfaces__rosidl_generator_c[0m
[5.666s] [  6%] Built target interfaces__cpp
[5.684s] [  9%] [32mBuilding C object CMakeFiles/interfaces__rosidl_generator_c.dir/rosidl_generator_c/interfaces/srv/detail/tracking_data__functions.c.o[0m
[5.720s] [ 12%] [34m[1mGenerating C++ type support dispatch for ROS interfaces[0m
[5.722s] [ 19%] [34m[1mGenerating C++ introspection for ROS interfaces[0m
[5.722s] [ 19%] [34m[1mGenerating C++ type support for eProsima Fast-RTPS[0m
[6.042s] [ 22%] [32m[1mLinking C shared library libinterfaces__rosidl_generator_c.so[0m
[6.186s] [ 22%] Built target interfaces__rosidl_generator_c
[6.220s] [ 25%] [34m[1mGenerating C type support for eProsima Fast-RTPS[0m
[6.954s] [35m[1mConsolidate compiler generated dependencies of target interfaces__rosidl_typesupport_cpp[0m
[7.007s] [ 29%] [32mBuilding CXX object CMakeFiles/interfaces__rosidl_typesupport_cpp.dir/rosidl_typesupport_cpp/interfaces/srv/tracking_data__type_support.cpp.o[0m
[7.108s] [35m[1mConsolidate compiler generated dependencies of target interfaces__rosidl_typesupport_introspection_cpp[0m
[7.157s] [ 32%] [32mBuilding CXX object CMakeFiles/interfaces__rosidl_typesupport_introspection_cpp.dir/rosidl_typesupport_introspection_cpp/interfaces/srv/detail/tracking_data__type_support.cpp.o[0m
[7.231s] [35m[1mConsolidate compiler generated dependencies of target interfaces__rosidl_typesupport_fastrtps_cpp[0m
[7.281s] [ 35%] [32mBuilding CXX object CMakeFiles/interfaces__rosidl_typesupport_fastrtps_cpp.dir/rosidl_typesupport_fastrtps_cpp/interfaces/srv/detail/dds_fastrtps/tracking_data__type_support.cpp.o[0m
[7.707s] [35m[1mConsolidate compiler generated dependencies of target interfaces__rosidl_typesupport_fastrtps_c[0m
[7.757s] [ 38%] [32mBuilding CXX object CMakeFiles/interfaces__rosidl_typesupport_fastrtps_c.dir/rosidl_typesupport_fastrtps_c/interfaces/srv/detail/tracking_data__type_support_c.cpp.o[0m
[8.305s] [ 41%] [32m[1mLinking CXX shared library libinterfaces__rosidl_typesupport_cpp.so[0m
[8.451s] [ 41%] Built target interfaces__rosidl_typesupport_cpp
[8.547s] [ 45%] [34m[1mGenerating C introspection for ROS interfaces[0m
[9.352s] [ 48%] [32m[1mLinking CXX shared library libinterfaces__rosidl_typesupport_introspection_cpp.so[0m
[9.656s] [ 48%] Built target interfaces__rosidl_typesupport_introspection_cpp
[9.675s] [ 51%] [32m[1mLinking CXX shared library libinterfaces__rosidl_typesupport_fastrtps_c.so[0m
[9.690s] [ 54%] [34m[1mGenerating C type support dispatch for ROS interfaces[0m
[9.806s] [ 58%] [32m[1mLinking CXX shared library libinterfaces__rosidl_typesupport_fastrtps_cpp.so[0m
[9.976s] [ 58%] Built target interfaces__rosidl_typesupport_fastrtps_c
[10.097s] [ 58%] Built target interfaces__rosidl_typesupport_fastrtps_cpp
[10.165s] [35m[1mConsolidate compiler generated dependencies of target interfaces__rosidl_typesupport_introspection_c[0m
[10.200s] [ 61%] [32mBuilding C object CMakeFiles/interfaces__rosidl_typesupport_introspection_c.dir/rosidl_typesupport_introspection_c/interfaces/srv/detail/tracking_data__type_support.c.o[0m
[10.368s] [ 64%] [32m[1mLinking C shared library libinterfaces__rosidl_typesupport_introspection_c.so[0m
[10.463s] [ 64%] Built target interfaces__rosidl_typesupport_introspection_c
[10.870s] [35m[1mConsolidate compiler generated dependencies of target interfaces__rosidl_typesupport_c[0m
[10.903s] [ 67%] [32mBuilding CXX object CMakeFiles/interfaces__rosidl_typesupport_c.dir/rosidl_typesupport_c/interfaces/srv/tracking_data__type_support.cpp.o[0m
[11.017s] [ 70%] [32m[1mLinking CXX shared library libinterfaces__rosidl_typesupport_c.so[0m
[11.141s] [ 70%] Built target interfaces__rosidl_typesupport_c
[11.199s] [ 70%] Built target interfaces
[11.260s] [ 74%] [34m[1mGenerating Python code for ROS interfaces[0m
[13.074s] [ 74%] Built target interfaces__py
[13.104s] [35m[1mConsolidate compiler generated dependencies of target interfaces__rosidl_generator_py[0m
[13.145s] [ 77%] [32mBuilding C object CMakeFiles/interfaces__rosidl_generator_py.dir/rosidl_generator_py/interfaces/srv/_tracking_data_s.c.o[0m
[13.648s] [ 80%] [32m[1mLinking C shared library rosidl_generator_py/interfaces/libinterfaces__rosidl_generator_py.so[0m
[13.778s] [ 80%] Built target interfaces__rosidl_generator_py
[13.811s] [35m[1mConsolidate compiler generated dependencies of target interfaces__rosidl_typesupport_introspection_c__pyext[0m
[13.811s] [35m[1mConsolidate compiler generated dependencies of target interfaces__rosidl_typesupport_fastrtps_c__pyext[0m
[13.812s] [35m[1mConsolidate compiler generated dependencies of target interfaces__rosidl_typesupport_c__pyext[0m
[13.854s] [ 87%] [32mBuilding C object CMakeFiles/interfaces__rosidl_typesupport_c__pyext.dir/rosidl_generator_py/interfaces/_interfaces_s.ep.rosidl_typesupport_c.c.o[0m
[13.854s] [ 87%] [32mBuilding C object CMakeFiles/interfaces__rosidl_typesupport_fastrtps_c__pyext.dir/rosidl_generator_py/interfaces/_interfaces_s.ep.rosidl_typesupport_fastrtps_c.c.o[0m
[13.865s] [ 90%] [32mBuilding C object CMakeFiles/interfaces__rosidl_typesupport_introspection_c__pyext.dir/rosidl_generator_py/interfaces/_interfaces_s.ep.rosidl_typesupport_introspection_c.c.o[0m
[14.269s] [ 93%] [32m[1mLinking C shared library rosidl_generator_py/interfaces/interfaces_s__rosidl_typesupport_c.cpython-310-aarch64-linux-gnu.so[0m
[14.289s] [ 96%] [32m[1mLinking C shared library rosidl_generator_py/interfaces/interfaces_s__rosidl_typesupport_fastrtps_c.cpython-310-aarch64-linux-gnu.so[0m
[14.293s] [100%] [32m[1mLinking C shared library rosidl_generator_py/interfaces/interfaces_s__rosidl_typesupport_introspection_c.cpython-310-aarch64-linux-gnu.so[0m
[14.393s] [100%] Built target interfaces__rosidl_typesupport_c__pyext
[14.413s] [100%] Built target interfaces__rosidl_typesupport_introspection_c__pyext
[14.413s] [100%] Built target interfaces__rosidl_typesupport_fastrtps_c__pyext
[14.449s] Invoked command in '/ros2_ws/build/interfaces' returned '0': CMAKE_PREFIX_PATH=/ros2_ws/install/tracking_sub:/opt/ros/humble /usr/bin/cmake --build /ros2_ws/build/interfaces -- -j4 -l4
[14.633s] Invoking command in '/ros2_ws/build/interfaces': CMAKE_PREFIX_PATH=/ros2_ws/install/tracking_sub:/opt/ros/humble /usr/bin/cmake --install /ros2_ws/build/interfaces
[14.657s] -- Install configuration: ""
[14.658s] -- Up-to-date: /ros2_ws/install/interfaces/share/ament_index/resource_index/rosidl_interfaces/interfaces
[14.658s] -- Up-to-date: /ros2_ws/install/interfaces/include/interfaces/interfaces
[14.658s] -- Up-to-date: /ros2_ws/install/interfaces/include/interfaces/interfaces/srv
[14.659s] -- Installing: /ros2_ws/install/interfaces/include/interfaces/interfaces/srv/tracking_data.h
[14.659s] -- Up-to-date: /ros2_ws/install/interfaces/include/interfaces/interfaces/srv/detail
[14.660s] -- Installing: /ros2_ws/install/interfaces/include/interfaces/interfaces/srv/detail/tracking_data__struct.h
[14.660s] -- Installing: /ros2_ws/install/interfaces/include/interfaces/interfaces/srv/detail/tracking_data__type_support.h
[14.661s] -- Installing: /ros2_ws/install/interfaces/include/interfaces/interfaces/srv/detail/tracking_data__functions.c
[14.661s] -- Installing: /ros2_ws/install/interfaces/include/interfaces/interfaces/srv/detail/tracking_data__functions.h
[14.662s] -- Up-to-date: /ros2_ws/install/interfaces/include/interfaces/interfaces/msg
[14.662s] -- Up-to-date: /ros2_ws/install/interfaces/include/interfaces/interfaces/msg/rosidl_generator_c__visibility_control.h
[14.663s] -- Up-to-date: /ros2_ws/install/interfaces/share/interfaces/environment/library_path.sh
[14.663s] -- Installing: /ros2_ws/install/interfaces/share/interfaces/environment/library_path.dsv
[14.663s] -- Installing: /ros2_ws/install/interfaces/lib/libinterfaces__rosidl_generator_c.so
[14.664s] -- Set runtime path of "/ros2_ws/install/interfaces/lib/libinterfaces__rosidl_generator_c.so" to ""
[14.665s] -- Up-to-date: /ros2_ws/install/interfaces/include/interfaces/interfaces
[14.665s] -- Up-to-date: /ros2_ws/install/interfaces/include/interfaces/interfaces/srv
[14.665s] -- Up-to-date: /ros2_ws/install/interfaces/include/interfaces/interfaces/srv/detail
[14.666s] -- Installing: /ros2_ws/install/interfaces/include/interfaces/interfaces/srv/detail/tracking_data__rosidl_typesupport_fastrtps_c.h
[14.666s] -- Up-to-date: /ros2_ws/install/interfaces/include/interfaces/interfaces/msg
[14.667s] -- Up-to-date: /ros2_ws/install/interfaces/include/interfaces/interfaces/msg/rosidl_typesupport_fastrtps_c__visibility_control.h
[14.667s] -- Installing: /ros2_ws/install/interfaces/lib/libinterfaces__rosidl_typesupport_fastrtps_c.so
[14.668s] -- Set runtime path of "/ros2_ws/install/interfaces/lib/libinterfaces__rosidl_typesupport_fastrtps_c.so" to ""
[14.668s] -- Up-to-date: /ros2_ws/install/interfaces/include/interfaces/interfaces
[14.669s] -- Up-to-date: /ros2_ws/install/interfaces/include/interfaces/interfaces/srv
[14.669s] -- Up-to-date: /ros2_ws/install/interfaces/include/interfaces/interfaces/srv/detail
[14.670s] -- Installing: /ros2_ws/install/interfaces/include/interfaces/interfaces/srv/detail/tracking_data__rosidl_typesupport_introspection_c.h
[14.670s] -- Installing: /ros2_ws/install/interfaces/include/interfaces/interfaces/srv/detail/tracking_data__type_support.c
[14.671s] -- Up-to-date: /ros2_ws/install/interfaces/include/interfaces/interfaces/msg
[14.671s] -- Up-to-date: /ros2_ws/install/interfaces/include/interfaces/interfaces/msg/rosidl_typesupport_introspection_c__visibility_control.h
[14.671s] -- Installing: /ros2_ws/install/interfaces/lib/libinterfaces__rosidl_typesupport_introspection_c.so
[14.672s] -- Set runtime path of "/ros2_ws/install/interfaces/lib/libinterfaces__rosidl_typesupport_introspection_c.so" to ""
[14.672s] -- Installing: /ros2_ws/install/interfaces/lib/libinterfaces__rosidl_typesupport_c.so
[14.674s] -- Set runtime path of "/ros2_ws/install/interfaces/lib/libinterfaces__rosidl_typesupport_c.so" to ""
[14.674s] -- Up-to-date: /ros2_ws/install/interfaces/include/interfaces/interfaces
[14.675s] -- Up-to-date: /ros2_ws/install/interfaces/include/interfaces/interfaces/srv
[14.675s] -- Installing: /ros2_ws/install/interfaces/include/interfaces/interfaces/srv/tracking_data.hpp
[14.675s] -- Up-to-date: /ros2_ws/install/interfaces/include/interfaces/interfaces/srv/detail
[14.676s] -- Installing: /ros2_ws/install/interfaces/include/interfaces/interfaces/srv/detail/tracking_data__struct.hpp
[14.676s] -- Installing: /ros2_ws/install/interfaces/include/interfaces/interfaces/srv/detail/tracking_data__traits.hpp
[14.677s] -- Installing: /ros2_ws/install/interfaces/include/interfaces/interfaces/srv/detail/tracking_data__builder.hpp
[14.677s] -- Up-to-date: /ros2_ws/install/interfaces/include/interfaces/interfaces
[14.678s] -- Up-to-date: /ros2_ws/install/interfaces/include/interfaces/interfaces/srv
[14.678s] -- Up-to-date: /ros2_ws/install/interfaces/include/interfaces/interfaces/srv/detail
[14.678s] -- Installing: /ros2_ws/install/interfaces/include/interfaces/interfaces/srv/detail/tracking_data__rosidl_typesupport_fastrtps_cpp.hpp
[14.679s] -- Up-to-date: /ros2_ws/install/interfaces/include/interfaces/interfaces/srv/detail/dds_fastrtps
[14.679s] -- Up-to-date: /ros2_ws/install/interfaces/include/interfaces/interfaces/msg
[14.679s] -- Up-to-date: /ros2_ws/install/interfaces/include/interfaces/interfaces/msg/rosidl_typesupport_fastrtps_cpp__visibility_control.h
[14.680s] -- Installing: /ros2_ws/install/interfaces/lib/libinterfaces__rosidl_typesupport_fastrtps_cpp.so
[14.680s] -- Set runtime path of "/ros2_ws/install/interfaces/lib/libinterfaces__rosidl_typesupport_fastrtps_cpp.so" to ""
[14.681s] -- Up-to-date: /ros2_ws/install/interfaces/include/interfaces/interfaces
[14.681s] -- Up-to-date: /ros2_ws/install/interfaces/include/interfaces/interfaces/srv
[14.682s] -- Up-to-date: /ros2_ws/install/interfaces/include/interfaces/interfaces/srv/detail
[14.682s] -- Installing: /ros2_ws/install/interfaces/include/interfaces/interfaces/srv/detail/tracking_data__rosidl_typesupport_introspection_cpp.hpp
[14.682s] -- Installing: /ros2_ws/install/interfaces/include/interfaces/interfaces/srv/detail/tracking_data__type_support.cpp
[14.683s] -- Installing: /ros2_ws/install/interfaces/lib/libinterfaces__rosidl_typesupport_introspection_cpp.so
[14.684s] -- Set runtime path of "/ros2_ws/install/interfaces/lib/libinterfaces__rosidl_typesupport_introspection_cpp.so" to ""
[14.685s] -- Installing: /ros2_ws/install/interfaces/lib/libinterfaces__rosidl_typesupport_cpp.so
[14.686s] -- Set runtime path of "/ros2_ws/install/interfaces/lib/libinterfaces__rosidl_typesupport_cpp.so" to ""
[14.687s] -- Up-to-date: /ros2_ws/install/interfaces/share/interfaces/environment/pythonpath.sh
[14.687s] -- Installing: /ros2_ws/install/interfaces/share/interfaces/environment/pythonpath.dsv
[14.687s] -- Up-to-date: /ros2_ws/install/interfaces/local/lib/python3.10/dist-packages/interfaces-0.0.0-py3.10.egg-info
[14.688s] -- Installing: /ros2_ws/install/interfaces/local/lib/python3.10/dist-packages/interfaces-0.0.0-py3.10.egg-info/SOURCES.txt
[14.688s] -- Installing: /ros2_ws/install/interfaces/local/lib/python3.10/dist-packages/interfaces-0.0.0-py3.10.egg-info/dependency_links.txt
[14.688s] -- Installing: /ros2_ws/install/interfaces/local/lib/python3.10/dist-packages/interfaces-0.0.0-py3.10.egg-info/top_level.txt
[14.689s] -- Installing: /ros2_ws/install/interfaces/local/lib/python3.10/dist-packages/interfaces-0.0.0-py3.10.egg-info/PKG-INFO
[14.689s] -- Up-to-date: /ros2_ws/install/interfaces/local/lib/python3.10/dist-packages/interfaces
[14.690s] -- Up-to-date: /ros2_ws/install/interfaces/local/lib/python3.10/dist-packages/interfaces/srv
[14.690s] -- Installing: /ros2_ws/install/interfaces/local/lib/python3.10/dist-packages/interfaces/srv/__init__.py
[14.691s] -- Installing: /ros2_ws/install/interfaces/local/lib/python3.10/dist-packages/interfaces/srv/_tracking_data.py
[14.691s] -- Installing: /ros2_ws/install/interfaces/local/lib/python3.10/dist-packages/interfaces/srv/_tracking_data_s.c
[14.692s] -- Installing: /ros2_ws/install/interfaces/local/lib/python3.10/dist-packages/interfaces/__init__.py
[14.692s] -- Installing: /ros2_ws/install/interfaces/local/lib/python3.10/dist-packages/interfaces/libinterfaces__rosidl_generator_py.so
[14.692s] -- Installing: /ros2_ws/install/interfaces/local/lib/python3.10/dist-packages/interfaces/interfaces_s__rosidl_typesupport_introspection_c.cpython-310-aarch64-linux-gnu.so
[14.693s] -- Installing: /ros2_ws/install/interfaces/local/lib/python3.10/dist-packages/interfaces/_interfaces_s.ep.rosidl_typesupport_introspection_c.c
[14.694s] -- Installing: /ros2_ws/install/interfaces/local/lib/python3.10/dist-packages/interfaces/_interfaces_s.ep.rosidl_typesupport_c.c
[14.694s] -- Installing: /ros2_ws/install/interfaces/local/lib/python3.10/dist-packages/interfaces/_interfaces_s.ep.rosidl_typesupport_fastrtps_c.c
[14.695s] -- Installing: /ros2_ws/install/interfaces/local/lib/python3.10/dist-packages/interfaces/interfaces_s__rosidl_typesupport_c.cpython-310-aarch64-linux-gnu.so
[14.695s] -- Installing: /ros2_ws/install/interfaces/local/lib/python3.10/dist-packages/interfaces/interfaces_s__rosidl_typesupport_fastrtps_c.cpython-310-aarch64-linux-gnu.so
[14.838s] Listing '/ros2_ws/install/interfaces/local/lib/python3.10/dist-packages/interfaces'...
[14.838s] Compiling '/ros2_ws/install/interfaces/local/lib/python3.10/dist-packages/interfaces/__init__.py'...
[14.839s] Listing '/ros2_ws/install/interfaces/local/lib/python3.10/dist-packages/interfaces/srv'...
[14.839s] Compiling '/ros2_ws/install/interfaces/local/lib/python3.10/dist-packages/interfaces/srv/__init__.py'...
[14.840s] Compiling '/ros2_ws/install/interfaces/local/lib/python3.10/dist-packages/interfaces/srv/_tracking_data.py'...
[14.864s] -- Installing: /ros2_ws/install/interfaces/local/lib/python3.10/dist-packages/interfaces/interfaces_s__rosidl_typesupport_fastrtps_c.cpython-310-aarch64-linux-gnu.so
[14.865s] -- Set runtime path of "/ros2_ws/install/interfaces/local/lib/python3.10/dist-packages/interfaces/interfaces_s__rosidl_typesupport_fastrtps_c.cpython-310-aarch64-linux-gnu.so" to ""
[14.866s] -- Installing: /ros2_ws/install/interfaces/local/lib/python3.10/dist-packages/interfaces/interfaces_s__rosidl_typesupport_introspection_c.cpython-310-aarch64-linux-gnu.so
[14.868s] -- Set runtime path of "/ros2_ws/install/interfaces/local/lib/python3.10/dist-packages/interfaces/interfaces_s__rosidl_typesupport_introspection_c.cpython-310-aarch64-linux-gnu.so" to ""
[14.869s] -- Installing: /ros2_ws/install/interfaces/local/lib/python3.10/dist-packages/interfaces/interfaces_s__rosidl_typesupport_c.cpython-310-aarch64-linux-gnu.so
[14.870s] -- Set runtime path of "/ros2_ws/install/interfaces/local/lib/python3.10/dist-packages/interfaces/interfaces_s__rosidl_typesupport_c.cpython-310-aarch64-linux-gnu.so" to ""
[14.870s] -- Installing: /ros2_ws/install/interfaces/lib/libinterfaces__rosidl_generator_py.so
[14.872s] -- Set runtime path of "/ros2_ws/install/interfaces/lib/libinterfaces__rosidl_generator_py.so" to ""
[14.872s] -- Installing: /ros2_ws/install/interfaces/share/interfaces/srv/TrackingData.idl
[14.873s] -- Installing: /ros2_ws/install/interfaces/share/interfaces/srv/TrackingData.srv
[14.873s] -- Installing: /ros2_ws/install/interfaces/share/interfaces/srv/TrackingData_Request.msg
[14.874s] -- Up-to-date: /ros2_ws/install/interfaces/share/interfaces/srv/TrackingData_Response.msg
[14.874s] -- Up-to-date: /ros2_ws/install/interfaces/share/ament_index/resource_index/package_run_dependencies/interfaces
[14.875s] -- Up-to-date: /ros2_ws/install/interfaces/share/ament_index/resource_index/parent_prefix_path/interfaces
[14.875s] -- Up-to-date: /ros2_ws/install/interfaces/share/interfaces/environment/ament_prefix_path.sh
[14.876s] -- Installing: /ros2_ws/install/interfaces/share/interfaces/environment/ament_prefix_path.dsv
[14.876s] -- Up-to-date: /ros2_ws/install/interfaces/share/interfaces/environment/path.sh
[14.877s] -- Installing: /ros2_ws/install/interfaces/share/interfaces/environment/path.dsv
[14.877s] -- Up-to-date: /ros2_ws/install/interfaces/share/interfaces/local_setup.bash
[14.878s] -- Up-to-date: /ros2_ws/install/interfaces/share/interfaces/local_setup.sh
[14.878s] -- Up-to-date: /ros2_ws/install/interfaces/share/interfaces/local_setup.zsh
[14.879s] -- Installing: /ros2_ws/install/interfaces/share/interfaces/local_setup.dsv
[14.879s] -- Installing: /ros2_ws/install/interfaces/share/interfaces/package.dsv
[14.879s] -- Up-to-date: /ros2_ws/install/interfaces/share/ament_index/resource_index/packages/interfaces
[14.880s] -- Up-to-date: /ros2_ws/install/interfaces/share/interfaces/cmake/export_interfaces__rosidl_generator_cExport.cmake
[14.880s] -- Up-to-date: /ros2_ws/install/interfaces/share/interfaces/cmake/export_interfaces__rosidl_generator_cExport-noconfig.cmake
[14.881s] -- Up-to-date: /ros2_ws/install/interfaces/share/interfaces/cmake/export_interfaces__rosidl_typesupport_fastrtps_cExport.cmake
[14.881s] -- Up-to-date: /ros2_ws/install/interfaces/share/interfaces/cmake/export_interfaces__rosidl_typesupport_fastrtps_cExport-noconfig.cmake
[14.881s] -- Up-to-date: /ros2_ws/install/interfaces/share/interfaces/cmake/interfaces__rosidl_typesupport_introspection_cExport.cmake
[14.882s] -- Up-to-date: /ros2_ws/install/interfaces/share/interfaces/cmake/interfaces__rosidl_typesupport_introspection_cExport-noconfig.cmake
[14.882s] -- Up-to-date: /ros2_ws/install/interfaces/share/interfaces/cmake/interfaces__rosidl_typesupport_cExport.cmake
[14.883s] -- Up-to-date: /ros2_ws/install/interfaces/share/interfaces/cmake/interfaces__rosidl_typesupport_cExport-noconfig.cmake
[14.883s] -- Up-to-date: /ros2_ws/install/interfaces/share/interfaces/cmake/export_interfaces__rosidl_generator_cppExport.cmake
[14.884s] -- Up-to-date: /ros2_ws/install/interfaces/share/interfaces/cmake/export_interfaces__rosidl_typesupport_fastrtps_cppExport.cmake
[14.884s] -- Up-to-date: /ros2_ws/install/interfaces/share/interfaces/cmake/export_interfaces__rosidl_typesupport_fastrtps_cppExport-noconfig.cmake
[14.884s] -- Up-to-date: /ros2_ws/install/interfaces/share/interfaces/cmake/interfaces__rosidl_typesupport_introspection_cppExport.cmake
[14.885s] -- Up-to-date: /ros2_ws/install/interfaces/share/interfaces/cmake/interfaces__rosidl_typesupport_introspection_cppExport-noconfig.cmake
[14.885s] -- Up-to-date: /ros2_ws/install/interfaces/share/interfaces/cmake/interfaces__rosidl_typesupport_cppExport.cmake
[14.886s] -- Up-to-date: /ros2_ws/install/interfaces/share/interfaces/cmake/interfaces__rosidl_typesupport_cppExport-noconfig.cmake
[14.887s] -- Up-to-date: /ros2_ws/install/interfaces/share/interfaces/cmake/export_interfaces__rosidl_generator_pyExport.cmake
[14.887s] -- Up-to-date: /ros2_ws/install/interfaces/share/interfaces/cmake/export_interfaces__rosidl_generator_pyExport-noconfig.cmake
[14.887s] -- Up-to-date: /ros2_ws/install/interfaces/share/interfaces/cmake/rosidl_cmake-extras.cmake
[14.888s] -- Up-to-date: /ros2_ws/install/interfaces/share/interfaces/cmake/ament_cmake_export_include_directories-extras.cmake
[14.888s] -- Up-to-date: /ros2_ws/install/interfaces/share/interfaces/cmake/ament_cmake_export_libraries-extras.cmake
[14.888s] -- Up-to-date: /ros2_ws/install/interfaces/share/interfaces/cmake/ament_cmake_export_targets-extras.cmake
[14.889s] -- Up-to-date: /ros2_ws/install/interfaces/share/interfaces/cmake/rosidl_cmake_export_typesupport_targets-extras.cmake
[14.889s] -- Up-to-date: /ros2_ws/install/interfaces/share/interfaces/cmake/ament_cmake_export_dependencies-extras.cmake
[14.890s] -- Up-to-date: /ros2_ws/install/interfaces/share/interfaces/cmake/rosidl_cmake_export_typesupport_libraries-extras.cmake
[14.891s] -- Up-to-date: /ros2_ws/install/interfaces/share/interfaces/cmake/interfacesConfig.cmake
[14.897s] -- Up-to-date: /ros2_ws/install/interfaces/share/interfaces/cmake/interfacesConfig-version.cmake
[14.904s] -- Up-to-date: /ros2_ws/install/interfaces/share/interfaces/package.xml
[14.904s] Invoked command in '/ros2_ws/build/interfaces' returned '0': CMAKE_PREFIX_PATH=/ros2_ws/install/tracking_sub:/opt/ros/humble /usr/bin/cmake --install /ros2_ws/build/interfaces
