[1.002s] Invoking command in '/ros2_ws/build/cv_basics': PYTHONPATH=/ros2_ws/build/cv_basics/prefix_override:/ros2_ws/install/cv_basics/lib/python3.10/site-packages:${PYTHONPATH} /usr/bin/python3 setup.py develop --editable --build-directory /ros2_ws/build/cv_basics/build --no-deps install_data
[1.214s] running develop
[1.304s] running egg_info
[1.304s] writing cv_basics.egg-info/PKG-INFO
[1.304s] writing dependency_links to cv_basics.egg-info/dependency_links.txt
[1.305s] writing entry points to cv_basics.egg-info/entry_points.txt
[1.305s] writing requirements to cv_basics.egg-info/requires.txt
[1.306s] writing top-level names to cv_basics.egg-info/top_level.txt
[1.308s] reading manifest file 'cv_basics.egg-info/SOURCES.txt'
[1.309s] writing manifest file 'cv_basics.egg-info/SOURCES.txt'
[1.310s] running build_ext
[1.310s] Creating /ros2_ws/install/cv_basics/lib/python3.10/site-packages/cv-basics.egg-link (link to .)
[1.311s] Installing pub script to /ros2_ws/install/cv_basics/lib/cv_basics
[1.311s] Installing receiver script to /ros2_ws/install/cv_basics/lib/cv_basics
[1.311s] Installing sub script to /ros2_ws/install/cv_basics/lib/cv_basics
[1.311s] Installing webcam script to /ros2_ws/install/cv_basics/lib/cv_basics
[1.312s] 
[1.312s] Installed /ros2_ws/build/cv_basics
[1.312s] running install_data
[1.436s] Invoked command in '/ros2_ws/build/cv_basics' returned '0': PYTHONPATH=/ros2_ws/build/cv_basics/prefix_override:/ros2_ws/install/cv_basics/lib/python3.10/site-packages:${PYTHONPATH} /usr/bin/python3 setup.py develop --editable --build-directory /ros2_ws/build/cv_basics/build --no-deps install_data
