[0.100s] Invoking command in '/ros2_ws/build/interfaces': CMAKE_PREFIX_PATH=/ros2_ws/install/tracking_sub:/opt/ros/humble /usr/bin/cmake /ros2_ws/src/interfaces -DCMAKE_INSTALL_PREFIX=/ros2_ws/install/interfaces
[0.526s] -- The C compiler identification is GNU 11.3.0
[0.756s] -- The CXX compiler identification is GNU 11.3.0
[0.793s] -- Detecting C compiler ABI info
[1.061s] -- Detecting C compiler ABI info - done
[1.098s] -- Check for working C compiler: /usr/bin/cc - skipped
[1.102s] -- Detecting C compile features
[1.105s] -- Detecting C compile features - done
[1.120s] -- Detecting CXX compiler ABI info
[1.411s] -- Detecting CXX compiler ABI info - done
[1.449s] -- Check for working CXX compiler: /usr/bin/c++ - skipped
[1.450s] -- Detecting CXX compile features
[1.452s] -- Detecting CXX compile features - done
[1.495s] -- Found ament_cmake: 1.3.5 (/opt/ros/humble/share/ament_cmake/cmake)
[2.163s] -- Found Python3: /usr/bin/python3.10 (found version "3.10.6") found components: Interpreter 
[2.664s] -- Found rosidl_default_generators: 1.2.0 (/opt/ros/humble/share/rosidl_default_generators/cmake)
[2.690s] -- Using all available rosidl_typesupport_c: rosidl_typesupport_fastrtps_c;rosidl_typesupport_introspection_c
[2.729s] -- Found rosidl_adapter: 3.1.4 (/opt/ros/humble/share/rosidl_adapter/cmake)
[2.960s] -- Using all available rosidl_typesupport_cpp: rosidl_typesupport_fastrtps_cpp;rosidl_typesupport_introspection_cpp
[3.690s] [31mCMake Error at /opt/ros/humble/share/rosidl_adapter/cmake/rosidl_adapt_interfaces.cmake:59 (message):
[3.691s]   execute_process(/usr/bin/python3.10 -m rosidl_adapter --package-name
[3.691s]   interfaces --arguments-file
[3.692s]   /ros2_ws/build/interfaces/rosidl_adapter__arguments__interfaces.json
[3.692s]   --output-dir /ros2_ws/build/interfaces/rosidl_adapter/interfaces
[3.692s]   --output-file /ros2_ws/build/interfaces/rosidl_adapter/interfaces.idls)
[3.693s]   returned error code 1:
[3.693s] 
[3.694s]   Error processing 'float32 speedX' of 'interfaces/TrackingData_Response':
[3.694s]   ''speedX' is an invalid field name.  It should have the pattern
[3.694s]   '^(?!.*__)(?!.*_$)[a-z][a-z0-9_]*$''
[3.695s] 
[3.695s]   Traceback (most recent call last):
[3.695s] 
[3.696s]     File "/usr/lib/python3.10/runpy.py", line 196, in _run_module_as_main
[3.696s]       return _run_code(code, main_globals, None,
[3.697s]     File "/usr/lib/python3.10/runpy.py", line 86, in _run_code
[3.698s]       exec(code, run_globals)
[3.699s]     File "/opt/ros/humble/local/lib/python3.10/dist-packages/rosidl_adapter/__main__.py", line 19, in <module>
[3.699s]       sys.exit(main())
[3.699s]     File "/opt/ros/humble/local/lib/python3.10/dist-packages/rosidl_adapter/main.py", line 53, in main
[3.700s]       abs_idl_file = convert_to_idl(
[3.700s]     File "/opt/ros/humble/local/lib/python3.10/dist-packages/rosidl_adapter/__init__.py", line 24, in convert_to_idl
[3.702s]       return convert_srv_to_idl(
[3.702s]     File "/opt/ros/humble/local/lib/python3.10/dist-packages/rosidl_adapter/srv/__init__.py", line 28, in convert_srv_to_idl
[3.703s]       srv = parse_service_string(package_name, input_file.stem, content)
[3.703s]     File "/opt/ros/humble/local/lib/python3.10/dist-packages/rosidl_adapter/parser.py", line 863, in parse_service_string
[3.704s]       response_message = parse_message_string(
[3.704s]     File "/opt/ros/humble/local/lib/python3.10/dist-packages/rosidl_adapter/parser.py", line 519, in parse_message_string
[3.704s]       fields.append(Field(
[3.705s]     File "/opt/ros/humble/local/lib/python3.10/dist-packages/rosidl_adapter/parser.py", line 354, in __init__
[3.705s]       raise NameError(
[3.706s] 
[3.706s]   NameError: 'speedX' is an invalid field name.  It should have the pattern
[3.707s]   '^(?!.*__)(?!.*_$)[a-z][a-z0-9_]*$'
[3.707s] 
[3.708s] Call Stack (most recent call first):
[3.709s]   /opt/ros/humble/share/rosidl_cmake/cmake/rosidl_generate_interfaces.cmake:130 (rosidl_adapt_interfaces)
[3.710s]   CMakeLists.txt:15 (rosidl_generate_interfaces)
[3.711s] 
[3.712s] [0m
[3.712s] -- Configuring incomplete, errors occurred!
[3.713s] See also "/ros2_ws/build/interfaces/CMakeFiles/CMakeOutput.log".
[3.714s] Invoked command in '/ros2_ws/build/interfaces' returned '1': CMAKE_PREFIX_PATH=/ros2_ws/install/tracking_sub:/opt/ros/humble /usr/bin/cmake /ros2_ws/src/interfaces -DCMAKE_INSTALL_PREFIX=/ros2_ws/install/interfaces
