[2.366s] Invoking command in '/ros2_ws/build/tracking_sub': PYTHONPATH=/ros2_ws/build/tracking_sub/prefix_override:/ros2_ws/install/tracking_sub/lib/python3.10/site-packages:${PYTHONPATH} /usr/bin/python3 setup.py develop --uninstall --editable --build-directory /ros2_ws/build/tracking_sub/build
[3.401s] running develop
[3.402s] /usr/lib/python3/dist-packages/setuptools/command/easy_install.py:158: EasyInstallDeprecationWarning: easy_install command is deprecated. Use build and pip and other standards-based tools.
[3.402s]   warnings.warn(
[3.410s] /usr/lib/python3/dist-packages/setuptools/command/install.py:34: SetuptoolsDeprecationWarning: setup.py install is deprecated. Use build and pip and other standards-based tools.
[3.411s]   warnings.warn(
[3.987s] Invoked command in '/ros2_ws/build/tracking_sub' returned '0': PYTHONPATH=/ros2_ws/build/tracking_sub/prefix_override:/ros2_ws/install/tracking_sub/lib/python3.10/site-packages:${PYTHONPATH} /usr/bin/python3 setup.py develop --uninstall --editable --build-directory /ros2_ws/build/tracking_sub/build
[3.993s] Invoking command in '/ros2_ws/src/tracking_sub': PYTHONPATH=/ros2_ws/build/tracking_sub/prefix_override:/ros2_ws/install/tracking_sub/lib/python3.10/site-packages:${PYTHONPATH} /usr/bin/python3 setup.py egg_info --egg-base ../../build/tracking_sub build --build-base /ros2_ws/build/tracking_sub/build install --record /ros2_ws/build/tracking_sub/install.log --single-version-externally-managed
[4.954s] running egg_info
[4.958s] writing ../../build/tracking_sub/tracking_sub.egg-info/PKG-INFO
[4.960s] writing dependency_links to ../../build/tracking_sub/tracking_sub.egg-info/dependency_links.txt
[4.962s] writing entry points to ../../build/tracking_sub/tracking_sub.egg-info/entry_points.txt
[4.963s] writing requirements to ../../build/tracking_sub/tracking_sub.egg-info/requires.txt
[4.964s] writing top-level names to ../../build/tracking_sub/tracking_sub.egg-info/top_level.txt
[4.974s] reading manifest file '../../build/tracking_sub/tracking_sub.egg-info/SOURCES.txt'
[4.980s] writing manifest file '../../build/tracking_sub/tracking_sub.egg-info/SOURCES.txt'
[4.981s] running build
[4.982s] running build_py
[4.985s] copying tracking_sub/netScript.py -> /ros2_ws/build/tracking_sub/build/lib/tracking_sub
[4.989s] copying tracking_sub/subscriber.py -> /ros2_ws/build/tracking_sub/build/lib/tracking_sub
[4.991s] running install
[4.992s] /usr/lib/python3/dist-packages/setuptools/command/install.py:34: SetuptoolsDeprecationWarning: setup.py install is deprecated. Use build and pip and other standards-based tools.
[4.993s]   warnings.warn(
[4.994s] running install_lib
[4.997s] creating /ros2_ws/install/tracking_sub/lib/python3.10/site-packages/tracking_sub
[4.999s] copying /ros2_ws/build/tracking_sub/build/lib/tracking_sub/publisher.py -> /ros2_ws/install/tracking_sub/lib/python3.10/site-packages/tracking_sub
[5.003s] copying /ros2_ws/build/tracking_sub/build/lib/tracking_sub/__init__.py -> /ros2_ws/install/tracking_sub/lib/python3.10/site-packages/tracking_sub
[5.004s] copying /ros2_ws/build/tracking_sub/build/lib/tracking_sub/netScript.py -> /ros2_ws/install/tracking_sub/lib/python3.10/site-packages/tracking_sub
[5.005s] copying /ros2_ws/build/tracking_sub/build/lib/tracking_sub/subscriber.py -> /ros2_ws/install/tracking_sub/lib/python3.10/site-packages/tracking_sub
[5.009s] byte-compiling /ros2_ws/install/tracking_sub/lib/python3.10/site-packages/tracking_sub/publisher.py to publisher.cpython-310.pyc
[5.012s] byte-compiling /ros2_ws/install/tracking_sub/lib/python3.10/site-packages/tracking_sub/__init__.py to __init__.cpython-310.pyc
[5.014s] byte-compiling /ros2_ws/install/tracking_sub/lib/python3.10/site-packages/tracking_sub/netScript.py to netScript.cpython-310.pyc
[5.017s] byte-compiling /ros2_ws/install/tracking_sub/lib/python3.10/site-packages/tracking_sub/subscriber.py to subscriber.cpython-310.pyc
[5.020s] Sorry: IndentationError: expected an indented block after function definition on line 37 (subscriber.py, line 40)
[5.020s] running install_data
[5.029s] running install_egg_info
[5.039s] Copying ../../build/tracking_sub/tracking_sub.egg-info to /ros2_ws/install/tracking_sub/lib/python3.10/site-packages/tracking_sub-0.0.0-py3.10.egg-info
[5.047s] running install_scripts
[5.167s] Installing listener script to /ros2_ws/install/tracking_sub/lib/tracking_sub
[5.171s] Installing speed_pub script to /ros2_ws/install/tracking_sub/lib/tracking_sub
[5.172s] writing list of installed files to '/ros2_ws/build/tracking_sub/install.log'
[5.328s] Invoked command in '/ros2_ws/src/tracking_sub' returned '0': PYTHONPATH=/ros2_ws/build/tracking_sub/prefix_override:/ros2_ws/install/tracking_sub/lib/python3.10/site-packages:${PYTHONPATH} /usr/bin/python3 setup.py egg_info --egg-base ../../build/tracking_sub build --build-base /ros2_ws/build/tracking_sub/build install --record /ros2_ws/build/tracking_sub/install.log --single-version-externally-managed
