[2.124s] Invoking command in '/ros2_ws/src/tracking_sub': PYTHONPATH=/ros2_ws/build/tracking_sub/prefix_override:/ros2_ws/install/tracking_sub/lib/python3.10/site-packages:${PYTHONPATH} /usr/bin/python3 setup.py egg_info --egg-base ../../build/tracking_sub build --build-base /ros2_ws/build/tracking_sub/build install --record /ros2_ws/build/tracking_sub/install.log --single-version-externally-managed
[2.965s] running egg_info
[2.968s] writing ../../build/tracking_sub/tracking_sub.egg-info/PKG-INFO
[2.970s] writing dependency_links to ../../build/tracking_sub/tracking_sub.egg-info/dependency_links.txt
[2.971s] writing entry points to ../../build/tracking_sub/tracking_sub.egg-info/entry_points.txt
[2.971s] writing requirements to ../../build/tracking_sub/tracking_sub.egg-info/requires.txt
[2.971s] writing top-level names to ../../build/tracking_sub/tracking_sub.egg-info/top_level.txt
[2.978s] reading manifest file '../../build/tracking_sub/tracking_sub.egg-info/SOURCES.txt'
[2.982s] writing manifest file '../../build/tracking_sub/tracking_sub.egg-info/SOURCES.txt'
[2.982s] running build
[2.983s] running build_py
[2.984s] running install
[2.985s] /usr/lib/python3/dist-packages/setuptools/command/install.py:34: SetuptoolsDeprecationWarning: setup.py install is deprecated. Use build and pip and other standards-based tools.
[2.985s]   warnings.warn(
[2.986s] running install_lib
[2.991s] running install_data
[2.993s] running install_egg_info
[2.999s] removing '/ros2_ws/install/tracking_sub/lib/python3.10/site-packages/tracking_sub-0.0.0-py3.10.egg-info' (and everything under it)
[3.000s] Copying ../../build/tracking_sub/tracking_sub.egg-info to /ros2_ws/install/tracking_sub/lib/python3.10/site-packages/tracking_sub-0.0.0-py3.10.egg-info
[3.004s] running install_scripts
[3.093s] Installing listener script to /ros2_ws/install/tracking_sub/lib/tracking_sub
[3.095s] writing list of installed files to '/ros2_ws/build/tracking_sub/install.log'
[3.215s] Invoked command in '/ros2_ws/src/tracking_sub' returned '0': PYTHONPATH=/ros2_ws/build/tracking_sub/prefix_override:/ros2_ws/install/tracking_sub/lib/python3.10/site-packages:${PYTHONPATH} /usr/bin/python3 setup.py egg_info --egg-base ../../build/tracking_sub build --build-base /ros2_ws/build/tracking_sub/build install --record /ros2_ws/build/tracking_sub/install.log --single-version-externally-managed
