[0.232s] Invoking command in '/ros2_ws/build/interfaces': CMAKE_PREFIX_PATH=${CMAKE_PREFIX_PATH}:/ros2_ws/install/tracking_sub:/ros2_ws/install/cv_basics:/ros2_ws/install/car_camera:/opt/ros/humble /usr/bin/cmake --build /ros2_ws/build/interfaces -- -j12 -l12
[0.574s] -- Found ament_cmake: 1.3.5 (/opt/ros/humble/share/ament_cmake/cmake)
[0.789s] -- Override CMake install command with custom implementation using symlinks instead of copying resources
[0.867s] -- Found rosidl_default_generators: 1.2.0 (/opt/ros/humble/share/rosidl_default_generators/cmake)
[0.875s] -- Using all available rosidl_typesupport_c: rosidl_typesupport_fastrtps_c;rosidl_typesupport_introspection_c
[0.886s] -- Found rosidl_adapter: 3.1.4 (/opt/ros/humble/share/rosidl_adapter/cmake)
[0.975s] -- Using all available rosidl_typesupport_cpp: rosidl_typesupport_fastrtps_cpp;rosidl_typesupport_introspection_cpp
[1.326s] -- Found ament_cmake_ros: 0.10.0 (/opt/ros/humble/share/ament_cmake_ros/cmake)
[1.600s] -- Using all available rosidl_typesupport_c: rosidl_typesupport_fastrtps_c;rosidl_typesupport_introspection_c
[1.900s] -- Using all available rosidl_typesupport_cpp: rosidl_typesupport_fastrtps_cpp;rosidl_typesupport_introspection_cpp
[1.926s] -- Found python_cmake_module: 0.10.0 (/opt/ros/humble/share/python_cmake_module/cmake)
[1.981s] -- Using PYTHON_EXECUTABLE: /usr/bin/python3
[1.982s] -- Using PYTHON_INCLUDE_DIRS: /usr/include/python3.10
[1.982s] -- Using PYTHON_LIBRARIES: /usr/lib/x86_64-linux-gnu/libpython3.10.so
[2.016s] -- Found ament_lint_auto: 0.12.6 (/opt/ros/humble/share/ament_lint_auto/cmake)
[2.087s] -- Added test 'copyright' to check source files copyright and LICENSE
[2.090s] -- Added test 'lint_cmake' to check CMake code style
[2.092s] -- Added test 'xmllint' to check XML markup files
[2.096s] -- Configuring done
[2.169s] -- Generating done
[2.188s] -- Build files have been written to: /ros2_ws/build/interfaces
[2.218s] [35m[1mConsolidate compiler generated dependencies of target interfaces__rosidl_generator_c[0m
[2.225s] [  3%] Built target interfaces__cpp
[2.232s] [  3%] Built target ament_cmake_python_symlink_interfaces
[2.234s] [35m[1mConsolidate compiler generated dependencies of target interfaces__rosidl_typesupport_fastrtps_cpp[0m
[2.234s] [35m[1mConsolidate compiler generated dependencies of target interfaces__rosidl_typesupport_cpp[0m
[2.234s] [35m[1mConsolidate compiler generated dependencies of target interfaces__rosidl_typesupport_introspection_cpp[0m
[2.241s] [  6%] [32mBuilding C object CMakeFiles/interfaces__rosidl_generator_c.dir/rosidl_generator_c/interfaces/srv/detail/tracking_data__functions.c.o[0m
[2.296s] [ 12%] [32mBuilding CXX object CMakeFiles/interfaces__rosidl_typesupport_introspection_cpp.dir/rosidl_typesupport_introspection_cpp/interfaces/srv/detail/tracking_data__type_support.cpp.o[0m
[2.296s] [ 12%] [32mBuilding CXX object CMakeFiles/interfaces__rosidl_typesupport_cpp.dir/rosidl_typesupport_cpp/interfaces/srv/tracking_data__type_support.cpp.o[0m
[2.304s] [ 16%] [32mBuilding CXX object CMakeFiles/interfaces__rosidl_typesupport_fastrtps_cpp.dir/rosidl_typesupport_fastrtps_cpp/interfaces/srv/detail/dds_fastrtps/tracking_data__type_support.cpp.o[0m
[2.454s] running egg_info
[2.455s] writing interfaces.egg-info/PKG-INFO
[2.455s] writing dependency_links to interfaces.egg-info/dependency_links.txt
[2.455s] writing top-level names to interfaces.egg-info/top_level.txt
[2.457s] reading manifest file 'interfaces.egg-info/SOURCES.txt'
[2.458s] writing manifest file 'interfaces.egg-info/SOURCES.txt'
[2.481s] [ 16%] Built target ament_cmake_python_build_interfaces_egg
[2.882s] [ 19%] [32m[1mLinking C shared library libinterfaces__rosidl_generator_c.so[0m
[2.966s] [ 22%] Built target interfaces__rosidl_generator_c
[2.975s] [35m[1mConsolidate compiler generated dependencies of target interfaces__rosidl_typesupport_c[0m
[2.976s] [35m[1mConsolidate compiler generated dependencies of target interfaces__rosidl_typesupport_introspection_c[0m
[2.976s] [35m[1mConsolidate compiler generated dependencies of target interfaces__rosidl_typesupport_fastrtps_c[0m
[2.986s] [ 25%] [32mBuilding C object CMakeFiles/interfaces__rosidl_typesupport_introspection_c.dir/rosidl_typesupport_introspection_c/interfaces/srv/detail/tracking_data__type_support.c.o[0m
[2.992s] [ 29%] [32mBuilding CXX object CMakeFiles/interfaces__rosidl_typesupport_c.dir/rosidl_typesupport_c/interfaces/srv/tracking_data__type_support.cpp.o[0m
[2.999s] [ 32%] [32mBuilding CXX object CMakeFiles/interfaces__rosidl_typesupport_fastrtps_c.dir/rosidl_typesupport_fastrtps_c/interfaces/srv/detail/tracking_data__type_support_c.cpp.o[0m
[3.051s] [ 35%] [32m[1mLinking C shared library libinterfaces__rosidl_typesupport_introspection_c.so[0m
[3.076s] [ 38%] [32m[1mLinking CXX shared library libinterfaces__rosidl_typesupport_c.so[0m
[3.082s] [ 41%] Built target interfaces__rosidl_typesupport_introspection_c
[3.097s] [ 45%] [32m[1mLinking CXX shared library libinterfaces__rosidl_typesupport_cpp.so[0m
[3.129s] [ 48%] Built target interfaces__rosidl_typesupport_c
[3.144s] [ 51%] Built target interfaces__rosidl_typesupport_cpp
[3.273s] [ 54%] [32m[1mLinking CXX shared library libinterfaces__rosidl_typesupport_introspection_cpp.so[0m
[3.340s] [ 61%] [32m[1mLinking CXX shared library libinterfaces__rosidl_typesupport_fastrtps_cpp.so[0m
[3.349s] [ 61%] Built target interfaces__rosidl_typesupport_introspection_cpp
[3.396s] [ 64%] [32m[1mLinking CXX shared library libinterfaces__rosidl_typesupport_fastrtps_c.so[0m
[3.406s] [ 67%] Built target interfaces__rosidl_typesupport_fastrtps_cpp
[3.455s] [ 70%] Built target interfaces__rosidl_typesupport_fastrtps_c
[3.469s] [ 70%] Built target interfaces
[3.483s] [ 74%] Built target interfaces__py
[3.490s] [35m[1mConsolidate compiler generated dependencies of target interfaces__rosidl_generator_py[0m
[3.529s] [ 77%] [32mBuilding C object CMakeFiles/interfaces__rosidl_generator_py.dir/rosidl_generator_py/interfaces/srv/_tracking_data_s.c.o[0m
[3.854s] [ 80%] [32m[1mLinking C shared library rosidl_generator_py/interfaces/libinterfaces__rosidl_generator_py.so[0m
[3.907s] [ 80%] Built target interfaces__rosidl_generator_py
[3.917s] [35m[1mConsolidate compiler generated dependencies of target interfaces__rosidl_typesupport_introspection_c__pyext[0m
[3.917s] [35m[1mConsolidate compiler generated dependencies of target interfaces__rosidl_typesupport_c__pyext[0m
[3.917s] [35m[1mConsolidate compiler generated dependencies of target interfaces__rosidl_typesupport_fastrtps_c__pyext[0m
[3.928s] [ 83%] [32mBuilding C object CMakeFiles/interfaces__rosidl_typesupport_fastrtps_c__pyext.dir/rosidl_generator_py/interfaces/_interfaces_s.ep.rosidl_typesupport_fastrtps_c.c.o[0m
[3.933s] [ 87%] [32mBuilding C object CMakeFiles/interfaces__rosidl_typesupport_introspection_c__pyext.dir/rosidl_generator_py/interfaces/_interfaces_s.ep.rosidl_typesupport_introspection_c.c.o[0m
[3.934s] [ 90%] [32mBuilding C object CMakeFiles/interfaces__rosidl_typesupport_c__pyext.dir/rosidl_generator_py/interfaces/_interfaces_s.ep.rosidl_typesupport_c.c.o[0m
[4.042s] [ 93%] [32m[1mLinking C shared library rosidl_generator_py/interfaces/interfaces_s__rosidl_typesupport_introspection_c.cpython-310-x86_64-linux-gnu.so[0m
[4.045s] [ 96%] [32m[1mLinking C shared library rosidl_generator_py/interfaces/interfaces_s__rosidl_typesupport_fastrtps_c.cpython-310-x86_64-linux-gnu.so[0m
[4.046s] [100%] [32m[1mLinking C shared library rosidl_generator_py/interfaces/interfaces_s__rosidl_typesupport_c.cpython-310-x86_64-linux-gnu.so[0m
[4.077s] [100%] Built target interfaces__rosidl_typesupport_introspection_c__pyext
[4.079s] [100%] Built target interfaces__rosidl_typesupport_c__pyext
[4.080s] [100%] Built target interfaces__rosidl_typesupport_fastrtps_c__pyext
[4.088s] Invoked command in '/ros2_ws/build/interfaces' returned '0': CMAKE_PREFIX_PATH=${CMAKE_PREFIX_PATH}:/ros2_ws/install/tracking_sub:/ros2_ws/install/cv_basics:/ros2_ws/install/car_camera:/opt/ros/humble /usr/bin/cmake --build /ros2_ws/build/interfaces -- -j12 -l12
[4.132s] Invoking command in '/ros2_ws/build/interfaces': CMAKE_PREFIX_PATH=${CMAKE_PREFIX_PATH}:/ros2_ws/install/tracking_sub:/ros2_ws/install/cv_basics:/ros2_ws/install/car_camera:/opt/ros/humble /usr/bin/cmake --install /ros2_ws/build/interfaces
[4.137s] -- Install configuration: ""
[4.138s] -- Execute custom install script
[4.138s] -- Up-to-date symlink: /ros2_ws/install/interfaces/share/ament_index/resource_index/rosidl_interfaces/interfaces
[4.138s] -- Up-to-date symlink: /ros2_ws/install/interfaces/include/interfaces/interfaces/msg/rosidl_generator_c__visibility_control.h
[4.139s] -- Up-to-date symlink: /ros2_ws/install/interfaces/include/interfaces/interfaces/srv/detail/tracking_data__functions.h
[4.139s] -- Up-to-date symlink: /ros2_ws/install/interfaces/include/interfaces/interfaces/srv/detail/tracking_data__struct.h
[4.139s] -- Up-to-date symlink: /ros2_ws/install/interfaces/include/interfaces/interfaces/srv/detail/tracking_data__type_support.h
[4.139s] -- Up-to-date symlink: /ros2_ws/install/interfaces/include/interfaces/interfaces/srv/tracking_data.h
[4.139s] -- Up-to-date symlink: /ros2_ws/install/interfaces/share/interfaces/environment/library_path.sh
[4.139s] -- Up-to-date symlink: /ros2_ws/install/interfaces/share/interfaces/environment/library_path.dsv
[4.140s] -- Up-to-date symlink: /ros2_ws/install/interfaces/include/interfaces/interfaces/msg/rosidl_typesupport_fastrtps_c__visibility_control.h
[4.140s] -- Up-to-date symlink: /ros2_ws/install/interfaces/include/interfaces/interfaces/srv/detail/tracking_data__rosidl_typesupport_fastrtps_c.h
[4.140s] -- Up-to-date symlink: /ros2_ws/install/interfaces/include/interfaces/interfaces/msg/rosidl_typesupport_introspection_c__visibility_control.h
[4.140s] -- Up-to-date symlink: /ros2_ws/install/interfaces/include/interfaces/interfaces/srv/detail/tracking_data__rosidl_typesupport_introspection_c.h
[4.141s] -- Up-to-date symlink: /ros2_ws/install/interfaces/include/interfaces/interfaces/srv/detail/tracking_data__builder.hpp
[4.141s] -- Up-to-date symlink: /ros2_ws/install/interfaces/include/interfaces/interfaces/srv/detail/tracking_data__struct.hpp
[4.141s] -- Up-to-date symlink: /ros2_ws/install/interfaces/include/interfaces/interfaces/srv/detail/tracking_data__traits.hpp
[4.141s] -- Up-to-date symlink: /ros2_ws/install/interfaces/include/interfaces/interfaces/srv/tracking_data.hpp
[4.141s] -- Up-to-date symlink: /ros2_ws/install/interfaces/include/interfaces/interfaces/msg/rosidl_typesupport_fastrtps_cpp__visibility_control.h
[4.141s] -- Up-to-date symlink: /ros2_ws/install/interfaces/include/interfaces/interfaces/srv/detail/tracking_data__rosidl_typesupport_fastrtps_cpp.hpp
[4.142s] -- Up-to-date symlink: /ros2_ws/install/interfaces/include/interfaces/interfaces/srv/detail/tracking_data__rosidl_typesupport_introspection_cpp.hpp
[4.142s] -- Up-to-date symlink: /ros2_ws/install/interfaces/share/interfaces/environment/pythonpath.sh
[4.142s] -- Up-to-date symlink: /ros2_ws/install/interfaces/share/interfaces/environment/pythonpath.dsv
[4.142s] -- Up-to-date symlink: /ros2_ws/install/interfaces/local/lib/python3.10/dist-packages/interfaces-0.0.0-py3.10.egg-info/PKG-INFO
[4.142s] -- Up-to-date symlink: /ros2_ws/install/interfaces/local/lib/python3.10/dist-packages/interfaces-0.0.0-py3.10.egg-info/SOURCES.txt
[4.142s] -- Up-to-date symlink: /ros2_ws/install/interfaces/local/lib/python3.10/dist-packages/interfaces-0.0.0-py3.10.egg-info/dependency_links.txt
[4.142s] -- Up-to-date symlink: /ros2_ws/install/interfaces/local/lib/python3.10/dist-packages/interfaces-0.0.0-py3.10.egg-info/top_level.txt
[4.143s] -- Up-to-date symlink: /ros2_ws/install/interfaces/local/lib/python3.10/dist-packages/interfaces/__init__.py
[4.143s] -- Up-to-date symlink: /ros2_ws/install/interfaces/local/lib/python3.10/dist-packages/interfaces/_interfaces_s.ep.rosidl_typesupport_c.c
[4.143s] -- Up-to-date symlink: /ros2_ws/install/interfaces/local/lib/python3.10/dist-packages/interfaces/_interfaces_s.ep.rosidl_typesupport_fastrtps_c.c
[4.143s] -- Up-to-date symlink: /ros2_ws/install/interfaces/local/lib/python3.10/dist-packages/interfaces/_interfaces_s.ep.rosidl_typesupport_introspection_c.c
[4.143s] -- Up-to-date symlink: /ros2_ws/install/interfaces/local/lib/python3.10/dist-packages/interfaces/interfaces_s__rosidl_typesupport_c.cpython-310-x86_64-linux-gnu.so
[4.144s] -- Up-to-date symlink: /ros2_ws/install/interfaces/local/lib/python3.10/dist-packages/interfaces/interfaces_s__rosidl_typesupport_fastrtps_c.cpython-310-x86_64-linux-gnu.so
[4.144s] -- Up-to-date symlink: /ros2_ws/install/interfaces/local/lib/python3.10/dist-packages/interfaces/interfaces_s__rosidl_typesupport_introspection_c.cpython-310-x86_64-linux-gnu.so
[4.144s] -- Up-to-date symlink: /ros2_ws/install/interfaces/local/lib/python3.10/dist-packages/interfaces/libinterfaces__rosidl_generator_py.so
[4.144s] -- Up-to-date symlink: /ros2_ws/install/interfaces/local/lib/python3.10/dist-packages/interfaces/srv/__init__.py
[4.144s] -- Up-to-date symlink: /ros2_ws/install/interfaces/local/lib/python3.10/dist-packages/interfaces/srv/_tracking_data.py
[4.144s] -- Up-to-date symlink: /ros2_ws/install/interfaces/local/lib/python3.10/dist-packages/interfaces/srv/_tracking_data_s.c
[4.144s] -- Up-to-date symlink: /ros2_ws/install/interfaces/local/lib/python3.10/dist-packages/interfaces/interfaces_s__rosidl_typesupport_fastrtps_c.cpython-310-x86_64-linux-gnu.so
[4.145s] -- Up-to-date symlink: /ros2_ws/install/interfaces/local/lib/python3.10/dist-packages/interfaces/interfaces_s__rosidl_typesupport_introspection_c.cpython-310-x86_64-linux-gnu.so
[4.145s] -- Up-to-date symlink: /ros2_ws/install/interfaces/local/lib/python3.10/dist-packages/interfaces/interfaces_s__rosidl_typesupport_c.cpython-310-x86_64-linux-gnu.so
[4.145s] -- Up-to-date symlink: /ros2_ws/install/interfaces/share/interfaces/srv/TrackingData.idl
[4.145s] -- Up-to-date symlink: /ros2_ws/install/interfaces/share/interfaces/srv/TrackingData.srv
[4.145s] -- Up-to-date symlink: /ros2_ws/install/interfaces/share/interfaces/srv/TrackingData_Request.msg
[4.146s] -- Up-to-date symlink: /ros2_ws/install/interfaces/share/interfaces/srv/TrackingData_Response.msg
[4.146s] -- Up-to-date symlink: /ros2_ws/install/interfaces/share/ament_index/resource_index/package_run_dependencies/interfaces
[4.146s] -- Up-to-date symlink: /ros2_ws/install/interfaces/share/ament_index/resource_index/parent_prefix_path/interfaces
[4.146s] -- Up-to-date symlink: /ros2_ws/install/interfaces/share/interfaces/environment/ament_prefix_path.sh
[4.146s] -- Up-to-date symlink: /ros2_ws/install/interfaces/share/interfaces/environment/ament_prefix_path.dsv
[4.146s] -- Up-to-date symlink: /ros2_ws/install/interfaces/share/interfaces/environment/path.sh
[4.147s] -- Up-to-date symlink: /ros2_ws/install/interfaces/share/interfaces/environment/path.dsv
[4.147s] -- Up-to-date symlink: /ros2_ws/install/interfaces/share/interfaces/local_setup.bash
[4.147s] -- Up-to-date symlink: /ros2_ws/install/interfaces/share/interfaces/local_setup.sh
[4.147s] -- Up-to-date symlink: /ros2_ws/install/interfaces/share/interfaces/local_setup.zsh
[4.147s] -- Up-to-date symlink: /ros2_ws/install/interfaces/share/interfaces/local_setup.dsv
[4.147s] -- Symlinking: /ros2_ws/install/interfaces/share/interfaces/package.dsv
[4.154s] -- Up-to-date symlink: /ros2_ws/install/interfaces/share/ament_index/resource_index/packages/interfaces
[4.154s] -- Up-to-date symlink: /ros2_ws/install/interfaces/share/interfaces/cmake/rosidl_cmake-extras.cmake
[4.154s] -- Up-to-date symlink: /ros2_ws/install/interfaces/share/interfaces/cmake/ament_cmake_export_include_directories-extras.cmake
[4.154s] -- Up-to-date symlink: /ros2_ws/install/interfaces/share/interfaces/cmake/ament_cmake_export_libraries-extras.cmake
[4.155s] -- Up-to-date symlink: /ros2_ws/install/interfaces/share/interfaces/cmake/ament_cmake_export_targets-extras.cmake
[4.155s] -- Up-to-date symlink: /ros2_ws/install/interfaces/share/interfaces/cmake/rosidl_cmake_export_typesupport_targets-extras.cmake
[4.155s] -- Up-to-date symlink: /ros2_ws/install/interfaces/share/interfaces/cmake/ament_cmake_export_dependencies-extras.cmake
[4.155s] -- Up-to-date symlink: /ros2_ws/install/interfaces/share/interfaces/cmake/rosidl_cmake_export_typesupport_libraries-extras.cmake
[4.155s] -- Up-to-date symlink: /ros2_ws/install/interfaces/share/interfaces/cmake/interfacesConfig.cmake
[4.155s] -- Up-to-date symlink: /ros2_ws/install/interfaces/share/interfaces/cmake/interfacesConfig-version.cmake
[4.155s] -- Up-to-date symlink: /ros2_ws/install/interfaces/share/interfaces/package.xml
[4.156s] -- Installing: /ros2_ws/install/interfaces/lib/libinterfaces__rosidl_generator_c.so
[4.156s] -- Set runtime path of "/ros2_ws/install/interfaces/lib/libinterfaces__rosidl_generator_c.so" to ""
[4.156s] -- Installing: /ros2_ws/install/interfaces/lib/libinterfaces__rosidl_typesupport_fastrtps_c.so
[4.157s] -- Set runtime path of "/ros2_ws/install/interfaces/lib/libinterfaces__rosidl_typesupport_fastrtps_c.so" to ""
[4.157s] -- Installing: /ros2_ws/install/interfaces/lib/libinterfaces__rosidl_typesupport_introspection_c.so
[4.157s] -- Set runtime path of "/ros2_ws/install/interfaces/lib/libinterfaces__rosidl_typesupport_introspection_c.so" to ""
[4.157s] -- Installing: /ros2_ws/install/interfaces/lib/libinterfaces__rosidl_typesupport_c.so
[4.157s] -- Set runtime path of "/ros2_ws/install/interfaces/lib/libinterfaces__rosidl_typesupport_c.so" to ""
[4.158s] -- Installing: /ros2_ws/install/interfaces/lib/libinterfaces__rosidl_typesupport_fastrtps_cpp.so
[4.158s] -- Set runtime path of "/ros2_ws/install/interfaces/lib/libinterfaces__rosidl_typesupport_fastrtps_cpp.so" to ""
[4.158s] -- Installing: /ros2_ws/install/interfaces/lib/libinterfaces__rosidl_typesupport_introspection_cpp.so
[4.159s] -- Set runtime path of "/ros2_ws/install/interfaces/lib/libinterfaces__rosidl_typesupport_introspection_cpp.so" to ""
[4.159s] -- Installing: /ros2_ws/install/interfaces/lib/libinterfaces__rosidl_typesupport_cpp.so
[4.159s] -- Set runtime path of "/ros2_ws/install/interfaces/lib/libinterfaces__rosidl_typesupport_cpp.so" to ""
[4.214s] Listing '/ros2_ws/install/interfaces/local/lib/python3.10/dist-packages/interfaces'...
[4.215s] Compiling '/ros2_ws/install/interfaces/local/lib/python3.10/dist-packages/interfaces/__init__.py'...
[4.215s] Listing '/ros2_ws/install/interfaces/local/lib/python3.10/dist-packages/interfaces/srv'...
[4.215s] Compiling '/ros2_ws/install/interfaces/local/lib/python3.10/dist-packages/interfaces/srv/__init__.py'...
[4.215s] Compiling '/ros2_ws/install/interfaces/local/lib/python3.10/dist-packages/interfaces/srv/_tracking_data.py'...
[4.219s] -- Installing: /ros2_ws/install/interfaces/lib/libinterfaces__rosidl_generator_py.so
[4.219s] -- Set runtime path of "/ros2_ws/install/interfaces/lib/libinterfaces__rosidl_generator_py.so" to ""
[4.219s] -- Up-to-date: /ros2_ws/install/interfaces/share/interfaces/cmake/export_interfaces__rosidl_generator_cExport.cmake
[4.219s] -- Up-to-date: /ros2_ws/install/interfaces/share/interfaces/cmake/export_interfaces__rosidl_generator_cExport-noconfig.cmake
[4.220s] -- Up-to-date: /ros2_ws/install/interfaces/share/interfaces/cmake/export_interfaces__rosidl_typesupport_fastrtps_cExport.cmake
[4.220s] -- Up-to-date: /ros2_ws/install/interfaces/share/interfaces/cmake/export_interfaces__rosidl_typesupport_fastrtps_cExport-noconfig.cmake
[4.220s] -- Up-to-date: /ros2_ws/install/interfaces/share/interfaces/cmake/interfaces__rosidl_typesupport_introspection_cExport.cmake
[4.220s] -- Up-to-date: /ros2_ws/install/interfaces/share/interfaces/cmake/interfaces__rosidl_typesupport_introspection_cExport-noconfig.cmake
[4.220s] -- Up-to-date: /ros2_ws/install/interfaces/share/interfaces/cmake/interfaces__rosidl_typesupport_cExport.cmake
[4.220s] -- Up-to-date: /ros2_ws/install/interfaces/share/interfaces/cmake/interfaces__rosidl_typesupport_cExport-noconfig.cmake
[4.220s] -- Up-to-date: /ros2_ws/install/interfaces/share/interfaces/cmake/export_interfaces__rosidl_generator_cppExport.cmake
[4.220s] -- Up-to-date: /ros2_ws/install/interfaces/share/interfaces/cmake/export_interfaces__rosidl_typesupport_fastrtps_cppExport.cmake
[4.220s] -- Up-to-date: /ros2_ws/install/interfaces/share/interfaces/cmake/export_interfaces__rosidl_typesupport_fastrtps_cppExport-noconfig.cmake
[4.221s] -- Up-to-date: /ros2_ws/install/interfaces/share/interfaces/cmake/interfaces__rosidl_typesupport_introspection_cppExport.cmake
[4.221s] -- Up-to-date: /ros2_ws/install/interfaces/share/interfaces/cmake/interfaces__rosidl_typesupport_introspection_cppExport-noconfig.cmake
[4.221s] -- Up-to-date: /ros2_ws/install/interfaces/share/interfaces/cmake/interfaces__rosidl_typesupport_cppExport.cmake
[4.221s] -- Up-to-date: /ros2_ws/install/interfaces/share/interfaces/cmake/interfaces__rosidl_typesupport_cppExport-noconfig.cmake
[4.221s] -- Up-to-date: /ros2_ws/install/interfaces/share/interfaces/cmake/export_interfaces__rosidl_generator_pyExport.cmake
[4.221s] -- Up-to-date: /ros2_ws/install/interfaces/share/interfaces/cmake/export_interfaces__rosidl_generator_pyExport-noconfig.cmake
[4.224s] Invoked command in '/ros2_ws/build/interfaces' returned '0': CMAKE_PREFIX_PATH=${CMAKE_PREFIX_PATH}:/ros2_ws/install/tracking_sub:/ros2_ws/install/cv_basics:/ros2_ws/install/car_camera:/opt/ros/humble /usr/bin/cmake --install /ros2_ws/build/interfaces
