[1.127s] Invoking command in '/ros2_ws/build/tracking_sub': PYTHONPATH=/ros2_ws/build/tracking_sub/prefix_override:/ros2_ws/install/tracking_sub/lib/python3.10/site-packages:${PYTHONPATH} /usr/bin/python3 setup.py develop --editable --build-directory /ros2_ws/build/tracking_sub/build --no-deps install_data
[1.363s] running develop
[1.363s] /usr/lib/python3/dist-packages/setuptools/command/easy_install.py:158: EasyInstallDeprecationWarning: easy_install command is deprecated. Use build and pip and other standards-based tools.
[1.363s]   warnings.warn(
[1.365s] /usr/lib/python3/dist-packages/setuptools/command/install.py:34: SetuptoolsDeprecationWarning: setup.py install is deprecated. Use build and pip and other standards-based tools.
[1.365s]   warnings.warn(
[1.459s] running egg_info
[1.459s] writing tracking_sub.egg-info/PKG-INFO
[1.461s] writing dependency_links to tracking_sub.egg-info/dependency_links.txt
[1.464s] writing entry points to tracking_sub.egg-info/entry_points.txt
[1.465s] writing requirements to tracking_sub.egg-info/requires.txt
[1.466s] writing top-level names to tracking_sub.egg-info/top_level.txt
[1.473s] reading manifest file 'tracking_sub.egg-info/SOURCES.txt'
[1.474s] writing manifest file 'tracking_sub.egg-info/SOURCES.txt'
[1.475s] running build_ext
[1.476s] Creating /ros2_ws/install/tracking_sub/lib/python3.10/site-packages/tracking-sub.egg-link (link to .)
[1.478s] Installing listener script to /ros2_ws/install/tracking_sub/lib/tracking_sub
[1.478s] Installing speed_pub script to /ros2_ws/install/tracking_sub/lib/tracking_sub
[1.479s] 
[1.479s] Installed /ros2_ws/build/tracking_sub
[1.479s] running install_data
[1.607s] Invoked command in '/ros2_ws/build/tracking_sub' returned '0': PYTHONPATH=/ros2_ws/build/tracking_sub/prefix_override:/ros2_ws/install/tracking_sub/lib/python3.10/site-packages:${PYTHONPATH} /usr/bin/python3 setup.py develop --editable --build-directory /ros2_ws/build/tracking_sub/build --no-deps install_data
