[0.092s] Invoking command in '/ros2_ws/build/interfaces': CMAKE_PREFIX_PATH=/ros2_ws/install/tracking_sub:/opt/ros/humble /usr/bin/cmake --build /ros2_ws/build/interfaces -- -j4 -l4
[0.243s] [35m[1mConsolidate compiler generated dependencies of target interfaces__rosidl_generator_c[0m
[0.287s] [  9%] Built target interfaces__rosidl_generator_c
[0.296s] [ 12%] Built target interfaces__cpp
[0.306s] [ 12%] Built target ament_cmake_python_copy_interfaces
[0.333s] [35m[1mConsolidate compiler generated dependencies of target interfaces__rosidl_typesupport_c[0m
[0.346s] [35m[1mConsolidate compiler generated dependencies of target interfaces__rosidl_typesupport_fastrtps_cpp[0m
[0.354s] [35m[1mConsolidate compiler generated dependencies of target interfaces__rosidl_typesupport_fastrtps_c[0m
[0.361s] [35m[1mConsolidate compiler generated dependencies of target interfaces__rosidl_typesupport_introspection_c[0m
[0.377s] [ 22%] Built target interfaces__rosidl_typesupport_c
[0.405s] [ 32%] Built target interfaces__rosidl_typesupport_fastrtps_c
[0.410s] [ 41%] Built target interfaces__rosidl_typesupport_fastrtps_cpp
[0.417s] [ 51%] Built target interfaces__rosidl_typesupport_introspection_c
[0.442s] [35m[1mConsolidate compiler generated dependencies of target interfaces__rosidl_typesupport_introspection_cpp[0m
[0.445s] [35m[1mConsolidate compiler generated dependencies of target interfaces__rosidl_typesupport_cpp[0m
[0.490s] [ 70%] Built target interfaces__rosidl_typesupport_cpp
[0.491s] [ 70%] Built target interfaces__rosidl_typesupport_introspection_cpp
[0.555s] [ 70%] Built target interfaces
[0.619s] [ 74%] Built target interfaces__py
[0.654s] [35m[1mConsolidate compiler generated dependencies of target interfaces__rosidl_generator_py[0m
[0.697s] [ 80%] Built target interfaces__rosidl_generator_py
[0.737s] [35m[1mConsolidate compiler generated dependencies of target interfaces__rosidl_typesupport_fastrtps_c__pyext[0m
[0.741s] [35m[1mConsolidate compiler generated dependencies of target interfaces__rosidl_typesupport_introspection_c__pyext[0m
[0.776s] [35m[1mConsolidate compiler generated dependencies of target interfaces__rosidl_typesupport_c__pyext[0m
[0.799s] [ 87%] Built target interfaces__rosidl_typesupport_fastrtps_c__pyext
[0.826s] [100%] Built target interfaces__rosidl_typesupport_c__pyext
[0.827s] [100%] Built target interfaces__rosidl_typesupport_introspection_c__pyext
[1.386s] running egg_info
[1.388s] writing interfaces.egg-info/PKG-INFO
[1.390s] writing dependency_links to interfaces.egg-info/dependency_links.txt
[1.391s] writing top-level names to interfaces.egg-info/top_level.txt
[1.399s] reading manifest file 'interfaces.egg-info/SOURCES.txt'
[1.402s] writing manifest file 'interfaces.egg-info/SOURCES.txt'
[1.531s] [100%] Built target ament_cmake_python_build_interfaces_egg
[1.566s] Invoked command in '/ros2_ws/build/interfaces' returned '0': CMAKE_PREFIX_PATH=/ros2_ws/install/tracking_sub:/opt/ros/humble /usr/bin/cmake --build /ros2_ws/build/interfaces -- -j4 -l4
[1.758s] Invoking command in '/ros2_ws/build/interfaces': CMAKE_PREFIX_PATH=/ros2_ws/install/tracking_sub:/opt/ros/humble /usr/bin/cmake --install /ros2_ws/build/interfaces
[1.782s] -- Install configuration: ""
[1.783s] -- Up-to-date: /ros2_ws/install/interfaces/share/ament_index/resource_index/rosidl_interfaces/interfaces
[1.783s] -- Up-to-date: /ros2_ws/install/interfaces/include/interfaces/interfaces
[1.784s] -- Up-to-date: /ros2_ws/install/interfaces/include/interfaces/interfaces/srv
[1.784s] -- Up-to-date: /ros2_ws/install/interfaces/include/interfaces/interfaces/srv/tracking_data.h
[1.784s] -- Up-to-date: /ros2_ws/install/interfaces/include/interfaces/interfaces/srv/detail
[1.785s] -- Up-to-date: /ros2_ws/install/interfaces/include/interfaces/interfaces/srv/detail/tracking_data__struct.h
[1.785s] -- Up-to-date: /ros2_ws/install/interfaces/include/interfaces/interfaces/srv/detail/tracking_data__type_support.h
[1.786s] -- Up-to-date: /ros2_ws/install/interfaces/include/interfaces/interfaces/srv/detail/tracking_data__functions.c
[1.786s] -- Up-to-date: /ros2_ws/install/interfaces/include/interfaces/interfaces/srv/detail/tracking_data__functions.h
[1.787s] -- Up-to-date: /ros2_ws/install/interfaces/include/interfaces/interfaces/msg
[1.787s] -- Up-to-date: /ros2_ws/install/interfaces/include/interfaces/interfaces/msg/rosidl_generator_c__visibility_control.h
[1.788s] -- Up-to-date: /ros2_ws/install/interfaces/share/interfaces/environment/library_path.sh
[1.788s] -- Up-to-date: /ros2_ws/install/interfaces/share/interfaces/environment/library_path.dsv
[1.789s] -- Up-to-date: /ros2_ws/install/interfaces/lib/libinterfaces__rosidl_generator_c.so
[1.789s] -- Up-to-date: /ros2_ws/install/interfaces/include/interfaces/interfaces
[1.789s] -- Up-to-date: /ros2_ws/install/interfaces/include/interfaces/interfaces/srv
[1.790s] -- Up-to-date: /ros2_ws/install/interfaces/include/interfaces/interfaces/srv/detail
[1.790s] -- Up-to-date: /ros2_ws/install/interfaces/include/interfaces/interfaces/srv/detail/tracking_data__rosidl_typesupport_fastrtps_c.h
[1.790s] -- Up-to-date: /ros2_ws/install/interfaces/include/interfaces/interfaces/msg
[1.791s] -- Up-to-date: /ros2_ws/install/interfaces/include/interfaces/interfaces/msg/rosidl_typesupport_fastrtps_c__visibility_control.h
[1.792s] -- Up-to-date: /ros2_ws/install/interfaces/lib/libinterfaces__rosidl_typesupport_fastrtps_c.so
[1.792s] -- Up-to-date: /ros2_ws/install/interfaces/include/interfaces/interfaces
[1.792s] -- Up-to-date: /ros2_ws/install/interfaces/include/interfaces/interfaces/srv
[1.793s] -- Up-to-date: /ros2_ws/install/interfaces/include/interfaces/interfaces/srv/detail
[1.793s] -- Up-to-date: /ros2_ws/install/interfaces/include/interfaces/interfaces/srv/detail/tracking_data__rosidl_typesupport_introspection_c.h
[1.794s] -- Up-to-date: /ros2_ws/install/interfaces/include/interfaces/interfaces/srv/detail/tracking_data__type_support.c
[1.794s] -- Up-to-date: /ros2_ws/install/interfaces/include/interfaces/interfaces/msg
[1.795s] -- Up-to-date: /ros2_ws/install/interfaces/include/interfaces/interfaces/msg/rosidl_typesupport_introspection_c__visibility_control.h
[1.795s] -- Up-to-date: /ros2_ws/install/interfaces/lib/libinterfaces__rosidl_typesupport_introspection_c.so
[1.796s] -- Up-to-date: /ros2_ws/install/interfaces/lib/libinterfaces__rosidl_typesupport_c.so
[1.796s] -- Up-to-date: /ros2_ws/install/interfaces/include/interfaces/interfaces
[1.796s] -- Up-to-date: /ros2_ws/install/interfaces/include/interfaces/interfaces/srv
[1.797s] -- Up-to-date: /ros2_ws/install/interfaces/include/interfaces/interfaces/srv/tracking_data.hpp
[1.797s] -- Up-to-date: /ros2_ws/install/interfaces/include/interfaces/interfaces/srv/detail
[1.797s] -- Up-to-date: /ros2_ws/install/interfaces/include/interfaces/interfaces/srv/detail/tracking_data__struct.hpp
[1.798s] -- Up-to-date: /ros2_ws/install/interfaces/include/interfaces/interfaces/srv/detail/tracking_data__traits.hpp
[1.799s] -- Up-to-date: /ros2_ws/install/interfaces/include/interfaces/interfaces/srv/detail/tracking_data__builder.hpp
[1.799s] -- Up-to-date: /ros2_ws/install/interfaces/include/interfaces/interfaces
[1.799s] -- Up-to-date: /ros2_ws/install/interfaces/include/interfaces/interfaces/srv
[1.800s] -- Up-to-date: /ros2_ws/install/interfaces/include/interfaces/interfaces/srv/detail
[1.801s] -- Up-to-date: /ros2_ws/install/interfaces/include/interfaces/interfaces/srv/detail/tracking_data__rosidl_typesupport_fastrtps_cpp.hpp
[1.801s] -- Up-to-date: /ros2_ws/install/interfaces/include/interfaces/interfaces/srv/detail/dds_fastrtps
[1.802s] -- Up-to-date: /ros2_ws/install/interfaces/include/interfaces/interfaces/msg
[1.802s] -- Up-to-date: /ros2_ws/install/interfaces/include/interfaces/interfaces/msg/rosidl_typesupport_fastrtps_cpp__visibility_control.h
[1.803s] -- Up-to-date: /ros2_ws/install/interfaces/lib/libinterfaces__rosidl_typesupport_fastrtps_cpp.so
[1.803s] -- Up-to-date: /ros2_ws/install/interfaces/include/interfaces/interfaces
[1.803s] -- Up-to-date: /ros2_ws/install/interfaces/include/interfaces/interfaces/srv
[1.804s] -- Up-to-date: /ros2_ws/install/interfaces/include/interfaces/interfaces/srv/detail
[1.804s] -- Up-to-date: /ros2_ws/install/interfaces/include/interfaces/interfaces/srv/detail/tracking_data__rosidl_typesupport_introspection_cpp.hpp
[1.804s] -- Up-to-date: /ros2_ws/install/interfaces/include/interfaces/interfaces/srv/detail/tracking_data__type_support.cpp
[1.805s] -- Up-to-date: /ros2_ws/install/interfaces/lib/libinterfaces__rosidl_typesupport_introspection_cpp.so
[1.805s] -- Up-to-date: /ros2_ws/install/interfaces/lib/libinterfaces__rosidl_typesupport_cpp.so
[1.805s] -- Up-to-date: /ros2_ws/install/interfaces/share/interfaces/environment/pythonpath.sh
[1.806s] -- Up-to-date: /ros2_ws/install/interfaces/share/interfaces/environment/pythonpath.dsv
[1.806s] -- Up-to-date: /ros2_ws/install/interfaces/local/lib/python3.10/dist-packages/interfaces-0.0.0-py3.10.egg-info
[1.806s] -- Installing: /ros2_ws/install/interfaces/local/lib/python3.10/dist-packages/interfaces-0.0.0-py3.10.egg-info/SOURCES.txt
[1.807s] -- Installing: /ros2_ws/install/interfaces/local/lib/python3.10/dist-packages/interfaces-0.0.0-py3.10.egg-info/dependency_links.txt
[1.807s] -- Installing: /ros2_ws/install/interfaces/local/lib/python3.10/dist-packages/interfaces-0.0.0-py3.10.egg-info/top_level.txt
[1.808s] -- Installing: /ros2_ws/install/interfaces/local/lib/python3.10/dist-packages/interfaces-0.0.0-py3.10.egg-info/PKG-INFO
[1.808s] -- Up-to-date: /ros2_ws/install/interfaces/local/lib/python3.10/dist-packages/interfaces
[1.808s] -- Up-to-date: /ros2_ws/install/interfaces/local/lib/python3.10/dist-packages/interfaces/srv
[1.809s] -- Up-to-date: /ros2_ws/install/interfaces/local/lib/python3.10/dist-packages/interfaces/srv/__init__.py
[1.809s] -- Up-to-date: /ros2_ws/install/interfaces/local/lib/python3.10/dist-packages/interfaces/srv/_tracking_data.py
[1.810s] -- Up-to-date: /ros2_ws/install/interfaces/local/lib/python3.10/dist-packages/interfaces/srv/_tracking_data_s.c
[1.810s] -- Up-to-date: /ros2_ws/install/interfaces/local/lib/python3.10/dist-packages/interfaces/__init__.py
[1.811s] -- Up-to-date: /ros2_ws/install/interfaces/local/lib/python3.10/dist-packages/interfaces/libinterfaces__rosidl_generator_py.so
[1.811s] -- Up-to-date: /ros2_ws/install/interfaces/local/lib/python3.10/dist-packages/interfaces/interfaces_s__rosidl_typesupport_introspection_c.cpython-310-aarch64-linux-gnu.so
[1.811s] -- Up-to-date: /ros2_ws/install/interfaces/local/lib/python3.10/dist-packages/interfaces/_interfaces_s.ep.rosidl_typesupport_introspection_c.c
[1.812s] -- Up-to-date: /ros2_ws/install/interfaces/local/lib/python3.10/dist-packages/interfaces/_interfaces_s.ep.rosidl_typesupport_c.c
[1.812s] -- Up-to-date: /ros2_ws/install/interfaces/local/lib/python3.10/dist-packages/interfaces/_interfaces_s.ep.rosidl_typesupport_fastrtps_c.c
[1.812s] -- Up-to-date: /ros2_ws/install/interfaces/local/lib/python3.10/dist-packages/interfaces/interfaces_s__rosidl_typesupport_c.cpython-310-aarch64-linux-gnu.so
[1.813s] -- Up-to-date: /ros2_ws/install/interfaces/local/lib/python3.10/dist-packages/interfaces/interfaces_s__rosidl_typesupport_fastrtps_c.cpython-310-aarch64-linux-gnu.so
[1.946s] Listing '/ros2_ws/install/interfaces/local/lib/python3.10/dist-packages/interfaces'...
[1.946s] Listing '/ros2_ws/install/interfaces/local/lib/python3.10/dist-packages/interfaces/srv'...
[1.971s] -- Up-to-date: /ros2_ws/install/interfaces/local/lib/python3.10/dist-packages/interfaces/interfaces_s__rosidl_typesupport_fastrtps_c.cpython-310-aarch64-linux-gnu.so
[1.972s] -- Up-to-date: /ros2_ws/install/interfaces/local/lib/python3.10/dist-packages/interfaces/interfaces_s__rosidl_typesupport_introspection_c.cpython-310-aarch64-linux-gnu.so
[1.974s] -- Up-to-date: /ros2_ws/install/interfaces/local/lib/python3.10/dist-packages/interfaces/interfaces_s__rosidl_typesupport_c.cpython-310-aarch64-linux-gnu.so
[1.975s] -- Up-to-date: /ros2_ws/install/interfaces/lib/libinterfaces__rosidl_generator_py.so
[1.976s] -- Up-to-date: /ros2_ws/install/interfaces/share/interfaces/srv/TrackingData.idl
[1.977s] -- Up-to-date: /ros2_ws/install/interfaces/share/interfaces/srv/TrackingData.srv
[1.977s] -- Up-to-date: /ros2_ws/install/interfaces/share/interfaces/srv/TrackingData_Request.msg
[1.978s] -- Up-to-date: /ros2_ws/install/interfaces/share/interfaces/srv/TrackingData_Response.msg
[1.978s] -- Up-to-date: /ros2_ws/install/interfaces/share/ament_index/resource_index/package_run_dependencies/interfaces
[1.979s] -- Up-to-date: /ros2_ws/install/interfaces/share/ament_index/resource_index/parent_prefix_path/interfaces
[1.979s] -- Up-to-date: /ros2_ws/install/interfaces/share/interfaces/environment/ament_prefix_path.sh
[1.980s] -- Up-to-date: /ros2_ws/install/interfaces/share/interfaces/environment/ament_prefix_path.dsv
[1.980s] -- Up-to-date: /ros2_ws/install/interfaces/share/interfaces/environment/path.sh
[1.981s] -- Up-to-date: /ros2_ws/install/interfaces/share/interfaces/environment/path.dsv
[1.981s] -- Up-to-date: /ros2_ws/install/interfaces/share/interfaces/local_setup.bash
[1.982s] -- Up-to-date: /ros2_ws/install/interfaces/share/interfaces/local_setup.sh
[1.983s] -- Up-to-date: /ros2_ws/install/interfaces/share/interfaces/local_setup.zsh
[1.983s] -- Up-to-date: /ros2_ws/install/interfaces/share/interfaces/local_setup.dsv
[1.984s] -- Installing: /ros2_ws/install/interfaces/share/interfaces/package.dsv
[1.984s] -- Up-to-date: /ros2_ws/install/interfaces/share/ament_index/resource_index/packages/interfaces
[1.985s] -- Up-to-date: /ros2_ws/install/interfaces/share/interfaces/cmake/export_interfaces__rosidl_generator_cExport.cmake
[1.985s] -- Up-to-date: /ros2_ws/install/interfaces/share/interfaces/cmake/export_interfaces__rosidl_generator_cExport-noconfig.cmake
[1.986s] -- Up-to-date: /ros2_ws/install/interfaces/share/interfaces/cmake/export_interfaces__rosidl_typesupport_fastrtps_cExport.cmake
[1.986s] -- Up-to-date: /ros2_ws/install/interfaces/share/interfaces/cmake/export_interfaces__rosidl_typesupport_fastrtps_cExport-noconfig.cmake
[1.987s] -- Up-to-date: /ros2_ws/install/interfaces/share/interfaces/cmake/interfaces__rosidl_typesupport_introspection_cExport.cmake
[1.987s] -- Up-to-date: /ros2_ws/install/interfaces/share/interfaces/cmake/interfaces__rosidl_typesupport_introspection_cExport-noconfig.cmake
[1.988s] -- Up-to-date: /ros2_ws/install/interfaces/share/interfaces/cmake/interfaces__rosidl_typesupport_cExport.cmake
[1.988s] -- Up-to-date: /ros2_ws/install/interfaces/share/interfaces/cmake/interfaces__rosidl_typesupport_cExport-noconfig.cmake
[1.988s] -- Up-to-date: /ros2_ws/install/interfaces/share/interfaces/cmake/export_interfaces__rosidl_generator_cppExport.cmake
[1.989s] -- Up-to-date: /ros2_ws/install/interfaces/share/interfaces/cmake/export_interfaces__rosidl_typesupport_fastrtps_cppExport.cmake
[1.989s] -- Up-to-date: /ros2_ws/install/interfaces/share/interfaces/cmake/export_interfaces__rosidl_typesupport_fastrtps_cppExport-noconfig.cmake
[1.990s] -- Up-to-date: /ros2_ws/install/interfaces/share/interfaces/cmake/interfaces__rosidl_typesupport_introspection_cppExport.cmake
[1.990s] -- Up-to-date: /ros2_ws/install/interfaces/share/interfaces/cmake/interfaces__rosidl_typesupport_introspection_cppExport-noconfig.cmake
[1.991s] -- Up-to-date: /ros2_ws/install/interfaces/share/interfaces/cmake/interfaces__rosidl_typesupport_cppExport.cmake
[1.991s] -- Up-to-date: /ros2_ws/install/interfaces/share/interfaces/cmake/interfaces__rosidl_typesupport_cppExport-noconfig.cmake
[1.992s] -- Up-to-date: /ros2_ws/install/interfaces/share/interfaces/cmake/export_interfaces__rosidl_generator_pyExport.cmake
[1.993s] -- Up-to-date: /ros2_ws/install/interfaces/share/interfaces/cmake/export_interfaces__rosidl_generator_pyExport-noconfig.cmake
[1.994s] -- Up-to-date: /ros2_ws/install/interfaces/share/interfaces/cmake/rosidl_cmake-extras.cmake
[1.997s] -- Up-to-date: /ros2_ws/install/interfaces/share/interfaces/cmake/ament_cmake_export_include_directories-extras.cmake
[1.997s] -- Up-to-date: /ros2_ws/install/interfaces/share/interfaces/cmake/ament_cmake_export_libraries-extras.cmake
[1.998s] -- Up-to-date: /ros2_ws/install/interfaces/share/interfaces/cmake/ament_cmake_export_targets-extras.cmake
[2.001s] -- Up-to-date: /ros2_ws/install/interfaces/share/interfaces/cmake/rosidl_cmake_export_typesupport_targets-extras.cmake
[2.001s] -- Up-to-date: /ros2_ws/install/interfaces/share/interfaces/cmake/ament_cmake_export_dependencies-extras.cmake
[2.005s] -- Up-to-date: /ros2_ws/install/interfaces/share/interfaces/cmake/rosidl_cmake_export_typesupport_libraries-extras.cmake
[2.006s] -- Up-to-date: /ros2_ws/install/interfaces/share/interfaces/cmake/interfacesConfig.cmake
[2.006s] -- Up-to-date: /ros2_ws/install/interfaces/share/interfaces/cmake/interfacesConfig-version.cmake
[2.007s] -- Up-to-date: /ros2_ws/install/interfaces/share/interfaces/package.xml
[2.007s] Invoked command in '/ros2_ws/build/interfaces' returned '0': CMAKE_PREFIX_PATH=/ros2_ws/install/tracking_sub:/opt/ros/humble /usr/bin/cmake --install /ros2_ws/build/interfaces
