[0.390s] Invoking command in '/ros2_ws/build/interfaces': CMAKE_PREFIX_PATH=${CMAKE_PREFIX_PATH}:/ros2_ws/src/install/tracking_sub:/ros2_ws/src/install/car_camera:/opt/ros/humble /usr/bin/cmake /ros2_ws/src/interfaces -DAMENT_CMAKE_SYMLINK_INSTALL=1 -DCMAKE_INSTALL_PREFIX=/ros2_ws/install/interfaces
[0.439s] -- The C compiler identification is GNU 11.3.0
[0.489s] -- The CXX compiler identification is GNU 11.3.0
[0.497s] -- Detecting C compiler ABI info
[0.555s] -- Detecting C compiler ABI info - done
[0.566s] -- Check for working C compiler: /usr/bin/cc - skipped
[0.567s] -- Detecting C compile features
[0.567s] -- Detecting C compile features - done
[0.571s] -- Detecting CXX compiler ABI info
[0.634s] -- Detecting CXX compiler ABI info - done
[0.646s] -- Check for working CXX compiler: /usr/bin/c++ - skipped
[0.647s] -- Detecting CXX compile features
[0.647s] -- Detecting CXX compile features - done
[0.650s] -- Found ament_cmake: 1.3.5 (/opt/ros/humble/share/ament_cmake/cmake)
[0.773s] -- Found Python3: /usr/bin/python3.10 (found version "3.10.6") found components: Interpreter 
[0.831s] -- Override CMake install command with custom implementation using symlinks instead of copying resources
[0.857s] -- Found rosidl_default_generators: 1.2.0 (/opt/ros/humble/share/rosidl_default_generators/cmake)
[0.860s] -- Using all available rosidl_typesupport_c: rosidl_typesupport_fastrtps_c;rosidl_typesupport_introspection_c
[0.867s] -- Found rosidl_adapter: 3.1.4 (/opt/ros/humble/share/rosidl_adapter/cmake)
[0.914s] -- Using all available rosidl_typesupport_cpp: rosidl_typesupport_fastrtps_cpp;rosidl_typesupport_introspection_cpp
[1.159s] -- Found ament_cmake_ros: 0.10.0 (/opt/ros/humble/share/ament_cmake_ros/cmake)
[1.308s] -- Using all available rosidl_typesupport_c: rosidl_typesupport_fastrtps_c;rosidl_typesupport_introspection_c
[1.487s] -- Using all available rosidl_typesupport_cpp: rosidl_typesupport_fastrtps_cpp;rosidl_typesupport_introspection_cpp
[1.501s] -- Found PythonInterp: /usr/bin/python3 (found suitable version "3.10.6", minimum required is "3.6") 
[1.502s] -- Found python_cmake_module: 0.10.0 (/opt/ros/humble/share/python_cmake_module/cmake)
[1.517s] -- Found PythonLibs: /usr/lib/x86_64-linux-gnu/libpython3.10.so (found suitable version "3.10.6", minimum required is "3.5") 
[1.517s] -- Using PYTHON_EXECUTABLE: /usr/bin/python3
[1.517s] -- Using PYTHON_INCLUDE_DIRS: /usr/include/python3.10
[1.517s] -- Using PYTHON_LIBRARIES: /usr/lib/x86_64-linux-gnu/libpython3.10.so
[1.530s] -- Found PythonExtra: .so  
[1.555s] -- Found ament_lint_auto: 0.12.6 (/opt/ros/humble/share/ament_lint_auto/cmake)
[1.570s] -- Added test 'copyright' to check source files copyright and LICENSE
[1.571s] -- Added test 'lint_cmake' to check CMake code style
[1.572s] -- Added test 'xmllint' to check XML markup files
[1.575s] -- Configuring done
[1.598s] -- Generating done
[1.600s] -- Build files have been written to: /ros2_ws/build/interfaces
[1.604s] Invoked command in '/ros2_ws/build/interfaces' returned '0': CMAKE_PREFIX_PATH=${CMAKE_PREFIX_PATH}:/ros2_ws/src/install/tracking_sub:/ros2_ws/src/install/car_camera:/opt/ros/humble /usr/bin/cmake /ros2_ws/src/interfaces -DAMENT_CMAKE_SYMLINK_INSTALL=1 -DCMAKE_INSTALL_PREFIX=/ros2_ws/install/interfaces
[1.605s] Invoking command in '/ros2_ws/build/interfaces': CMAKE_PREFIX_PATH=${CMAKE_PREFIX_PATH}:/ros2_ws/src/install/tracking_sub:/ros2_ws/src/install/car_camera:/opt/ros/humble /usr/bin/cmake --build /ros2_ws/build/interfaces -- -j12 -l12
[1.633s] [  3%] [34m[1mGenerating C code for ROS interfaces[0m
[1.639s] [  6%] [34m[1mGenerating C++ code for ROS interfaces[0m
[1.645s] [  6%] Built target ament_cmake_python_symlink_interfaces
[1.821s] running egg_info
[1.821s] creating interfaces.egg-info
[1.822s] writing interfaces.egg-info/PKG-INFO
[1.822s] writing dependency_links to interfaces.egg-info/dependency_links.txt
[1.822s] writing top-level names to interfaces.egg-info/top_level.txt
[1.822s] writing manifest file 'interfaces.egg-info/SOURCES.txt'
[1.823s] reading manifest file 'interfaces.egg-info/SOURCES.txt'
[1.824s] writing manifest file 'interfaces.egg-info/SOURCES.txt'
[1.843s] [  6%] Built target ament_cmake_python_build_interfaces_egg
[1.867s] [  6%] Built target interfaces__cpp
[1.873s] [ 16%] [34m[1mGenerating C++ type support dispatch for ROS interfaces[0m
[1.874s] [ 16%] [34m[1mGenerating C++ introspection for ROS interfaces[0m
[1.874s] [ 16%] [34m[1mGenerating C++ type support for eProsima Fast-RTPS[0m
[1.880s] [ 19%] [32mBuilding C object CMakeFiles/interfaces__rosidl_generator_c.dir/rosidl_generator_c/interfaces/srv/detail/tracking_data__functions.c.o[0m
[1.930s] [ 22%] [32m[1mLinking C shared library libinterfaces__rosidl_generator_c.so[0m
[1.961s] [ 22%] Built target interfaces__rosidl_generator_c
[1.970s] [ 32%] [34m[1mGenerating C introspection for ROS interfaces[0m
[1.971s] [ 32%] [34m[1mGenerating C type support for eProsima Fast-RTPS[0m
[1.971s] [ 32%] [34m[1mGenerating C type support dispatch for ROS interfaces[0m
[2.074s] [ 35%] [32mBuilding CXX object CMakeFiles/interfaces__rosidl_typesupport_cpp.dir/rosidl_typesupport_cpp/interfaces/srv/tracking_data__type_support.cpp.o[0m
[2.102s] [ 38%] [32mBuilding CXX object CMakeFiles/interfaces__rosidl_typesupport_fastrtps_cpp.dir/rosidl_typesupport_fastrtps_cpp/interfaces/srv/detail/dds_fastrtps/tracking_data__type_support.cpp.o[0m
[2.184s] [ 41%] [32mBuilding CXX object CMakeFiles/interfaces__rosidl_typesupport_introspection_cpp.dir/rosidl_typesupport_introspection_cpp/interfaces/srv/detail/tracking_data__type_support.cpp.o[0m
[2.273s] [ 45%] [32mBuilding C object CMakeFiles/interfaces__rosidl_typesupport_introspection_c.dir/rosidl_typesupport_introspection_c/interfaces/srv/detail/tracking_data__type_support.c.o[0m
[2.307s] [ 48%] [32m[1mLinking CXX shared library libinterfaces__rosidl_typesupport_cpp.so[0m
[2.308s] [ 51%] [32m[1mLinking C shared library libinterfaces__rosidl_typesupport_introspection_c.so[0m
[2.310s] [ 54%] [32mBuilding CXX object CMakeFiles/interfaces__rosidl_typesupport_c.dir/rosidl_typesupport_c/interfaces/srv/tracking_data__type_support.cpp.o[0m
[2.333s] [ 54%] Built target interfaces__rosidl_typesupport_introspection_c
[2.336s] [ 58%] [32m[1mLinking CXX shared library libinterfaces__rosidl_typesupport_c.so[0m
[2.343s] [ 61%] [32mBuilding CXX object CMakeFiles/interfaces__rosidl_typesupport_fastrtps_c.dir/rosidl_typesupport_fastrtps_c/interfaces/srv/detail/tracking_data__type_support_c.cpp.o[0m
[2.359s] [ 61%] Built target interfaces__rosidl_typesupport_cpp
[2.374s] [ 61%] Built target interfaces__rosidl_typesupport_c
[2.511s] [ 64%] [32m[1mLinking CXX shared library libinterfaces__rosidl_typesupport_fastrtps_cpp.so[0m
[2.580s] [ 64%] Built target interfaces__rosidl_typesupport_fastrtps_cpp
[2.638s] [ 67%] [32m[1mLinking CXX shared library libinterfaces__rosidl_typesupport_introspection_cpp.so[0m
[2.644s] [ 70%] [32m[1mLinking CXX shared library libinterfaces__rosidl_typesupport_fastrtps_c.so[0m
[2.716s] [ 70%] Built target interfaces__rosidl_typesupport_fastrtps_c
[2.717s] [ 70%] Built target interfaces__rosidl_typesupport_introspection_cpp
[2.731s] [ 70%] Built target interfaces
[2.744s] [ 74%] [34m[1mGenerating Python code for ROS interfaces[0m
[3.053s] [ 74%] Built target interfaces__py
[3.066s] [ 77%] [32mBuilding C object CMakeFiles/interfaces__rosidl_generator_py.dir/rosidl_generator_py/interfaces/srv/_tracking_data_s.c.o[0m
[3.161s] [ 80%] [32m[1mLinking C shared library rosidl_generator_py/interfaces/libinterfaces__rosidl_generator_py.so[0m
[3.194s] [ 80%] Built target interfaces__rosidl_generator_py
[3.208s] [ 87%] [32mBuilding C object CMakeFiles/interfaces__rosidl_typesupport_c__pyext.dir/rosidl_generator_py/interfaces/_interfaces_s.ep.rosidl_typesupport_c.c.o[0m
[3.208s] [ 90%] [32mBuilding C object CMakeFiles/interfaces__rosidl_typesupport_introspection_c__pyext.dir/rosidl_generator_py/interfaces/_interfaces_s.ep.rosidl_typesupport_introspection_c.c.o[0m
[3.208s] [ 90%] [32mBuilding C object CMakeFiles/interfaces__rosidl_typesupport_fastrtps_c__pyext.dir/rosidl_generator_py/interfaces/_interfaces_s.ep.rosidl_typesupport_fastrtps_c.c.o[0m
[3.307s] [ 93%] [32m[1mLinking C shared library rosidl_generator_py/interfaces/interfaces_s__rosidl_typesupport_c.cpython-310-x86_64-linux-gnu.so[0m
[3.310s] [ 96%] [32m[1mLinking C shared library rosidl_generator_py/interfaces/interfaces_s__rosidl_typesupport_introspection_c.cpython-310-x86_64-linux-gnu.so[0m
[3.334s] [ 96%] Built target interfaces__rosidl_typesupport_c__pyext
[3.336s] [ 96%] Built target interfaces__rosidl_typesupport_introspection_c__pyext
[3.339s] [100%] [32m[1mLinking C shared library rosidl_generator_py/interfaces/interfaces_s__rosidl_typesupport_fastrtps_c.cpython-310-x86_64-linux-gnu.so[0m
[3.369s] [100%] Built target interfaces__rosidl_typesupport_fastrtps_c__pyext
[3.377s] Invoked command in '/ros2_ws/build/interfaces' returned '0': CMAKE_PREFIX_PATH=${CMAKE_PREFIX_PATH}:/ros2_ws/src/install/tracking_sub:/ros2_ws/src/install/car_camera:/opt/ros/humble /usr/bin/cmake --build /ros2_ws/build/interfaces -- -j12 -l12
[3.416s] Invoking command in '/ros2_ws/build/interfaces': CMAKE_PREFIX_PATH=${CMAKE_PREFIX_PATH}:/ros2_ws/src/install/tracking_sub:/ros2_ws/src/install/car_camera:/opt/ros/humble /usr/bin/cmake --install /ros2_ws/build/interfaces
[3.421s] -- Install configuration: ""
[3.421s] -- Execute custom install script
[3.421s] -- Symlinking: /ros2_ws/install/interfaces/share/ament_index/resource_index/rosidl_interfaces/interfaces
[3.428s] -- Symlinking: /ros2_ws/install/interfaces/include/interfaces/interfaces/msg/rosidl_generator_c__visibility_control.h
[3.433s] -- Symlinking: /ros2_ws/install/interfaces/include/interfaces/interfaces/srv/detail/tracking_data__functions.h
[3.439s] -- Symlinking: /ros2_ws/install/interfaces/include/interfaces/interfaces/srv/detail/tracking_data__struct.h
[3.444s] -- Symlinking: /ros2_ws/install/interfaces/include/interfaces/interfaces/srv/detail/tracking_data__type_support.h
[3.450s] -- Symlinking: /ros2_ws/install/interfaces/include/interfaces/interfaces/srv/tracking_data.h
[3.455s] -- Symlinking: /ros2_ws/install/interfaces/share/interfaces/environment/library_path.sh
[3.461s] -- Symlinking: /ros2_ws/install/interfaces/share/interfaces/environment/library_path.dsv
[3.467s] -- Symlinking: /ros2_ws/install/interfaces/include/interfaces/interfaces/msg/rosidl_typesupport_fastrtps_c__visibility_control.h
[3.472s] -- Symlinking: /ros2_ws/install/interfaces/include/interfaces/interfaces/srv/detail/tracking_data__rosidl_typesupport_fastrtps_c.h
[3.478s] -- Symlinking: /ros2_ws/install/interfaces/include/interfaces/interfaces/msg/rosidl_typesupport_introspection_c__visibility_control.h
[3.483s] -- Symlinking: /ros2_ws/install/interfaces/include/interfaces/interfaces/srv/detail/tracking_data__rosidl_typesupport_introspection_c.h
[3.489s] -- Symlinking: /ros2_ws/install/interfaces/include/interfaces/interfaces/srv/detail/tracking_data__builder.hpp
[3.495s] -- Symlinking: /ros2_ws/install/interfaces/include/interfaces/interfaces/srv/detail/tracking_data__struct.hpp
[3.500s] -- Symlinking: /ros2_ws/install/interfaces/include/interfaces/interfaces/srv/detail/tracking_data__traits.hpp
[3.505s] -- Symlinking: /ros2_ws/install/interfaces/include/interfaces/interfaces/srv/tracking_data.hpp
[3.512s] -- Symlinking: /ros2_ws/install/interfaces/include/interfaces/interfaces/msg/rosidl_typesupport_fastrtps_cpp__visibility_control.h
[3.518s] -- Symlinking: /ros2_ws/install/interfaces/include/interfaces/interfaces/srv/detail/tracking_data__rosidl_typesupport_fastrtps_cpp.hpp
[3.523s] -- Symlinking: /ros2_ws/install/interfaces/include/interfaces/interfaces/srv/detail/tracking_data__rosidl_typesupport_introspection_cpp.hpp
[3.529s] -- Symlinking: /ros2_ws/install/interfaces/share/interfaces/environment/pythonpath.sh
[3.535s] -- Symlinking: /ros2_ws/install/interfaces/share/interfaces/environment/pythonpath.dsv
[3.540s] -- Symlinking: /ros2_ws/install/interfaces/local/lib/python3.10/dist-packages/interfaces-0.0.0-py3.10.egg-info/PKG-INFO
[3.546s] -- Symlinking: /ros2_ws/install/interfaces/local/lib/python3.10/dist-packages/interfaces-0.0.0-py3.10.egg-info/SOURCES.txt
[3.551s] -- Symlinking: /ros2_ws/install/interfaces/local/lib/python3.10/dist-packages/interfaces-0.0.0-py3.10.egg-info/dependency_links.txt
[3.557s] -- Symlinking: /ros2_ws/install/interfaces/local/lib/python3.10/dist-packages/interfaces-0.0.0-py3.10.egg-info/top_level.txt
[3.563s] -- Symlinking: /ros2_ws/install/interfaces/local/lib/python3.10/dist-packages/interfaces/__init__.py
[3.568s] -- Symlinking: /ros2_ws/install/interfaces/local/lib/python3.10/dist-packages/interfaces/_interfaces_s.ep.rosidl_typesupport_c.c
[3.574s] -- Symlinking: /ros2_ws/install/interfaces/local/lib/python3.10/dist-packages/interfaces/_interfaces_s.ep.rosidl_typesupport_fastrtps_c.c
[3.579s] -- Symlinking: /ros2_ws/install/interfaces/local/lib/python3.10/dist-packages/interfaces/_interfaces_s.ep.rosidl_typesupport_introspection_c.c
[3.584s] -- Symlinking: /ros2_ws/install/interfaces/local/lib/python3.10/dist-packages/interfaces/interfaces_s__rosidl_typesupport_c.cpython-310-x86_64-linux-gnu.so
[3.590s] -- Symlinking: /ros2_ws/install/interfaces/local/lib/python3.10/dist-packages/interfaces/interfaces_s__rosidl_typesupport_fastrtps_c.cpython-310-x86_64-linux-gnu.so
[3.595s] -- Symlinking: /ros2_ws/install/interfaces/local/lib/python3.10/dist-packages/interfaces/interfaces_s__rosidl_typesupport_introspection_c.cpython-310-x86_64-linux-gnu.so
[3.601s] -- Symlinking: /ros2_ws/install/interfaces/local/lib/python3.10/dist-packages/interfaces/libinterfaces__rosidl_generator_py.so
[3.606s] -- Symlinking: /ros2_ws/install/interfaces/local/lib/python3.10/dist-packages/interfaces/srv/__init__.py
[3.612s] -- Symlinking: /ros2_ws/install/interfaces/local/lib/python3.10/dist-packages/interfaces/srv/_tracking_data.py
[3.618s] -- Symlinking: /ros2_ws/install/interfaces/local/lib/python3.10/dist-packages/interfaces/srv/_tracking_data_s.c
[3.624s] -- Up-to-date symlink: /ros2_ws/install/interfaces/local/lib/python3.10/dist-packages/interfaces/interfaces_s__rosidl_typesupport_fastrtps_c.cpython-310-x86_64-linux-gnu.so
[3.624s] -- Up-to-date symlink: /ros2_ws/install/interfaces/local/lib/python3.10/dist-packages/interfaces/interfaces_s__rosidl_typesupport_introspection_c.cpython-310-x86_64-linux-gnu.so
[3.624s] -- Up-to-date symlink: /ros2_ws/install/interfaces/local/lib/python3.10/dist-packages/interfaces/interfaces_s__rosidl_typesupport_c.cpython-310-x86_64-linux-gnu.so
[3.624s] -- Symlinking: /ros2_ws/install/interfaces/share/interfaces/srv/TrackingData.idl
[3.630s] -- Symlinking: /ros2_ws/install/interfaces/share/interfaces/srv/TrackingData.srv
[3.636s] -- Symlinking: /ros2_ws/install/interfaces/share/interfaces/srv/TrackingData_Request.msg
[3.641s] -- Symlinking: /ros2_ws/install/interfaces/share/interfaces/srv/TrackingData_Response.msg
[3.647s] -- Symlinking: /ros2_ws/install/interfaces/share/ament_index/resource_index/package_run_dependencies/interfaces
[3.652s] -- Symlinking: /ros2_ws/install/interfaces/share/ament_index/resource_index/parent_prefix_path/interfaces
[3.658s] -- Symlinking: /ros2_ws/install/interfaces/share/interfaces/environment/ament_prefix_path.sh
[3.663s] -- Symlinking: /ros2_ws/install/interfaces/share/interfaces/environment/ament_prefix_path.dsv
[3.669s] -- Symlinking: /ros2_ws/install/interfaces/share/interfaces/environment/path.sh
[3.674s] -- Symlinking: /ros2_ws/install/interfaces/share/interfaces/environment/path.dsv
[3.680s] -- Symlinking: /ros2_ws/install/interfaces/share/interfaces/local_setup.bash
[3.685s] -- Symlinking: /ros2_ws/install/interfaces/share/interfaces/local_setup.sh
[3.691s] -- Symlinking: /ros2_ws/install/interfaces/share/interfaces/local_setup.zsh
[3.696s] -- Symlinking: /ros2_ws/install/interfaces/share/interfaces/local_setup.dsv
[3.702s] -- Symlinking: /ros2_ws/install/interfaces/share/interfaces/package.dsv
[3.707s] -- Symlinking: /ros2_ws/install/interfaces/share/ament_index/resource_index/packages/interfaces
[3.713s] -- Symlinking: /ros2_ws/install/interfaces/share/interfaces/cmake/rosidl_cmake-extras.cmake
[3.718s] -- Symlinking: /ros2_ws/install/interfaces/share/interfaces/cmake/ament_cmake_export_include_directories-extras.cmake
[3.724s] -- Symlinking: /ros2_ws/install/interfaces/share/interfaces/cmake/ament_cmake_export_libraries-extras.cmake
[3.730s] -- Symlinking: /ros2_ws/install/interfaces/share/interfaces/cmake/ament_cmake_export_targets-extras.cmake
[3.735s] -- Symlinking: /ros2_ws/install/interfaces/share/interfaces/cmake/rosidl_cmake_export_typesupport_targets-extras.cmake
[3.741s] -- Symlinking: /ros2_ws/install/interfaces/share/interfaces/cmake/ament_cmake_export_dependencies-extras.cmake
[3.746s] -- Symlinking: /ros2_ws/install/interfaces/share/interfaces/cmake/rosidl_cmake_export_typesupport_libraries-extras.cmake
[3.751s] -- Symlinking: /ros2_ws/install/interfaces/share/interfaces/cmake/interfacesConfig.cmake
[3.757s] -- Symlinking: /ros2_ws/install/interfaces/share/interfaces/cmake/interfacesConfig-version.cmake
[3.762s] -- Symlinking: /ros2_ws/install/interfaces/share/interfaces/package.xml
[3.768s] -- Installing: /ros2_ws/install/interfaces/lib/libinterfaces__rosidl_generator_c.so
[3.768s] -- Set runtime path of "/ros2_ws/install/interfaces/lib/libinterfaces__rosidl_generator_c.so" to ""
[3.768s] -- Installing: /ros2_ws/install/interfaces/lib/libinterfaces__rosidl_typesupport_fastrtps_c.so
[3.769s] -- Set runtime path of "/ros2_ws/install/interfaces/lib/libinterfaces__rosidl_typesupport_fastrtps_c.so" to ""
[3.769s] -- Installing: /ros2_ws/install/interfaces/lib/libinterfaces__rosidl_typesupport_introspection_c.so
[3.769s] -- Set runtime path of "/ros2_ws/install/interfaces/lib/libinterfaces__rosidl_typesupport_introspection_c.so" to ""
[3.769s] -- Installing: /ros2_ws/install/interfaces/lib/libinterfaces__rosidl_typesupport_c.so
[3.770s] -- Set runtime path of "/ros2_ws/install/interfaces/lib/libinterfaces__rosidl_typesupport_c.so" to ""
[3.770s] -- Installing: /ros2_ws/install/interfaces/lib/libinterfaces__rosidl_typesupport_fastrtps_cpp.so
[3.770s] -- Set runtime path of "/ros2_ws/install/interfaces/lib/libinterfaces__rosidl_typesupport_fastrtps_cpp.so" to ""
[3.770s] -- Installing: /ros2_ws/install/interfaces/lib/libinterfaces__rosidl_typesupport_introspection_cpp.so
[3.770s] -- Set runtime path of "/ros2_ws/install/interfaces/lib/libinterfaces__rosidl_typesupport_introspection_cpp.so" to ""
[3.770s] -- Installing: /ros2_ws/install/interfaces/lib/libinterfaces__rosidl_typesupport_cpp.so
[3.771s] -- Set runtime path of "/ros2_ws/install/interfaces/lib/libinterfaces__rosidl_typesupport_cpp.so" to ""
[3.800s] Listing '/ros2_ws/install/interfaces/local/lib/python3.10/dist-packages/interfaces'...
[3.800s] Compiling '/ros2_ws/install/interfaces/local/lib/python3.10/dist-packages/interfaces/__init__.py'...
[3.800s] Listing '/ros2_ws/install/interfaces/local/lib/python3.10/dist-packages/interfaces/srv'...
[3.800s] Compiling '/ros2_ws/install/interfaces/local/lib/python3.10/dist-packages/interfaces/srv/__init__.py'...
[3.800s] Compiling '/ros2_ws/install/interfaces/local/lib/python3.10/dist-packages/interfaces/srv/_tracking_data.py'...
[3.804s] -- Installing: /ros2_ws/install/interfaces/lib/libinterfaces__rosidl_generator_py.so
[3.804s] -- Set runtime path of "/ros2_ws/install/interfaces/lib/libinterfaces__rosidl_generator_py.so" to ""
[3.804s] -- Installing: /ros2_ws/install/interfaces/share/interfaces/cmake/export_interfaces__rosidl_generator_cExport.cmake
[3.804s] -- Installing: /ros2_ws/install/interfaces/share/interfaces/cmake/export_interfaces__rosidl_generator_cExport-noconfig.cmake
[3.804s] -- Installing: /ros2_ws/install/interfaces/share/interfaces/cmake/export_interfaces__rosidl_typesupport_fastrtps_cExport.cmake
[3.804s] -- Installing: /ros2_ws/install/interfaces/share/interfaces/cmake/export_interfaces__rosidl_typesupport_fastrtps_cExport-noconfig.cmake
[3.805s] -- Installing: /ros2_ws/install/interfaces/share/interfaces/cmake/interfaces__rosidl_typesupport_introspection_cExport.cmake
[3.805s] -- Installing: /ros2_ws/install/interfaces/share/interfaces/cmake/interfaces__rosidl_typesupport_introspection_cExport-noconfig.cmake
[3.805s] -- Installing: /ros2_ws/install/interfaces/share/interfaces/cmake/interfaces__rosidl_typesupport_cExport.cmake
[3.805s] -- Installing: /ros2_ws/install/interfaces/share/interfaces/cmake/interfaces__rosidl_typesupport_cExport-noconfig.cmake
[3.805s] -- Installing: /ros2_ws/install/interfaces/share/interfaces/cmake/export_interfaces__rosidl_generator_cppExport.cmake
[3.806s] -- Installing: /ros2_ws/install/interfaces/share/interfaces/cmake/export_interfaces__rosidl_typesupport_fastrtps_cppExport.cmake
[3.806s] -- Installing: /ros2_ws/install/interfaces/share/interfaces/cmake/export_interfaces__rosidl_typesupport_fastrtps_cppExport-noconfig.cmake
[3.806s] -- Installing: /ros2_ws/install/interfaces/share/interfaces/cmake/interfaces__rosidl_typesupport_introspection_cppExport.cmake
[3.806s] -- Installing: /ros2_ws/install/interfaces/share/interfaces/cmake/interfaces__rosidl_typesupport_introspection_cppExport-noconfig.cmake
[3.806s] -- Installing: /ros2_ws/install/interfaces/share/interfaces/cmake/interfaces__rosidl_typesupport_cppExport.cmake
[3.806s] -- Installing: /ros2_ws/install/interfaces/share/interfaces/cmake/interfaces__rosidl_typesupport_cppExport-noconfig.cmake
[3.807s] -- Old export file "/ros2_ws/install/interfaces/share/interfaces/cmake/export_interfaces__rosidl_generator_pyExport.cmake" will be replaced.  Removing files [/ros2_ws/install/interfaces/share/interfaces/cmake/export_interfaces__rosidl_generator_pyExport-noconfig.cmake].
[3.807s] -- Installing: /ros2_ws/install/interfaces/share/interfaces/cmake/export_interfaces__rosidl_generator_pyExport.cmake
[3.807s] -- Installing: /ros2_ws/install/interfaces/share/interfaces/cmake/export_interfaces__rosidl_generator_pyExport-noconfig.cmake
[3.810s] Invoked command in '/ros2_ws/build/interfaces' returned '0': CMAKE_PREFIX_PATH=${CMAKE_PREFIX_PATH}:/ros2_ws/src/install/tracking_sub:/ros2_ws/src/install/car_camera:/opt/ros/humble /usr/bin/cmake --install /ros2_ws/build/interfaces
