[2.235s] Invoking command in '/ros2_ws/build/tracking_sub': PYTHONPATH=/ros2_ws/build/tracking_sub/prefix_override:/ros2_ws/install/tracking_sub/lib/python3.10/site-packages:${PYTHONPATH} /usr/bin/python3 setup.py develop --uninstall --editable --build-directory /ros2_ws/build/tracking_sub/build
[3.149s] running develop
[3.149s] /usr/lib/python3/dist-packages/setuptools/command/easy_install.py:158: EasyInstallDeprecationWarning: easy_install command is deprecated. Use build and pip and other standards-based tools.
[3.150s]   warnings.warn(
[3.154s] /usr/lib/python3/dist-packages/setuptools/command/install.py:34: SetuptoolsDeprecationWarning: setup.py install is deprecated. Use build and pip and other standards-based tools.
[3.154s]   warnings.warn(
[3.685s] Invoked command in '/ros2_ws/build/tracking_sub' returned '0': PYTHONPATH=/ros2_ws/build/tracking_sub/prefix_override:/ros2_ws/install/tracking_sub/lib/python3.10/site-packages:${PYTHONPATH} /usr/bin/python3 setup.py develop --uninstall --editable --build-directory /ros2_ws/build/tracking_sub/build
[3.690s] Invoking command in '/ros2_ws/src/tracking_sub': PYTHONPATH=/ros2_ws/build/tracking_sub/prefix_override:/ros2_ws/install/tracking_sub/lib/python3.10/site-packages:${PYTHONPATH} /usr/bin/python3 setup.py egg_info --egg-base ../../build/tracking_sub build --build-base /ros2_ws/build/tracking_sub/build install --record /ros2_ws/build/tracking_sub/install.log --single-version-externally-managed
[4.502s] running egg_info
[4.505s] writing ../../build/tracking_sub/tracking_sub.egg-info/PKG-INFO
[4.507s] writing dependency_links to ../../build/tracking_sub/tracking_sub.egg-info/dependency_links.txt
[4.507s] writing entry points to ../../build/tracking_sub/tracking_sub.egg-info/entry_points.txt
[4.508s] writing requirements to ../../build/tracking_sub/tracking_sub.egg-info/requires.txt
[4.508s] writing top-level names to ../../build/tracking_sub/tracking_sub.egg-info/top_level.txt
[4.514s] reading manifest file '../../build/tracking_sub/tracking_sub.egg-info/SOURCES.txt'
[4.517s] writing manifest file '../../build/tracking_sub/tracking_sub.egg-info/SOURCES.txt'
[4.518s] running build
[4.518s] running build_py
[4.519s] copying tracking_sub/subscriber.py -> /ros2_ws/build/tracking_sub/build/lib/tracking_sub
[4.520s] running install
[4.520s] /usr/lib/python3/dist-packages/setuptools/command/install.py:34: SetuptoolsDeprecationWarning: setup.py install is deprecated. Use build and pip and other standards-based tools.
[4.521s]   warnings.warn(
[4.521s] running install_lib
[4.525s] copying /ros2_ws/build/tracking_sub/build/lib/tracking_sub/subscriber.py -> /ros2_ws/install/tracking_sub/lib/python3.10/site-packages/tracking_sub
[4.527s] byte-compiling /ros2_ws/install/tracking_sub/lib/python3.10/site-packages/tracking_sub/publisher.py to publisher.cpython-310.pyc
[4.528s]   File "/ros2_ws/install/tracking_sub/lib/python3.10/site-packages/tracking_sub/publisher.py", line 13
[4.529s]     	def send(self,value)
[4.529s]     	                    ^
[4.529s] SyntaxError: expected ':'
[4.530s] 
[4.530s] byte-compiling /ros2_ws/install/tracking_sub/lib/python3.10/site-packages/tracking_sub/subscriber.py to subscriber.cpython-310.pyc
[4.531s] running install_data
[4.532s] running install_egg_info
[4.539s] removing '/ros2_ws/install/tracking_sub/lib/python3.10/site-packages/tracking_sub-0.0.0-py3.10.egg-info' (and everything under it)
[4.540s] Copying ../../build/tracking_sub/tracking_sub.egg-info to /ros2_ws/install/tracking_sub/lib/python3.10/site-packages/tracking_sub-0.0.0-py3.10.egg-info
[4.543s] running install_scripts
[4.633s] Installing listener script to /ros2_ws/install/tracking_sub/lib/tracking_sub
[4.634s] Installing speed_pub script to /ros2_ws/install/tracking_sub/lib/tracking_sub
[4.635s] writing list of installed files to '/ros2_ws/build/tracking_sub/install.log'
[4.758s] Invoked command in '/ros2_ws/src/tracking_sub' returned '0': PYTHONPATH=/ros2_ws/build/tracking_sub/prefix_override:/ros2_ws/install/tracking_sub/lib/python3.10/site-packages:${PYTHONPATH} /usr/bin/python3 setup.py egg_info --egg-base ../../build/tracking_sub build --build-base /ros2_ws/build/tracking_sub/build install --record /ros2_ws/build/tracking_sub/install.log --single-version-externally-managed
