[1.166s] DEBUG:colcon:Command line arguments: ['/usr/bin/colcon', 'build', '--symlink-install']
[1.166s] DEBUG:colcon:Parsed command line arguments: Namespace(log_base=None, log_level=None, verb_name='build', build_base='build', install_base='install', merge_install=False, symlink_install=True, test_result_base=None, continue_on_error=False, executor='parallel', parallel_workers=4, event_handlers=None, ignore_user_meta=False, metas=['./colcon.meta'], base_paths=['.'], packages_ignore=None, packages_ignore_regex=None, paths=None, packages_up_to=None, packages_up_to_regex=None, packages_above=None, packages_above_and_dependencies=None, packages_above_depth=None, packages_select_by_dep=None, packages_skip_by_dep=None, packages_skip_up_to=None, packages_select_build_failed=False, packages_skip_build_finished=False, packages_select_test_failures=False, packages_skip_test_passed=False, packages_select=None, packages_skip=None, packages_select_regex=None, packages_skip_regex=None, packages_start=None, packages_end=None, allow_overriding=[], cmake_args=None, cmake_target=None, cmake_target_skip_unavailable=False, cmake_clean_cache=False, cmake_clean_first=False, cmake_force_configure=False, ament_cmake_args=None, catkin_cmake_args=None, catkin_skip_building_tests=False, verb_parser=<colcon_defaults.argument_parser.defaults.DefaultArgumentsDecorator object at 0x7f85065c00>, verb_extension=<colcon_core.verb.build.BuildVerb object at 0x7f858f9a50>, main=<bound method BuildVerb.main of <colcon_core.verb.build.BuildVerb object at 0x7f858f9a50>>)
[1.273s] Level 1:colcon.colcon_core.package_discovery:discover_packages(colcon_meta) check parameters
[1.274s] Level 1:colcon.colcon_core.package_discovery:discover_packages(recursive) check parameters
[1.274s] Level 1:colcon.colcon_core.package_discovery:discover_packages(ignore) check parameters
[1.274s] Level 1:colcon.colcon_core.package_discovery:discover_packages(path) check parameters
[1.274s] Level 1:colcon.colcon_core.package_discovery:discover_packages(colcon_meta) discover
[1.274s] Level 1:colcon.colcon_core.package_discovery:discover_packages(recursive) discover
[1.274s] INFO:colcon.colcon_core.package_discovery:Crawling recursively for packages in '/ros2_ws'
[1.275s] Level 1:colcon.colcon_core.package_identification:_identify(.) by extensions ['ignore', 'ignore_ament_install']
[1.275s] Level 1:colcon.colcon_core.package_identification:_identify(.) by extension 'ignore'
[1.275s] Level 1:colcon.colcon_core.package_identification:_identify(.) by extension 'ignore_ament_install'
[1.276s] Level 1:colcon.colcon_core.package_identification:_identify(.) by extensions ['colcon_pkg']
[1.276s] Level 1:colcon.colcon_core.package_identification:_identify(.) by extension 'colcon_pkg'
[1.276s] Level 1:colcon.colcon_core.package_identification:_identify(.) by extensions ['colcon_meta']
[1.276s] Level 1:colcon.colcon_core.package_identification:_identify(.) by extension 'colcon_meta'
[1.276s] Level 1:colcon.colcon_core.package_identification:_identify(.) by extensions ['ros']
[1.277s] Level 1:colcon.colcon_core.package_identification:_identify(.) by extension 'ros'
[1.363s] Level 1:colcon.colcon_core.package_identification:_identify(.) by extensions ['cmake', 'python']
[1.364s] Level 1:colcon.colcon_core.package_identification:_identify(.) by extension 'cmake'
[1.364s] Level 1:colcon.colcon_core.package_identification:_identify(.) by extension 'python'
[1.364s] Level 1:colcon.colcon_core.package_identification:_identify(.) by extensions ['python_setup_py']
[1.364s] Level 1:colcon.colcon_core.package_identification:_identify(.) by extension 'python_setup_py'
[1.365s] Level 1:colcon.colcon_core.package_identification:_identify(build) by extensions ['ignore', 'ignore_ament_install']
[1.365s] Level 1:colcon.colcon_core.package_identification:_identify(build) by extension 'ignore'
[1.365s] Level 1:colcon.colcon_core.package_identification:_identify(build) ignored
[1.366s] Level 1:colcon.colcon_core.package_identification:_identify(install) by extensions ['ignore', 'ignore_ament_install']
[1.366s] Level 1:colcon.colcon_core.package_identification:_identify(install) by extension 'ignore'
[1.367s] Level 1:colcon.colcon_core.package_identification:_identify(install) ignored
[1.367s] Level 1:colcon.colcon_core.package_identification:_identify(log) by extensions ['ignore', 'ignore_ament_install']
[1.368s] Level 1:colcon.colcon_core.package_identification:_identify(log) by extension 'ignore'
[1.368s] Level 1:colcon.colcon_core.package_identification:_identify(log) ignored
[1.368s] Level 1:colcon.colcon_core.package_identification:_identify(src) by extensions ['ignore', 'ignore_ament_install']
[1.368s] Level 1:colcon.colcon_core.package_identification:_identify(src) by extension 'ignore'
[1.369s] Level 1:colcon.colcon_core.package_identification:_identify(src) by extension 'ignore_ament_install'
[1.369s] Level 1:colcon.colcon_core.package_identification:_identify(src) by extensions ['colcon_pkg']
[1.369s] Level 1:colcon.colcon_core.package_identification:_identify(src) by extension 'colcon_pkg'
[1.369s] Level 1:colcon.colcon_core.package_identification:_identify(src) by extensions ['colcon_meta']
[1.369s] Level 1:colcon.colcon_core.package_identification:_identify(src) by extension 'colcon_meta'
[1.370s] Level 1:colcon.colcon_core.package_identification:_identify(src) by extensions ['ros']
[1.370s] Level 1:colcon.colcon_core.package_identification:_identify(src) by extension 'ros'
[1.370s] Level 1:colcon.colcon_core.package_identification:_identify(src) by extensions ['cmake', 'python']
[1.370s] Level 1:colcon.colcon_core.package_identification:_identify(src) by extension 'cmake'
[1.370s] Level 1:colcon.colcon_core.package_identification:_identify(src) by extension 'python'
[1.371s] Level 1:colcon.colcon_core.package_identification:_identify(src) by extensions ['python_setup_py']
[1.371s] Level 1:colcon.colcon_core.package_identification:_identify(src) by extension 'python_setup_py'
[1.371s] Level 1:colcon.colcon_core.package_identification:_identify(src/tracking_sub) by extensions ['ignore', 'ignore_ament_install']
[1.371s] Level 1:colcon.colcon_core.package_identification:_identify(src/tracking_sub) by extension 'ignore'
[1.372s] Level 1:colcon.colcon_core.package_identification:_identify(src/tracking_sub) by extension 'ignore_ament_install'
[1.372s] Level 1:colcon.colcon_core.package_identification:_identify(src/tracking_sub) by extensions ['colcon_pkg']
[1.372s] Level 1:colcon.colcon_core.package_identification:_identify(src/tracking_sub) by extension 'colcon_pkg'
[1.372s] Level 1:colcon.colcon_core.package_identification:_identify(src/tracking_sub) by extensions ['colcon_meta']
[1.372s] Level 1:colcon.colcon_core.package_identification:_identify(src/tracking_sub) by extension 'colcon_meta'
[1.373s] Level 1:colcon.colcon_core.package_identification:_identify(src/tracking_sub) by extensions ['ros']
[1.373s] Level 1:colcon.colcon_core.package_identification:_identify(src/tracking_sub) by extension 'ros'
[1.382s] DEBUG:colcon.colcon_core.package_identification:Package 'src/tracking_sub' with type 'ros.ament_python' and name 'tracking_sub'
[1.383s] Level 1:colcon.colcon_core.package_discovery:discover_packages(recursive) using defaults
[1.383s] Level 1:colcon.colcon_core.package_discovery:discover_packages(ignore) discover
[1.383s] Level 1:colcon.colcon_core.package_discovery:discover_packages(ignore) using defaults
[1.383s] Level 1:colcon.colcon_core.package_discovery:discover_packages(path) discover
[1.383s] Level 1:colcon.colcon_core.package_discovery:discover_packages(path) using defaults
[1.488s] Level 1:colcon.colcon_core.package_discovery:discover_packages(prefix_path) check parameters
[1.488s] Level 1:colcon.colcon_core.package_discovery:discover_packages(prefix_path) discover
[1.498s] DEBUG:colcon.colcon_installed_package_information.package_discovery:Found 1 installed packages in /ros2_ws/install
[1.504s] DEBUG:colcon.colcon_installed_package_information.package_discovery:Found 142 installed packages in /opt/ros/humble
[1.509s] Level 1:colcon.colcon_core.package_discovery:discover_packages(prefix_path) using defaults
[1.670s] Level 5:colcon.colcon_core.verb:set package 'tracking_sub' build argument 'cmake_args' from command line to 'None'
[1.671s] Level 5:colcon.colcon_core.verb:set package 'tracking_sub' build argument 'cmake_target' from command line to 'None'
[1.671s] Level 5:colcon.colcon_core.verb:set package 'tracking_sub' build argument 'cmake_target_skip_unavailable' from command line to 'False'
[1.671s] Level 5:colcon.colcon_core.verb:set package 'tracking_sub' build argument 'cmake_clean_cache' from command line to 'False'
[1.671s] Level 5:colcon.colcon_core.verb:set package 'tracking_sub' build argument 'cmake_clean_first' from command line to 'False'
[1.671s] Level 5:colcon.colcon_core.verb:set package 'tracking_sub' build argument 'cmake_force_configure' from command line to 'False'
[1.671s] Level 5:colcon.colcon_core.verb:set package 'tracking_sub' build argument 'ament_cmake_args' from command line to 'None'
[1.671s] Level 5:colcon.colcon_core.verb:set package 'tracking_sub' build argument 'catkin_cmake_args' from command line to 'None'
[1.671s] Level 5:colcon.colcon_core.verb:set package 'tracking_sub' build argument 'catkin_skip_building_tests' from command line to 'False'
[1.672s] DEBUG:colcon.colcon_core.verb:Building package 'tracking_sub' with the following arguments: {'ament_cmake_args': None, 'build_base': '/ros2_ws/build/tracking_sub', 'catkin_cmake_args': None, 'catkin_skip_building_tests': False, 'cmake_args': None, 'cmake_clean_cache': False, 'cmake_clean_first': False, 'cmake_force_configure': False, 'cmake_target': None, 'cmake_target_skip_unavailable': False, 'install_base': '/ros2_ws/install/tracking_sub', 'merge_install': False, 'path': '/ros2_ws/src/tracking_sub', 'symlink_install': True, 'test_result_base': None}
[1.674s] INFO:colcon.colcon_core.executor:Executing jobs using 'parallel' executor
[1.690s] DEBUG:colcon.colcon_parallel_executor.executor.parallel:run_until_complete
[1.691s] INFO:colcon.colcon_ros.task.ament_python.build:Building ROS package in '/ros2_ws/src/tracking_sub' with build type 'ament_python'
[1.691s] Level 1:colcon.colcon_core.shell:create_environment_hook('tracking_sub', 'ament_prefix_path')
[1.711s] INFO:colcon.colcon_core.plugin_system:Skipping extension 'colcon_core.shell.bat': Not used on non-Windows systems
[1.712s] INFO:colcon.colcon_core.shell:Creating environment hook '/ros2_ws/install/tracking_sub/share/tracking_sub/hook/ament_prefix_path.ps1'
[1.714s] INFO:colcon.colcon_core.shell:Creating environment descriptor '/ros2_ws/install/tracking_sub/share/tracking_sub/hook/ament_prefix_path.dsv'
[1.716s] INFO:colcon.colcon_core.shell:Creating environment hook '/ros2_ws/install/tracking_sub/share/tracking_sub/hook/ament_prefix_path.sh'
[1.724s] INFO:colcon.colcon_core.shell:Skip shell extension 'powershell' for command environment: Not usable outside of PowerShell
[1.725s] DEBUG:colcon.colcon_core.shell:Skip shell extension 'dsv' for command environment
[2.626s] INFO:colcon.colcon_core.task.python.build:Building Python package in '/ros2_ws/src/tracking_sub'
[2.633s] INFO:colcon.colcon_core.shell:Skip shell extension 'powershell' for command environment: Not usable outside of PowerShell
[2.633s] DEBUG:colcon.colcon_core.shell:Skip shell extension 'dsv' for command environment
[3.799s] DEBUG:colcon.colcon_core.task.python.build:While undoing a previous installation files outside the Python library path are being ignored: /ros2_ws/install/tracking_sub/share/ament_index/resource_index/packages/tracking_sub
[3.799s] DEBUG:colcon.colcon_core.task.python.build:While undoing a previous installation files outside the Python library path are being ignored: /ros2_ws/install/tracking_sub/share/tracking_sub/package.xml
[3.800s] DEBUG:colcon.colcon_core.task.python.build:While undoing a previous installation files outside the Python library path are being ignored: /ros2_ws/install/tracking_sub/lib/tracking_sub/listener
[3.800s] DEBUG:colcon.colcon_core.task.python.build:While undoing a previous installation files outside the Python library path are being ignored: /ros2_ws/install/tracking_sub/lib/tracking_sub/speed_pub
[3.808s] DEBUG:colcon.colcon_core.event_handler.log_command:Invoking command in '/ros2_ws/build/tracking_sub': PYTHONPATH=/ros2_ws/build/tracking_sub/prefix_override:/ros2_ws/install/tracking_sub/lib/python3.10/site-packages:${PYTHONPATH} /usr/bin/python3 setup.py develop --editable --build-directory /ros2_ws/build/tracking_sub/build --no-deps install_data
[5.269s] Level 1:colcon.colcon_core.shell:create_environment_hook('tracking_sub', 'pythonpath_develop')
[5.276s] INFO:colcon.colcon_core.shell:Creating environment hook '/ros2_ws/build/tracking_sub/share/tracking_sub/hook/pythonpath_develop.ps1'
[5.277s] DEBUG:colcon.colcon_core.event_handler.log_command:Invoked command in '/ros2_ws/build/tracking_sub' returned '0': PYTHONPATH=/ros2_ws/build/tracking_sub/prefix_override:/ros2_ws/install/tracking_sub/lib/python3.10/site-packages:${PYTHONPATH} /usr/bin/python3 setup.py develop --editable --build-directory /ros2_ws/build/tracking_sub/build --no-deps install_data
[5.285s] INFO:colcon.colcon_core.shell:Creating environment descriptor '/ros2_ws/build/tracking_sub/share/tracking_sub/hook/pythonpath_develop.dsv'
[5.287s] INFO:colcon.colcon_core.shell:Creating environment hook '/ros2_ws/build/tracking_sub/share/tracking_sub/hook/pythonpath_develop.sh'
[5.308s] Level 1:colcon.colcon_core.environment:checking '/ros2_ws/install/tracking_sub' for CMake module files
[5.311s] Level 1:colcon.colcon_core.environment:checking '/ros2_ws/install/tracking_sub' for CMake config files
[5.314s] Level 1:colcon.colcon_core.environment:checking '/ros2_ws/install/tracking_sub/lib'
[5.315s] Level 1:colcon.colcon_core.environment:checking '/ros2_ws/install/tracking_sub/bin'
[5.315s] Level 1:colcon.colcon_core.environment:checking '/ros2_ws/install/tracking_sub/lib/pkgconfig/tracking_sub.pc'
[5.316s] Level 1:colcon.colcon_core.environment:checking '/ros2_ws/install/tracking_sub/lib/python3.10/site-packages'
[5.316s] Level 1:colcon.colcon_core.shell:create_environment_hook('tracking_sub', 'pythonpath')
[5.322s] INFO:colcon.colcon_core.shell:Creating environment hook '/ros2_ws/install/tracking_sub/share/tracking_sub/hook/pythonpath.ps1'
[5.324s] INFO:colcon.colcon_core.shell:Creating environment descriptor '/ros2_ws/install/tracking_sub/share/tracking_sub/hook/pythonpath.dsv'
[5.325s] INFO:colcon.colcon_core.shell:Creating environment hook '/ros2_ws/install/tracking_sub/share/tracking_sub/hook/pythonpath.sh'
[5.327s] Level 1:colcon.colcon_core.environment:checking '/ros2_ws/install/tracking_sub/bin'
[5.327s] Level 1:colcon.colcon_core.environment:create_environment_scripts_only(tracking_sub)
[5.334s] INFO:colcon.colcon_core.shell:Creating package script '/ros2_ws/install/tracking_sub/share/tracking_sub/package.ps1'
[5.338s] INFO:colcon.colcon_core.shell:Creating package descriptor '/ros2_ws/install/tracking_sub/share/tracking_sub/package.dsv'
[5.341s] INFO:colcon.colcon_core.shell:Creating package script '/ros2_ws/install/tracking_sub/share/tracking_sub/package.sh'
[5.345s] INFO:colcon.colcon_core.shell:Creating package script '/ros2_ws/install/tracking_sub/share/tracking_sub/package.bash'
[5.348s] INFO:colcon.colcon_core.shell:Creating package script '/ros2_ws/install/tracking_sub/share/tracking_sub/package.zsh'
[5.351s] Level 1:colcon.colcon_core.environment:create_file_with_runtime_dependencies(/ros2_ws/install/tracking_sub/share/colcon-core/packages/tracking_sub)
[5.353s] DEBUG:colcon.colcon_parallel_executor.executor.parallel:closing loop
[5.353s] DEBUG:colcon.colcon_parallel_executor.executor.parallel:loop closed
[5.354s] DEBUG:colcon.colcon_parallel_executor.executor.parallel:run_until_complete finished with '0'
[5.354s] DEBUG:colcon.colcon_core.event_reactor:joining thread
[5.376s] INFO:colcon.colcon_core.plugin_system:Skipping extension 'colcon_notification.desktop_notification.notify_send': Could not find 'notify-send'
[5.376s] INFO:colcon.colcon_core.plugin_system:Skipping extension 'colcon_notification.desktop_notification.terminal_notifier': Not used on non-Darwin systems
[5.377s] INFO:colcon.colcon_core.plugin_system:Skipping extension 'colcon_notification.desktop_notification.win32': Not used on non-Windows systems
[5.378s] INFO:colcon.colcon_notification.desktop_notification:Sending desktop notification using 'notify2'
[5.378s] DEBUG:colcon.colcon_notification.desktop_notification.notify2:Failed to initialize notify2: org.freedesktop.DBus.Error.NotSupported: Unable to autolaunch a dbus-daemon without a $DISPLAY for X11
[5.379s] DEBUG:colcon.colcon_core.event_reactor:joined thread
[5.387s] INFO:colcon.colcon_core.shell:Creating prefix script '/ros2_ws/install/local_setup.ps1'
[5.392s] INFO:colcon.colcon_core.shell:Creating prefix util module '/ros2_ws/install/_local_setup_util_ps1.py'
[5.399s] INFO:colcon.colcon_core.shell:Creating prefix chain script '/ros2_ws/install/setup.ps1'
[5.405s] INFO:colcon.colcon_core.shell:Creating prefix script '/ros2_ws/install/local_setup.sh'
[5.408s] INFO:colcon.colcon_core.shell:Creating prefix util module '/ros2_ws/install/_local_setup_util_sh.py'
[5.410s] INFO:colcon.colcon_core.shell:Creating prefix chain script '/ros2_ws/install/setup.sh'
[5.416s] INFO:colcon.colcon_core.shell:Creating prefix script '/ros2_ws/install/local_setup.bash'
[5.418s] INFO:colcon.colcon_core.shell:Creating prefix chain script '/ros2_ws/install/setup.bash'
[5.423s] INFO:colcon.colcon_core.shell:Creating prefix script '/ros2_ws/install/local_setup.zsh'
[5.425s] INFO:colcon.colcon_core.shell:Creating prefix chain script '/ros2_ws/install/setup.zsh'
