[2.159s] Invoking command in '/ros2_ws/src/tracking_sub': PYTHONPATH=/ros2_ws/build/tracking_sub/prefix_override:/ros2_ws/install/tracking_sub/lib/python3.10/site-packages:${PYTHONPATH} /usr/bin/python3 setup.py egg_info --egg-base ../../build/tracking_sub build --build-base /ros2_ws/build/tracking_sub/build install --record /ros2_ws/build/tracking_sub/install.log --single-version-externally-managed
[2.976s] running egg_info
[2.978s] writing ../../build/tracking_sub/tracking_sub.egg-info/PKG-INFO
[2.980s] writing dependency_links to ../../build/tracking_sub/tracking_sub.egg-info/dependency_links.txt
[2.981s] writing entry points to ../../build/tracking_sub/tracking_sub.egg-info/entry_points.txt
[2.981s] writing requirements to ../../build/tracking_sub/tracking_sub.egg-info/requires.txt
[2.982s] writing top-level names to ../../build/tracking_sub/tracking_sub.egg-info/top_level.txt
[2.988s] reading manifest file '../../build/tracking_sub/tracking_sub.egg-info/SOURCES.txt'
[2.992s] writing manifest file '../../build/tracking_sub/tracking_sub.egg-info/SOURCES.txt'
[2.992s] running build
[2.993s] running build_py
[2.993s] copying tracking_sub/subscriber.py -> /ros2_ws/build/tracking_sub/build/lib/tracking_sub
[2.994s] running install
[2.994s] /usr/lib/python3/dist-packages/setuptools/command/install.py:34: SetuptoolsDeprecationWarning: setup.py install is deprecated. Use build and pip and other standards-based tools.
[2.995s]   warnings.warn(
[2.996s] running install_lib
[2.999s] copying /ros2_ws/build/tracking_sub/build/lib/tracking_sub/subscriber.py -> /ros2_ws/install/tracking_sub/lib/python3.10/site-packages/tracking_sub
[3.001s] byte-compiling /ros2_ws/install/tracking_sub/lib/python3.10/site-packages/tracking_sub/subscriber.py to subscriber.cpython-310.pyc
[3.003s] running install_data
[3.005s] running install_egg_info
[3.011s] removing '/ros2_ws/install/tracking_sub/lib/python3.10/site-packages/tracking_sub-0.0.0-py3.10.egg-info' (and everything under it)
[3.012s] Copying ../../build/tracking_sub/tracking_sub.egg-info to /ros2_ws/install/tracking_sub/lib/python3.10/site-packages/tracking_sub-0.0.0-py3.10.egg-info
[3.015s] running install_scripts
[3.101s] Installing listener script to /ros2_ws/install/tracking_sub/lib/tracking_sub
[3.102s] writing list of installed files to '/ros2_ws/build/tracking_sub/install.log'
[3.223s] Invoked command in '/ros2_ws/src/tracking_sub' returned '0': PYTHONPATH=/ros2_ws/build/tracking_sub/prefix_override:/ros2_ws/install/tracking_sub/lib/python3.10/site-packages:${PYTHONPATH} /usr/bin/python3 setup.py egg_info --egg-base ../../build/tracking_sub build --build-base /ros2_ws/build/tracking_sub/build install --record /ros2_ws/build/tracking_sub/install.log --single-version-externally-managed
