[1.048s] Invoking command in '/ros2_ws/build/car_camera': PYTHONPATH=/ros2_ws/build/car_camera/prefix_override:/ros2_ws/install/car_camera/lib/python3.10/site-packages:${PYTHONPATH} /usr/bin/python3 setup.py develop --editable --build-directory /ros2_ws/build/car_camera/build --no-deps install_data
[1.249s] running develop
[1.326s] running egg_info
[1.326s] creating car_camera.egg-info
[1.326s] writing car_camera.egg-info/PKG-INFO
[1.326s] writing dependency_links to car_camera.egg-info/dependency_links.txt
[1.326s] writing entry points to car_camera.egg-info/entry_points.txt
[1.327s] writing requirements to car_camera.egg-info/requires.txt
[1.327s] writing top-level names to car_camera.egg-info/top_level.txt
[1.327s] writing manifest file 'car_camera.egg-info/SOURCES.txt'
[1.328s] reading manifest file 'car_camera.egg-info/SOURCES.txt'
[1.328s] writing manifest file 'car_camera.egg-info/SOURCES.txt'
[1.329s] running build_ext
[1.329s] Creating /ros2_ws/install/car_camera/lib/python3.10/site-packages/car-camera.egg-link (link to .)
[1.330s] Installing camera script to /ros2_ws/install/car_camera/lib/car_camera
[1.330s] 
[1.331s] Installed /ros2_ws/build/car_camera
[1.331s] running install_data
[1.331s] creating /ros2_ws/install/car_camera/share/ament_index
[1.331s] creating /ros2_ws/install/car_camera/share/ament_index/resource_index
[1.331s] creating /ros2_ws/install/car_camera/share/ament_index/resource_index/packages
[1.331s] copying resource/car_camera -> /ros2_ws/install/car_camera/share/ament_index/resource_index/packages
[1.331s] copying package.xml -> /ros2_ws/install/car_camera/share/car_camera
[1.359s] Invoked command in '/ros2_ws/build/car_camera' returned '0': PYTHONPATH=/ros2_ws/build/car_camera/prefix_override:/ros2_ws/install/car_camera/lib/python3.10/site-packages:${PYTHONPATH} /usr/bin/python3 setup.py develop --editable --build-directory /ros2_ws/build/car_camera/build --no-deps install_data
