[1.484s] Invoking command in '/ros2_ws/build/cv_basics': PYTHONPATH=/ros2_ws/build/cv_basics/prefix_override:/ros2_ws/install/cv_basics/lib/python3.10/site-packages:${PYTHONPATH} /usr/bin/python3 setup.py develop --editable --build-directory /ros2_ws/build/cv_basics/build --no-deps install_data
[1.687s] running develop
[1.772s] running egg_info
[1.772s] writing cv_basics.egg-info/PKG-INFO
[1.798s] writing dependency_links to cv_basics.egg-info/dependency_links.txt
[1.801s] writing entry points to cv_basics.egg-info/entry_points.txt
[1.823s] writing requirements to cv_basics.egg-info/requires.txt
[1.827s] writing top-level names to cv_basics.egg-info/top_level.txt
[1.834s] reading manifest file 'cv_basics.egg-info/SOURCES.txt'
[1.836s] writing manifest file 'cv_basics.egg-info/SOURCES.txt'
[1.840s] running build_ext
[1.840s] Creating /ros2_ws/install/cv_basics/lib/python3.10/site-packages/cv-basics.egg-link (link to .)
[1.843s] Installing pub script to /ros2_ws/install/cv_basics/lib/cv_basics
[1.844s] Installing receiver script to /ros2_ws/install/cv_basics/lib/cv_basics
[1.845s] Installing sub script to /ros2_ws/install/cv_basics/lib/cv_basics
[1.845s] Installing webcam script to /ros2_ws/install/cv_basics/lib/cv_basics
[1.845s] 
[1.845s] Installed /ros2_ws/build/cv_basics
[1.845s] running install_data
[1.940s] Invoked command in '/ros2_ws/build/cv_basics' returned '0': PYTHONPATH=/ros2_ws/build/cv_basics/prefix_override:/ros2_ws/install/cv_basics/lib/python3.10/site-packages:${PYTHONPATH} /usr/bin/python3 setup.py develop --editable --build-directory /ros2_ws/build/cv_basics/build --no-deps install_data
