[0.457s] Invoking command in '/ros2_ws/build/interfaces': CMAKE_PREFIX_PATH=${CMAKE_PREFIX_PATH}:/ros2_ws/install/tracking_sub:/ros2_ws/install/cv_basics:/ros2_ws/install/car_controller:/ros2_ws/install/car_camera:/opt/ros/humble /usr/local/bin/cmake --build /ros2_ws/build/interfaces -- -j12 -l12
[0.518s] [  2%] Built target interfaces__cpp
[0.518s] [ 12%] Built target interfaces__rosidl_generator_c
[0.527s] [ 12%] Built target ament_cmake_python_symlink_interfaces
[0.536s] [ 23%] Built target interfaces__rosidl_typesupport_cpp
[0.537s] [ 33%] Built target interfaces__rosidl_typesupport_c
[0.540s] [ 43%] Built target interfaces__rosidl_typesupport_introspection_cpp
[0.541s] [ 53%] Built target interfaces__rosidl_typesupport_introspection_c
[0.542s] [ 64%] Built target interfaces__rosidl_typesupport_fastrtps_cpp
[0.544s] [ 74%] Built target interfaces__rosidl_typesupport_fastrtps_c
[0.561s] [ 74%] Built target interfaces
[0.577s] [ 76%] Built target interfaces__py
[0.596s] [ 84%] Built target interfaces__rosidl_generator_py
[0.615s] [100%] Built target interfaces__rosidl_typesupport_introspection_c__pyext
[0.615s] [100%] Built target interfaces__rosidl_typesupport_c__pyext
[0.615s] [100%] Built target interfaces__rosidl_typesupport_fastrtps_c__pyext
[0.747s] running egg_info
[0.748s] writing interfaces.egg-info/PKG-INFO
[0.748s] writing dependency_links to interfaces.egg-info/dependency_links.txt
[0.748s] writing top-level names to interfaces.egg-info/top_level.txt
[0.750s] reading manifest file 'interfaces.egg-info/SOURCES.txt'
[0.750s] writing manifest file 'interfaces.egg-info/SOURCES.txt'
[0.773s] [100%] Built target ament_cmake_python_build_interfaces_egg
[0.787s] Invoked command in '/ros2_ws/build/interfaces' returned '0': CMAKE_PREFIX_PATH=${CMAKE_PREFIX_PATH}:/ros2_ws/install/tracking_sub:/ros2_ws/install/cv_basics:/ros2_ws/install/car_controller:/ros2_ws/install/car_camera:/opt/ros/humble /usr/local/bin/cmake --build /ros2_ws/build/interfaces -- -j12 -l12
[0.890s] Invoking command in '/ros2_ws/build/interfaces': CMAKE_PREFIX_PATH=${CMAKE_PREFIX_PATH}:/ros2_ws/install/tracking_sub:/ros2_ws/install/cv_basics:/ros2_ws/install/car_controller:/ros2_ws/install/car_camera:/opt/ros/humble /usr/local/bin/cmake --install /ros2_ws/build/interfaces
[0.917s] -- Install configuration: ""
[0.917s] -- Execute custom install script
[0.918s] -- Up-to-date symlink: /ros2_ws/install/interfaces/share/ament_index/resource_index/rosidl_interfaces/interfaces
[0.918s] -- Up-to-date symlink: /ros2_ws/install/interfaces/include/interfaces/interfaces/msg/rosidl_generator_c__visibility_control.h
[0.918s] -- Up-to-date symlink: /ros2_ws/install/interfaces/include/interfaces/interfaces/srv/car_action.h
[0.918s] -- Up-to-date symlink: /ros2_ws/install/interfaces/include/interfaces/interfaces/srv/detail/car_action__functions.h
[0.918s] -- Up-to-date symlink: /ros2_ws/install/interfaces/include/interfaces/interfaces/srv/detail/car_action__struct.h
[0.919s] -- Up-to-date symlink: /ros2_ws/install/interfaces/include/interfaces/interfaces/srv/detail/car_action__type_support.h
[0.919s] -- Up-to-date symlink: /ros2_ws/install/interfaces/include/interfaces/interfaces/srv/detail/tracking_data__functions.h
[0.919s] -- Up-to-date symlink: /ros2_ws/install/interfaces/include/interfaces/interfaces/srv/detail/tracking_data__struct.h
[0.919s] -- Up-to-date symlink: /ros2_ws/install/interfaces/include/interfaces/interfaces/srv/detail/tracking_data__type_support.h
[0.919s] -- Up-to-date symlink: /ros2_ws/install/interfaces/include/interfaces/interfaces/srv/tracking_data.h
[0.919s] -- Up-to-date symlink: /ros2_ws/install/interfaces/share/interfaces/environment/library_path.sh
[0.919s] -- Up-to-date symlink: /ros2_ws/install/interfaces/share/interfaces/environment/library_path.dsv
[0.920s] -- Up-to-date symlink: /ros2_ws/install/interfaces/include/interfaces/interfaces/msg/rosidl_typesupport_fastrtps_c__visibility_control.h
[0.920s] -- Up-to-date symlink: /ros2_ws/install/interfaces/include/interfaces/interfaces/srv/detail/car_action__rosidl_typesupport_fastrtps_c.h
[0.920s] -- Up-to-date symlink: /ros2_ws/install/interfaces/include/interfaces/interfaces/srv/detail/tracking_data__rosidl_typesupport_fastrtps_c.h
[0.920s] -- Up-to-date symlink: /ros2_ws/install/interfaces/include/interfaces/interfaces/msg/rosidl_typesupport_introspection_c__visibility_control.h
[0.921s] -- Up-to-date symlink: /ros2_ws/install/interfaces/include/interfaces/interfaces/srv/detail/car_action__rosidl_typesupport_introspection_c.h
[0.921s] -- Up-to-date symlink: /ros2_ws/install/interfaces/include/interfaces/interfaces/srv/detail/tracking_data__rosidl_typesupport_introspection_c.h
[0.921s] -- Up-to-date symlink: /ros2_ws/install/interfaces/include/interfaces/interfaces/srv/car_action.hpp
[0.921s] -- Up-to-date symlink: /ros2_ws/install/interfaces/include/interfaces/interfaces/srv/detail/car_action__builder.hpp
[0.921s] -- Up-to-date symlink: /ros2_ws/install/interfaces/include/interfaces/interfaces/srv/detail/car_action__struct.hpp
[0.921s] -- Up-to-date symlink: /ros2_ws/install/interfaces/include/interfaces/interfaces/srv/detail/car_action__traits.hpp
[0.921s] -- Up-to-date symlink: /ros2_ws/install/interfaces/include/interfaces/interfaces/srv/detail/tracking_data__builder.hpp
[0.922s] -- Up-to-date symlink: /ros2_ws/install/interfaces/include/interfaces/interfaces/srv/detail/tracking_data__struct.hpp
[0.922s] -- Up-to-date symlink: /ros2_ws/install/interfaces/include/interfaces/interfaces/srv/detail/tracking_data__traits.hpp
[0.922s] -- Up-to-date symlink: /ros2_ws/install/interfaces/include/interfaces/interfaces/srv/tracking_data.hpp
[0.922s] -- Up-to-date symlink: /ros2_ws/install/interfaces/include/interfaces/interfaces/msg/rosidl_typesupport_fastrtps_cpp__visibility_control.h
[0.922s] -- Up-to-date symlink: /ros2_ws/install/interfaces/include/interfaces/interfaces/srv/detail/car_action__rosidl_typesupport_fastrtps_cpp.hpp
[0.923s] -- Up-to-date symlink: /ros2_ws/install/interfaces/include/interfaces/interfaces/srv/detail/tracking_data__rosidl_typesupport_fastrtps_cpp.hpp
[0.923s] -- Up-to-date symlink: /ros2_ws/install/interfaces/include/interfaces/interfaces/srv/detail/car_action__rosidl_typesupport_introspection_cpp.hpp
[0.923s] -- Up-to-date symlink: /ros2_ws/install/interfaces/include/interfaces/interfaces/srv/detail/tracking_data__rosidl_typesupport_introspection_cpp.hpp
[0.923s] -- Up-to-date symlink: /ros2_ws/install/interfaces/share/interfaces/environment/pythonpath.sh
[0.923s] -- Up-to-date symlink: /ros2_ws/install/interfaces/share/interfaces/environment/pythonpath.dsv
[0.924s] -- Up-to-date symlink: /ros2_ws/install/interfaces/local/lib/python3.10/dist-packages/interfaces-0.0.0-py3.10.egg-info/PKG-INFO
[0.924s] -- Up-to-date symlink: /ros2_ws/install/interfaces/local/lib/python3.10/dist-packages/interfaces-0.0.0-py3.10.egg-info/SOURCES.txt
[0.924s] -- Up-to-date symlink: /ros2_ws/install/interfaces/local/lib/python3.10/dist-packages/interfaces-0.0.0-py3.10.egg-info/dependency_links.txt
[0.924s] -- Up-to-date symlink: /ros2_ws/install/interfaces/local/lib/python3.10/dist-packages/interfaces-0.0.0-py3.10.egg-info/top_level.txt
[0.924s] -- Up-to-date symlink: /ros2_ws/install/interfaces/local/lib/python3.10/dist-packages/interfaces/__init__.py
[0.925s] -- Up-to-date symlink: /ros2_ws/install/interfaces/local/lib/python3.10/dist-packages/interfaces/_interfaces_s.ep.rosidl_typesupport_c.c
[0.925s] -- Up-to-date symlink: /ros2_ws/install/interfaces/local/lib/python3.10/dist-packages/interfaces/_interfaces_s.ep.rosidl_typesupport_fastrtps_c.c
[0.925s] -- Up-to-date symlink: /ros2_ws/install/interfaces/local/lib/python3.10/dist-packages/interfaces/_interfaces_s.ep.rosidl_typesupport_introspection_c.c
[0.925s] -- Up-to-date symlink: /ros2_ws/install/interfaces/local/lib/python3.10/dist-packages/interfaces/interfaces_s__rosidl_typesupport_c.cpython-310-x86_64-linux-gnu.so
[0.925s] -- Up-to-date symlink: /ros2_ws/install/interfaces/local/lib/python3.10/dist-packages/interfaces/interfaces_s__rosidl_typesupport_fastrtps_c.cpython-310-x86_64-linux-gnu.so
[0.925s] -- Up-to-date symlink: /ros2_ws/install/interfaces/local/lib/python3.10/dist-packages/interfaces/interfaces_s__rosidl_typesupport_introspection_c.cpython-310-x86_64-linux-gnu.so
[0.925s] -- Up-to-date symlink: /ros2_ws/install/interfaces/local/lib/python3.10/dist-packages/interfaces/libinterfaces__rosidl_generator_py.so
[0.925s] -- Up-to-date symlink: /ros2_ws/install/interfaces/local/lib/python3.10/dist-packages/interfaces/srv/__init__.py
[0.925s] -- Up-to-date symlink: /ros2_ws/install/interfaces/local/lib/python3.10/dist-packages/interfaces/srv/_car_action.py
[0.925s] -- Up-to-date symlink: /ros2_ws/install/interfaces/local/lib/python3.10/dist-packages/interfaces/srv/_car_action_s.c
[0.926s] -- Up-to-date symlink: /ros2_ws/install/interfaces/local/lib/python3.10/dist-packages/interfaces/srv/_tracking_data.py
[0.926s] -- Up-to-date symlink: /ros2_ws/install/interfaces/local/lib/python3.10/dist-packages/interfaces/srv/_tracking_data_s.c
[0.926s] -- Up-to-date symlink: /ros2_ws/install/interfaces/local/lib/python3.10/dist-packages/interfaces/interfaces_s__rosidl_typesupport_fastrtps_c.cpython-310-x86_64-linux-gnu.so
[0.926s] -- Up-to-date symlink: /ros2_ws/install/interfaces/local/lib/python3.10/dist-packages/interfaces/interfaces_s__rosidl_typesupport_introspection_c.cpython-310-x86_64-linux-gnu.so
[0.926s] -- Up-to-date symlink: /ros2_ws/install/interfaces/local/lib/python3.10/dist-packages/interfaces/interfaces_s__rosidl_typesupport_c.cpython-310-x86_64-linux-gnu.so
[0.926s] -- Up-to-date symlink: /ros2_ws/install/interfaces/share/interfaces/srv/TrackingData.idl
[0.927s] -- Up-to-date symlink: /ros2_ws/install/interfaces/share/interfaces/srv/CarAction.idl
[0.927s] -- Up-to-date symlink: /ros2_ws/install/interfaces/share/interfaces/srv/TrackingData.srv
[0.927s] -- Up-to-date symlink: /ros2_ws/install/interfaces/share/interfaces/srv/TrackingData_Request.msg
[0.927s] -- Up-to-date symlink: /ros2_ws/install/interfaces/share/interfaces/srv/TrackingData_Response.msg
[0.927s] -- Up-to-date symlink: /ros2_ws/install/interfaces/share/interfaces/srv/CarAction.srv
[0.927s] -- Up-to-date symlink: /ros2_ws/install/interfaces/share/interfaces/srv/CarAction_Request.msg
[0.927s] -- Up-to-date symlink: /ros2_ws/install/interfaces/share/interfaces/srv/CarAction_Response.msg
[0.928s] -- Up-to-date symlink: /ros2_ws/install/interfaces/share/ament_index/resource_index/package_run_dependencies/interfaces
[0.928s] -- Up-to-date symlink: /ros2_ws/install/interfaces/share/ament_index/resource_index/parent_prefix_path/interfaces
[0.928s] -- Up-to-date symlink: /ros2_ws/install/interfaces/share/interfaces/environment/ament_prefix_path.sh
[0.928s] -- Up-to-date symlink: /ros2_ws/install/interfaces/share/interfaces/environment/ament_prefix_path.dsv
[0.928s] -- Up-to-date symlink: /ros2_ws/install/interfaces/share/interfaces/environment/path.sh
[0.928s] -- Up-to-date symlink: /ros2_ws/install/interfaces/share/interfaces/environment/path.dsv
[0.929s] -- Up-to-date symlink: /ros2_ws/install/interfaces/share/interfaces/local_setup.bash
[0.929s] -- Up-to-date symlink: /ros2_ws/install/interfaces/share/interfaces/local_setup.sh
[0.929s] -- Up-to-date symlink: /ros2_ws/install/interfaces/share/interfaces/local_setup.zsh
[0.929s] -- Up-to-date symlink: /ros2_ws/install/interfaces/share/interfaces/local_setup.dsv
[0.929s] -- Symlinking: /ros2_ws/install/interfaces/share/interfaces/package.dsv
[0.936s] -- Up-to-date symlink: /ros2_ws/install/interfaces/share/ament_index/resource_index/packages/interfaces
[0.936s] -- Up-to-date symlink: /ros2_ws/install/interfaces/share/interfaces/cmake/rosidl_cmake-extras.cmake
[0.937s] -- Up-to-date symlink: /ros2_ws/install/interfaces/share/interfaces/cmake/ament_cmake_export_include_directories-extras.cmake
[0.937s] -- Up-to-date symlink: /ros2_ws/install/interfaces/share/interfaces/cmake/ament_cmake_export_libraries-extras.cmake
[0.937s] -- Up-to-date symlink: /ros2_ws/install/interfaces/share/interfaces/cmake/ament_cmake_export_targets-extras.cmake
[0.937s] -- Up-to-date symlink: /ros2_ws/install/interfaces/share/interfaces/cmake/rosidl_cmake_export_typesupport_targets-extras.cmake
[0.937s] -- Up-to-date symlink: /ros2_ws/install/interfaces/share/interfaces/cmake/ament_cmake_export_dependencies-extras.cmake
[0.937s] -- Up-to-date symlink: /ros2_ws/install/interfaces/share/interfaces/cmake/rosidl_cmake_export_typesupport_libraries-extras.cmake
[0.937s] -- Up-to-date symlink: /ros2_ws/install/interfaces/share/interfaces/cmake/interfacesConfig.cmake
[0.937s] -- Up-to-date symlink: /ros2_ws/install/interfaces/share/interfaces/cmake/interfacesConfig-version.cmake
[0.938s] -- Up-to-date symlink: /ros2_ws/install/interfaces/share/interfaces/package.xml
[0.938s] -- Up-to-date: /ros2_ws/install/interfaces/lib/libinterfaces__rosidl_generator_c.so
[0.938s] -- Up-to-date: /ros2_ws/install/interfaces/lib/libinterfaces__rosidl_typesupport_fastrtps_c.so
[0.938s] -- Up-to-date: /ros2_ws/install/interfaces/lib/libinterfaces__rosidl_typesupport_introspection_c.so
[0.938s] -- Up-to-date: /ros2_ws/install/interfaces/lib/libinterfaces__rosidl_typesupport_c.so
[0.939s] -- Up-to-date: /ros2_ws/install/interfaces/lib/libinterfaces__rosidl_typesupport_fastrtps_cpp.so
[0.939s] -- Up-to-date: /ros2_ws/install/interfaces/lib/libinterfaces__rosidl_typesupport_introspection_cpp.so
[0.939s] -- Up-to-date: /ros2_ws/install/interfaces/lib/libinterfaces__rosidl_typesupport_cpp.so
[0.971s] Listing '/ros2_ws/install/interfaces/local/lib/python3.10/dist-packages/interfaces'...
[0.971s] Listing '/ros2_ws/install/interfaces/local/lib/python3.10/dist-packages/interfaces/srv'...
[0.976s] -- Up-to-date: /ros2_ws/install/interfaces/lib/libinterfaces__rosidl_generator_py.so
[0.977s] -- Up-to-date: /ros2_ws/install/interfaces/share/interfaces/cmake/export_interfaces__rosidl_generator_cExport.cmake
[0.977s] -- Up-to-date: /ros2_ws/install/interfaces/share/interfaces/cmake/export_interfaces__rosidl_generator_cExport-noconfig.cmake
[0.977s] -- Up-to-date: /ros2_ws/install/interfaces/share/interfaces/cmake/export_interfaces__rosidl_typesupport_fastrtps_cExport.cmake
[0.977s] -- Up-to-date: /ros2_ws/install/interfaces/share/interfaces/cmake/export_interfaces__rosidl_typesupport_fastrtps_cExport-noconfig.cmake
[0.977s] -- Up-to-date: /ros2_ws/install/interfaces/share/interfaces/cmake/interfaces__rosidl_typesupport_introspection_cExport.cmake
[0.977s] -- Up-to-date: /ros2_ws/install/interfaces/share/interfaces/cmake/interfaces__rosidl_typesupport_introspection_cExport-noconfig.cmake
[0.978s] -- Up-to-date: /ros2_ws/install/interfaces/share/interfaces/cmake/interfaces__rosidl_typesupport_cExport.cmake
[0.978s] -- Up-to-date: /ros2_ws/install/interfaces/share/interfaces/cmake/interfaces__rosidl_typesupport_cExport-noconfig.cmake
[0.978s] -- Up-to-date: /ros2_ws/install/interfaces/share/interfaces/cmake/export_interfaces__rosidl_generator_cppExport.cmake
[0.978s] -- Up-to-date: /ros2_ws/install/interfaces/share/interfaces/cmake/export_interfaces__rosidl_typesupport_fastrtps_cppExport.cmake
[0.978s] -- Up-to-date: /ros2_ws/install/interfaces/share/interfaces/cmake/export_interfaces__rosidl_typesupport_fastrtps_cppExport-noconfig.cmake
[0.978s] -- Up-to-date: /ros2_ws/install/interfaces/share/interfaces/cmake/interfaces__rosidl_typesupport_introspection_cppExport.cmake
[0.978s] -- Up-to-date: /ros2_ws/install/interfaces/share/interfaces/cmake/interfaces__rosidl_typesupport_introspection_cppExport-noconfig.cmake
[0.978s] -- Up-to-date: /ros2_ws/install/interfaces/share/interfaces/cmake/interfaces__rosidl_typesupport_cppExport.cmake
[0.979s] -- Up-to-date: /ros2_ws/install/interfaces/share/interfaces/cmake/interfaces__rosidl_typesupport_cppExport-noconfig.cmake
[0.979s] -- Up-to-date: /ros2_ws/install/interfaces/share/interfaces/cmake/export_interfaces__rosidl_generator_pyExport.cmake
[0.979s] -- Up-to-date: /ros2_ws/install/interfaces/share/interfaces/cmake/export_interfaces__rosidl_generator_pyExport-noconfig.cmake
[0.986s] Invoked command in '/ros2_ws/build/interfaces' returned '0': CMAKE_PREFIX_PATH=${CMAKE_PREFIX_PATH}:/ros2_ws/install/tracking_sub:/ros2_ws/install/cv_basics:/ros2_ws/install/car_controller:/ros2_ws/install/car_camera:/opt/ros/humble /usr/local/bin/cmake --install /ros2_ws/build/interfaces
