[0.473s] Invoking command in '/ros2_ws/build/interfaces': CMAKE_PREFIX_PATH=${CMAKE_PREFIX_PATH}:/ros2_ws/install/car_controller:/ros2_ws/install/tracking_sub:/ros2_ws/install/cv_basics:/ros2_ws/install/car_camera:/opt/ros/humble /usr/bin/cmake --build /ros2_ws/build/interfaces -- -j12 -l12
[0.493s] [33mCMake Warning (dev) at CMakeLists.txt:16:
[0.493s]   Syntax Warning in cmake code at column 25
[0.493s] 
[0.493s]   Argument not separated from preceding token by whitespace.
[0.493s] This warning is for project developers.  Use -Wno-dev to suppress it.
[0.493s] [0m
[0.513s] -- Found ament_cmake: 1.3.5 (/opt/ros/humble/share/ament_cmake/cmake)
[0.733s] -- Override CMake install command with custom implementation using symlinks instead of copying resources
[0.783s] -- Found rosidl_default_generators: 1.2.0 (/opt/ros/humble/share/rosidl_default_generators/cmake)
[0.789s] -- Using all available rosidl_typesupport_c: rosidl_typesupport_fastrtps_c;rosidl_typesupport_introspection_c
[0.806s] -- Found rosidl_adapter: 3.1.4 (/opt/ros/humble/share/rosidl_adapter/cmake)
[0.874s] -- Using all available rosidl_typesupport_cpp: rosidl_typesupport_fastrtps_cpp;rosidl_typesupport_introspection_cpp
[0.939s] [31mCMake Error at /opt/ros/humble/share/rosidl_cmake/cmake/rosidl_generate_interfaces.cmake:93 (message):
[0.939s]   rosidl_generate_interfaces() the passed file ',' doesn't exist relative to
[0.939s]   the CMAKE_CURRENT_SOURCE_DIR '/ros2_ws/src/interfaces'
[0.939s] Call Stack (most recent call first):
[0.939s]   CMakeLists.txt:15 (rosidl_generate_interfaces)
[0.939s] 
[0.939s] [0m
[0.940s] -- Configuring incomplete, errors occurred!
[0.940s] See also "/ros2_ws/build/interfaces/CMakeFiles/CMakeOutput.log".
[0.945s] gmake: *** [Makefile:747: cmake_check_build_system] Error 1
[0.947s] Invoked command in '/ros2_ws/build/interfaces' returned '2': CMAKE_PREFIX_PATH=${CMAKE_PREFIX_PATH}:/ros2_ws/install/car_controller:/ros2_ws/install/tracking_sub:/ros2_ws/install/cv_basics:/ros2_ws/install/car_camera:/opt/ros/humble /usr/bin/cmake --build /ros2_ws/build/interfaces -- -j12 -l12
