running develop
/usr/lib/python3/dist-packages/setuptools/command/easy_install.py:158: EasyInstallDeprecationWarning: easy_install command is deprecated. Use build and pip and other standards-based tools.
  warnings.warn(
/usr/lib/python3/dist-packages/setuptools/command/install.py:34: SetuptoolsDeprecationWarning: setup.py install is deprecated. Use build and pip and other standards-based tools.
  warnings.warn(
running egg_info
writing cv_basics.egg-info/PKG-INFO
writing dependency_links to cv_basics.egg-info/dependency_links.txt
writing entry points to cv_basics.egg-info/entry_points.txt
writing requirements to cv_basics.egg-info/requires.txt
writing top-level names to cv_basics.egg-info/top_level.txt
reading manifest file 'cv_basics.egg-info/SOURCES.txt'
writing manifest file 'cv_basics.egg-info/SOURCES.txt'
running build_ext
Creating /ros2_ws/install/cv_basics/lib/python3.10/site-packages/cv-basics.egg-link (link to .)
Installing receiver script to /ros2_ws/install/cv_basics/lib/cv_basics
Installing webcam script to /ros2_ws/install/cv_basics/lib/cv_basics

Installed /ros2_ws/build/cv_basics
running install_data
copying package.xml -> /ros2_ws/install/cv_basics/share/cv_basics
