[1.075s] Invoking command in '/ros2_ws/build/cv_basics': PYTHONPATH=/ros2_ws/build/cv_basics/prefix_override:/ros2_ws/install/cv_basics/lib/python3.10/site-packages:${PYTHONPATH} /usr/bin/python3 setup.py develop --editable --build-directory /ros2_ws/build/cv_basics/build --no-deps install_data
[1.292s] running develop
[1.381s] running egg_info
[1.381s] creating cv_basics.egg-info
[1.382s] writing cv_basics.egg-info/PKG-INFO
[1.382s] writing dependency_links to cv_basics.egg-info/dependency_links.txt
[1.382s] writing entry points to cv_basics.egg-info/entry_points.txt
[1.382s] writing requirements to cv_basics.egg-info/requires.txt
[1.382s] writing top-level names to cv_basics.egg-info/top_level.txt
[1.382s] writing manifest file 'cv_basics.egg-info/SOURCES.txt'
[1.383s] reading manifest file 'cv_basics.egg-info/SOURCES.txt'
[1.384s] writing manifest file 'cv_basics.egg-info/SOURCES.txt'
[1.404s] running build_ext
[1.405s] Creating /ros2_ws/install/cv_basics/lib/python3.10/site-packages/cv-basics.egg-link (link to .)
[1.405s] Installing webcam script to /ros2_ws/install/cv_basics/lib/cv_basics
[1.405s] 
[1.406s] Installed /ros2_ws/build/cv_basics
[1.406s] running install_data
[1.406s] creating /ros2_ws/install/cv_basics/share/ament_index
[1.406s] creating /ros2_ws/install/cv_basics/share/ament_index/resource_index
[1.406s] creating /ros2_ws/install/cv_basics/share/ament_index/resource_index/packages
[1.406s] copying resource/cv_basics -> /ros2_ws/install/cv_basics/share/ament_index/resource_index/packages
[1.406s] copying package.xml -> /ros2_ws/install/cv_basics/share/cv_basics
[1.435s] Invoked command in '/ros2_ws/build/cv_basics' returned '0': PYTHONPATH=/ros2_ws/build/cv_basics/prefix_override:/ros2_ws/install/cv_basics/lib/python3.10/site-packages:${PYTHONPATH} /usr/bin/python3 setup.py develop --editable --build-directory /ros2_ws/build/cv_basics/build --no-deps install_data
