[1.001s] Invoking command in '/ros2_ws/build/car_controller': PYTHONPATH=/ros2_ws/build/car_controller/prefix_override:/ros2_ws/install/car_controller/lib/python3.10/site-packages:${PYTHONPATH} /usr/bin/python3 setup.py develop --editable --build-directory /ros2_ws/build/car_controller/build --no-deps install_data
[1.233s] running develop
[1.331s] running egg_info
[1.332s] writing car_controller.egg-info/PKG-INFO
[1.332s] writing dependency_links to car_controller.egg-info/dependency_links.txt
[1.332s] writing entry points to car_controller.egg-info/entry_points.txt
[1.332s] writing requirements to car_controller.egg-info/requires.txt
[1.332s] writing top-level names to car_controller.egg-info/top_level.txt
[1.333s] reading manifest file 'car_controller.egg-info/SOURCES.txt'
[1.334s] writing manifest file 'car_controller.egg-info/SOURCES.txt'
[1.335s] running build_ext
[1.335s] Creating /ros2_ws/install/car_controller/lib/python3.10/site-packages/car-controller.egg-link (link to .)
[1.336s] Installing car_camera_rcv script to /ros2_ws/install/car_controller/lib/car_controller
[1.336s] Installing car_controller script to /ros2_ws/install/car_controller/lib/car_controller
[1.336s] Installing net script to /ros2_ws/install/car_controller/lib/car_controller
[1.336s] Installing net_sb3 script to /ros2_ws/install/car_controller/lib/car_controller
[1.337s] 
[1.337s] Installed /ros2_ws/build/car_controller
[1.337s] running install_data
[1.362s] Invoked command in '/ros2_ws/build/car_controller' returned '0': PYTHONPATH=/ros2_ws/build/car_controller/prefix_override:/ros2_ws/install/car_controller/lib/python3.10/site-packages:${PYTHONPATH} /usr/bin/python3 setup.py develop --editable --build-directory /ros2_ws/build/car_controller/build --no-deps install_data
