[1.016s] Invoking command in '/ros2_ws/build/car_controller': PYTHONPATH=/ros2_ws/build/car_controller/prefix_override:/ros2_ws/install/car_controller/lib/python3.10/site-packages:${PYTHONPATH} /usr/bin/python3 setup.py develop --editable --build-directory /ros2_ws/build/car_controller/build --no-deps install_data
[1.246s] running develop
[1.347s] running egg_info
[1.347s] writing car_controller.egg-info/PKG-INFO
[1.347s] writing dependency_links to car_controller.egg-info/dependency_links.txt
[1.347s] writing entry points to car_controller.egg-info/entry_points.txt
[1.348s] writing requirements to car_controller.egg-info/requires.txt
[1.348s] writing top-level names to car_controller.egg-info/top_level.txt
[1.349s] reading manifest file 'car_controller.egg-info/SOURCES.txt'
[1.350s] writing manifest file 'car_controller.egg-info/SOURCES.txt'
[1.351s] running build_ext
[1.351s] Creating /ros2_ws/install/car_controller/lib/python3.10/site-packages/car-controller.egg-link (link to .)
[1.352s] Installing car_camera_rcv script to /ros2_ws/install/car_controller/lib/car_controller
[1.352s] Installing car_controller script to /ros2_ws/install/car_controller/lib/car_controller
[1.352s] Installing net script to /ros2_ws/install/car_controller/lib/car_controller
[1.352s] Installing net_sb3 script to /ros2_ws/install/car_controller/lib/car_controller
[1.353s] Installing tracking script to /ros2_ws/install/car_controller/lib/car_controller
[1.353s] 
[1.353s] Installed /ros2_ws/build/car_controller
[1.353s] running install_data
[1.378s] Invoked command in '/ros2_ws/build/car_controller' returned '0': PYTHONPATH=/ros2_ws/build/car_controller/prefix_override:/ros2_ws/install/car_controller/lib/python3.10/site-packages:${PYTHONPATH} /usr/bin/python3 setup.py develop --editable --build-directory /ros2_ws/build/car_controller/build --no-deps install_data
