[1.626s] DEBUG:colcon:Command line arguments: ['/usr/bin/colcon', 'build']
[1.626s] DEBUG:colcon:Parsed command line arguments: Namespace(log_base=None, log_level=None, verb_name='build', build_base='build', install_base='install', merge_install=False, symlink_install=False, test_result_base=None, continue_on_error=False, executor='parallel', parallel_workers=4, event_handlers=None, ignore_user_meta=False, metas=['./colcon.meta'], base_paths=['.'], packages_ignore=None, packages_ignore_regex=None, paths=None, packages_up_to=None, packages_up_to_regex=None, packages_above=None, packages_above_and_dependencies=None, packages_above_depth=None, packages_select_by_dep=None, packages_skip_by_dep=None, packages_skip_up_to=None, packages_select_build_failed=False, packages_skip_build_finished=False, packages_select_test_failures=False, packages_skip_test_passed=False, packages_select=None, packages_skip=None, packages_select_regex=None, packages_skip_regex=None, packages_start=None, packages_end=None, allow_overriding=[], cmake_args=None, cmake_target=None, cmake_target_skip_unavailable=False, cmake_clean_cache=False, cmake_clean_first=False, cmake_force_configure=False, ament_cmake_args=None, catkin_cmake_args=None, catkin_skip_building_tests=False, verb_parser=<colcon_defaults.argument_parser.defaults.DefaultArgumentsDecorator object at 0x7f8b072140>, verb_extension=<colcon_core.verb.build.BuildVerb object at 0x7f8b8fd330>, main=<bound method BuildVerb.main of <colcon_core.verb.build.BuildVerb object at 0x7f8b8fd330>>)
[1.813s] Level 1:colcon.colcon_core.package_discovery:discover_packages(colcon_meta) check parameters
[1.813s] Level 1:colcon.colcon_core.package_discovery:discover_packages(recursive) check parameters
[1.813s] Level 1:colcon.colcon_core.package_discovery:discover_packages(ignore) check parameters
[1.814s] Level 1:colcon.colcon_core.package_discovery:discover_packages(path) check parameters
[1.814s] Level 1:colcon.colcon_core.package_discovery:discover_packages(colcon_meta) discover
[1.814s] Level 1:colcon.colcon_core.package_discovery:discover_packages(recursive) discover
[1.814s] INFO:colcon.colcon_core.package_discovery:Crawling recursively for packages in '/ros2_ws'
[1.814s] Level 1:colcon.colcon_core.package_identification:_identify(.) by extensions ['ignore', 'ignore_ament_install']
[1.815s] Level 1:colcon.colcon_core.package_identification:_identify(.) by extension 'ignore'
[1.815s] Level 1:colcon.colcon_core.package_identification:_identify(.) by extension 'ignore_ament_install'
[1.815s] Level 1:colcon.colcon_core.package_identification:_identify(.) by extensions ['colcon_pkg']
[1.816s] Level 1:colcon.colcon_core.package_identification:_identify(.) by extension 'colcon_pkg'
[1.816s] Level 1:colcon.colcon_core.package_identification:_identify(.) by extensions ['colcon_meta']
[1.816s] Level 1:colcon.colcon_core.package_identification:_identify(.) by extension 'colcon_meta'
[1.816s] Level 1:colcon.colcon_core.package_identification:_identify(.) by extensions ['ros']
[1.817s] Level 1:colcon.colcon_core.package_identification:_identify(.) by extension 'ros'
[1.924s] Level 1:colcon.colcon_core.package_identification:_identify(.) by extensions ['cmake', 'python']
[1.925s] Level 1:colcon.colcon_core.package_identification:_identify(.) by extension 'cmake'
[1.925s] Level 1:colcon.colcon_core.package_identification:_identify(.) by extension 'python'
[1.925s] Level 1:colcon.colcon_core.package_identification:_identify(.) by extensions ['python_setup_py']
[1.925s] Level 1:colcon.colcon_core.package_identification:_identify(.) by extension 'python_setup_py'
[1.926s] Level 1:colcon.colcon_core.package_identification:_identify(build) by extensions ['ignore', 'ignore_ament_install']
[1.926s] Level 1:colcon.colcon_core.package_identification:_identify(build) by extension 'ignore'
[1.926s] Level 1:colcon.colcon_core.package_identification:_identify(build) ignored
[1.927s] Level 1:colcon.colcon_core.package_identification:_identify(install) by extensions ['ignore', 'ignore_ament_install']
[1.927s] Level 1:colcon.colcon_core.package_identification:_identify(install) by extension 'ignore'
[1.928s] Level 1:colcon.colcon_core.package_identification:_identify(install) ignored
[1.928s] Level 1:colcon.colcon_core.package_identification:_identify(log) by extensions ['ignore', 'ignore_ament_install']
[1.929s] Level 1:colcon.colcon_core.package_identification:_identify(log) by extension 'ignore'
[1.929s] Level 1:colcon.colcon_core.package_identification:_identify(log) ignored
[1.931s] Level 1:colcon.colcon_core.package_identification:_identify(src) by extensions ['ignore', 'ignore_ament_install']
[1.932s] Level 1:colcon.colcon_core.package_identification:_identify(src) by extension 'ignore'
[1.932s] Level 1:colcon.colcon_core.package_identification:_identify(src) by extension 'ignore_ament_install'
[1.932s] Level 1:colcon.colcon_core.package_identification:_identify(src) by extensions ['colcon_pkg']
[1.933s] Level 1:colcon.colcon_core.package_identification:_identify(src) by extension 'colcon_pkg'
[1.933s] Level 1:colcon.colcon_core.package_identification:_identify(src) by extensions ['colcon_meta']
[1.933s] Level 1:colcon.colcon_core.package_identification:_identify(src) by extension 'colcon_meta'
[1.933s] Level 1:colcon.colcon_core.package_identification:_identify(src) by extensions ['ros']
[1.933s] Level 1:colcon.colcon_core.package_identification:_identify(src) by extension 'ros'
[1.934s] Level 1:colcon.colcon_core.package_identification:_identify(src) by extensions ['cmake', 'python']
[1.934s] Level 1:colcon.colcon_core.package_identification:_identify(src) by extension 'cmake'
[1.934s] Level 1:colcon.colcon_core.package_identification:_identify(src) by extension 'python'
[1.934s] Level 1:colcon.colcon_core.package_identification:_identify(src) by extensions ['python_setup_py']
[1.935s] Level 1:colcon.colcon_core.package_identification:_identify(src) by extension 'python_setup_py'
[1.935s] Level 1:colcon.colcon_core.package_identification:_identify(src/tracking_sub) by extensions ['ignore', 'ignore_ament_install']
[1.936s] Level 1:colcon.colcon_core.package_identification:_identify(src/tracking_sub) by extension 'ignore'
[1.936s] Level 1:colcon.colcon_core.package_identification:_identify(src/tracking_sub) by extension 'ignore_ament_install'
[1.936s] Level 1:colcon.colcon_core.package_identification:_identify(src/tracking_sub) by extensions ['colcon_pkg']
[1.936s] Level 1:colcon.colcon_core.package_identification:_identify(src/tracking_sub) by extension 'colcon_pkg'
[1.937s] Level 1:colcon.colcon_core.package_identification:_identify(src/tracking_sub) by extensions ['colcon_meta']
[1.937s] Level 1:colcon.colcon_core.package_identification:_identify(src/tracking_sub) by extension 'colcon_meta'
[1.937s] Level 1:colcon.colcon_core.package_identification:_identify(src/tracking_sub) by extensions ['ros']
[1.937s] Level 1:colcon.colcon_core.package_identification:_identify(src/tracking_sub) by extension 'ros'
[1.952s] DEBUG:colcon.colcon_core.package_identification:Package 'src/tracking_sub' with type 'ros.ament_python' and name 'tracking_sub'
[1.952s] Level 1:colcon.colcon_core.package_discovery:discover_packages(recursive) using defaults
[1.953s] Level 1:colcon.colcon_core.package_discovery:discover_packages(ignore) discover
[1.953s] Level 1:colcon.colcon_core.package_discovery:discover_packages(ignore) using defaults
[1.953s] Level 1:colcon.colcon_core.package_discovery:discover_packages(path) discover
[1.953s] Level 1:colcon.colcon_core.package_discovery:discover_packages(path) using defaults
[2.094s] Level 1:colcon.colcon_core.package_discovery:discover_packages(prefix_path) check parameters
[2.094s] Level 1:colcon.colcon_core.package_discovery:discover_packages(prefix_path) discover
[2.114s] DEBUG:colcon.colcon_installed_package_information.package_discovery:Found 142 installed packages in /opt/ros/humble
[2.119s] Level 1:colcon.colcon_core.package_discovery:discover_packages(prefix_path) using defaults
[2.331s] Level 5:colcon.colcon_core.verb:set package 'tracking_sub' build argument 'cmake_args' from command line to 'None'
[2.331s] Level 5:colcon.colcon_core.verb:set package 'tracking_sub' build argument 'cmake_target' from command line to 'None'
[2.332s] Level 5:colcon.colcon_core.verb:set package 'tracking_sub' build argument 'cmake_target_skip_unavailable' from command line to 'False'
[2.332s] Level 5:colcon.colcon_core.verb:set package 'tracking_sub' build argument 'cmake_clean_cache' from command line to 'False'
[2.332s] Level 5:colcon.colcon_core.verb:set package 'tracking_sub' build argument 'cmake_clean_first' from command line to 'False'
[2.332s] Level 5:colcon.colcon_core.verb:set package 'tracking_sub' build argument 'cmake_force_configure' from command line to 'False'
[2.332s] Level 5:colcon.colcon_core.verb:set package 'tracking_sub' build argument 'ament_cmake_args' from command line to 'None'
[2.332s] Level 5:colcon.colcon_core.verb:set package 'tracking_sub' build argument 'catkin_cmake_args' from command line to 'None'
[2.332s] Level 5:colcon.colcon_core.verb:set package 'tracking_sub' build argument 'catkin_skip_building_tests' from command line to 'False'
[2.333s] DEBUG:colcon.colcon_core.verb:Building package 'tracking_sub' with the following arguments: {'ament_cmake_args': None, 'build_base': '/ros2_ws/build/tracking_sub', 'catkin_cmake_args': None, 'catkin_skip_building_tests': False, 'cmake_args': None, 'cmake_clean_cache': False, 'cmake_clean_first': False, 'cmake_force_configure': False, 'cmake_target': None, 'cmake_target_skip_unavailable': False, 'install_base': '/ros2_ws/install/tracking_sub', 'merge_install': False, 'path': '/ros2_ws/src/tracking_sub', 'symlink_install': False, 'test_result_base': None}
[2.336s] INFO:colcon.colcon_core.executor:Executing jobs using 'parallel' executor
[2.351s] DEBUG:colcon.colcon_parallel_executor.executor.parallel:run_until_complete
[2.352s] INFO:colcon.colcon_ros.task.ament_python.build:Building ROS package in '/ros2_ws/src/tracking_sub' with build type 'ament_python'
[2.353s] Level 1:colcon.colcon_core.shell:create_environment_hook('tracking_sub', 'ament_prefix_path')
[2.388s] INFO:colcon.colcon_core.plugin_system:Skipping extension 'colcon_core.shell.bat': Not used on non-Windows systems
[2.389s] INFO:colcon.colcon_core.shell:Creating environment hook '/ros2_ws/install/tracking_sub/share/tracking_sub/hook/ament_prefix_path.ps1'
[2.395s] INFO:colcon.colcon_core.shell:Creating environment descriptor '/ros2_ws/install/tracking_sub/share/tracking_sub/hook/ament_prefix_path.dsv'
[2.398s] INFO:colcon.colcon_core.shell:Creating environment hook '/ros2_ws/install/tracking_sub/share/tracking_sub/hook/ament_prefix_path.sh'
[2.407s] INFO:colcon.colcon_core.shell:Skip shell extension 'powershell' for command environment: Not usable outside of PowerShell
[2.407s] DEBUG:colcon.colcon_core.shell:Skip shell extension 'dsv' for command environment
[3.339s] INFO:colcon.colcon_core.task.python.build:Building Python package in '/ros2_ws/src/tracking_sub'
[3.346s] INFO:colcon.colcon_core.shell:Skip shell extension 'powershell' for command environment: Not usable outside of PowerShell
[3.346s] DEBUG:colcon.colcon_core.shell:Skip shell extension 'dsv' for command environment
[4.702s] DEBUG:colcon.colcon_core.event_handler.log_command:Invoking command in '/ros2_ws/build/tracking_sub': PYTHONPATH=/ros2_ws/build/tracking_sub/prefix_override:/ros2_ws/install/tracking_sub/lib/python3.10/site-packages:${PYTHONPATH} /usr/bin/python3 setup.py develop --uninstall --editable --build-directory /ros2_ws/build/tracking_sub/build
[6.193s] DEBUG:colcon.colcon_core.event_handler.log_command:Invoked command in '/ros2_ws/build/tracking_sub' returned '0': PYTHONPATH=/ros2_ws/build/tracking_sub/prefix_override:/ros2_ws/install/tracking_sub/lib/python3.10/site-packages:${PYTHONPATH} /usr/bin/python3 setup.py develop --uninstall --editable --build-directory /ros2_ws/build/tracking_sub/build
[6.198s] DEBUG:colcon.colcon_core.event_handler.log_command:Invoking command in '/ros2_ws/src/tracking_sub': PYTHONPATH=/ros2_ws/build/tracking_sub/prefix_override:/ros2_ws/install/tracking_sub/lib/python3.10/site-packages:${PYTHONPATH} /usr/bin/python3 setup.py egg_info --egg-base ../../build/tracking_sub build --build-base /ros2_ws/build/tracking_sub/build install --record /ros2_ws/build/tracking_sub/install.log --single-version-externally-managed
[7.313s] DEBUG:colcon.colcon_core.event_handler.log_command:Invoked command in '/ros2_ws/src/tracking_sub' returned '0': PYTHONPATH=/ros2_ws/build/tracking_sub/prefix_override:/ros2_ws/install/tracking_sub/lib/python3.10/site-packages:${PYTHONPATH} /usr/bin/python3 setup.py egg_info --egg-base ../../build/tracking_sub build --build-base /ros2_ws/build/tracking_sub/build install --record /ros2_ws/build/tracking_sub/install.log --single-version-externally-managed
[7.350s] Level 1:colcon.colcon_core.environment:checking '/ros2_ws/install/tracking_sub' for CMake module files
[7.353s] Level 1:colcon.colcon_core.environment:checking '/ros2_ws/install/tracking_sub' for CMake config files
[7.357s] Level 1:colcon.colcon_core.environment:checking '/ros2_ws/install/tracking_sub/lib'
[7.358s] Level 1:colcon.colcon_core.environment:checking '/ros2_ws/install/tracking_sub/bin'
[7.358s] Level 1:colcon.colcon_core.environment:checking '/ros2_ws/install/tracking_sub/lib/pkgconfig/tracking_sub.pc'
[7.359s] Level 1:colcon.colcon_core.environment:checking '/ros2_ws/install/tracking_sub/lib/python3.10/site-packages'
[7.359s] Level 1:colcon.colcon_core.shell:create_environment_hook('tracking_sub', 'pythonpath')
[7.365s] INFO:colcon.colcon_core.shell:Creating environment hook '/ros2_ws/install/tracking_sub/share/tracking_sub/hook/pythonpath.ps1'
[7.367s] INFO:colcon.colcon_core.shell:Creating environment descriptor '/ros2_ws/install/tracking_sub/share/tracking_sub/hook/pythonpath.dsv'
[7.368s] INFO:colcon.colcon_core.shell:Creating environment hook '/ros2_ws/install/tracking_sub/share/tracking_sub/hook/pythonpath.sh'
[7.370s] Level 1:colcon.colcon_core.environment:checking '/ros2_ws/install/tracking_sub/bin'
[7.370s] Level 1:colcon.colcon_core.environment:create_environment_scripts_only(tracking_sub)
[7.376s] INFO:colcon.colcon_core.shell:Creating package script '/ros2_ws/install/tracking_sub/share/tracking_sub/package.ps1'
[7.383s] INFO:colcon.colcon_core.shell:Creating package descriptor '/ros2_ws/install/tracking_sub/share/tracking_sub/package.dsv'
[7.387s] INFO:colcon.colcon_core.shell:Creating package script '/ros2_ws/install/tracking_sub/share/tracking_sub/package.sh'
[7.391s] INFO:colcon.colcon_core.shell:Creating package script '/ros2_ws/install/tracking_sub/share/tracking_sub/package.bash'
[7.396s] INFO:colcon.colcon_core.shell:Creating package script '/ros2_ws/install/tracking_sub/share/tracking_sub/package.zsh'
[7.400s] Level 1:colcon.colcon_core.environment:create_file_with_runtime_dependencies(/ros2_ws/install/tracking_sub/share/colcon-core/packages/tracking_sub)
[7.401s] DEBUG:colcon.colcon_parallel_executor.executor.parallel:closing loop
[7.402s] DEBUG:colcon.colcon_parallel_executor.executor.parallel:loop closed
[7.403s] DEBUG:colcon.colcon_parallel_executor.executor.parallel:run_until_complete finished with '0'
[7.403s] DEBUG:colcon.colcon_core.event_reactor:joining thread
[7.482s] INFO:colcon.colcon_core.plugin_system:Skipping extension 'colcon_notification.desktop_notification.notify_send': Could not find 'notify-send'
[7.482s] INFO:colcon.colcon_core.plugin_system:Skipping extension 'colcon_notification.desktop_notification.terminal_notifier': Not used on non-Darwin systems
[7.483s] INFO:colcon.colcon_core.plugin_system:Skipping extension 'colcon_notification.desktop_notification.win32': Not used on non-Windows systems
[7.483s] INFO:colcon.colcon_notification.desktop_notification:Sending desktop notification using 'notify2'
[7.483s] DEBUG:colcon.colcon_notification.desktop_notification.notify2:Failed to initialize notify2: org.freedesktop.DBus.Error.NotSupported: Unable to autolaunch a dbus-daemon without a $DISPLAY for X11
[7.484s] DEBUG:colcon.colcon_core.event_reactor:joined thread
[7.490s] INFO:colcon.colcon_core.shell:Creating prefix script '/ros2_ws/install/local_setup.ps1'
[7.496s] INFO:colcon.colcon_core.shell:Creating prefix util module '/ros2_ws/install/_local_setup_util_ps1.py'
[7.507s] INFO:colcon.colcon_core.shell:Creating prefix chain script '/ros2_ws/install/setup.ps1'
[7.514s] INFO:colcon.colcon_core.shell:Creating prefix script '/ros2_ws/install/local_setup.sh'
[7.517s] INFO:colcon.colcon_core.shell:Creating prefix util module '/ros2_ws/install/_local_setup_util_sh.py'
[7.519s] INFO:colcon.colcon_core.shell:Creating prefix chain script '/ros2_ws/install/setup.sh'
[7.525s] INFO:colcon.colcon_core.shell:Creating prefix script '/ros2_ws/install/local_setup.bash'
[7.527s] INFO:colcon.colcon_core.shell:Creating prefix chain script '/ros2_ws/install/setup.bash'
[7.534s] INFO:colcon.colcon_core.shell:Creating prefix script '/ros2_ws/install/local_setup.zsh'
[7.537s] INFO:colcon.colcon_core.shell:Creating prefix chain script '/ros2_ws/install/setup.zsh'
