[1.216s] Invoking command in '/ros2_ws/build/car_controller': PYTHONPATH=/ros2_ws/build/car_controller/prefix_override:/ros2_ws/install/car_controller/lib/python3.10/site-packages:${PYTHONPATH} /usr/bin/python3 setup.py develop --editable --build-directory /ros2_ws/build/car_controller/build --no-deps install_data
[1.431s] running develop
[1.535s] running egg_info
[1.535s] creating car_controller.egg-info
[1.535s] writing car_controller.egg-info/PKG-INFO
[1.536s] writing dependency_links to car_controller.egg-info/dependency_links.txt
[1.536s] writing entry points to car_controller.egg-info/entry_points.txt
[1.536s] writing requirements to car_controller.egg-info/requires.txt
[1.536s] writing top-level names to car_controller.egg-info/top_level.txt
[1.536s] writing manifest file 'car_controller.egg-info/SOURCES.txt'
[1.537s] reading manifest file 'car_controller.egg-info/SOURCES.txt'
[1.538s] writing manifest file 'car_controller.egg-info/SOURCES.txt'
[1.543s] running build_ext
[1.543s] Creating /ros2_ws/install/car_controller/lib/python3.10/site-packages/car-controller.egg-link (link to .)
[1.544s] Installing car_camera_rcv script to /ros2_ws/install/car_controller/lib/car_controller
[1.544s] Installing car_controller script to /ros2_ws/install/car_controller/lib/car_controller
[1.544s] Installing net script to /ros2_ws/install/car_controller/lib/car_controller
[1.544s] 
[1.544s] Installed /ros2_ws/build/car_controller
[1.544s] running install_data
[1.544s] creating /ros2_ws/install/car_controller/share/ament_index
[1.544s] creating /ros2_ws/install/car_controller/share/ament_index/resource_index
[1.544s] creating /ros2_ws/install/car_controller/share/ament_index/resource_index/packages
[1.545s] copying resource/car_controller -> /ros2_ws/install/car_controller/share/ament_index/resource_index/packages
[1.545s] copying package.xml -> /ros2_ws/install/car_controller/share/car_controller
[1.576s] Invoked command in '/ros2_ws/build/car_controller' returned '0': PYTHONPATH=/ros2_ws/build/car_controller/prefix_override:/ros2_ws/install/car_controller/lib/python3.10/site-packages:${PYTHONPATH} /usr/bin/python3 setup.py develop --editable --build-directory /ros2_ws/build/car_controller/build --no-deps install_data
