[1.055s] Invoking command in '/ros2_ws/build/car_camera': PYTHONPATH=/ros2_ws/build/car_camera/prefix_override:/ros2_ws/install/car_camera/lib/python3.10/site-packages:${PYTHONPATH} /usr/bin/python3 setup.py develop --editable --build-directory /ros2_ws/build/car_camera/build --no-deps install_data
[1.292s] running develop
[1.397s] running egg_info
[1.397s] writing car_camera.egg-info/PKG-INFO
[1.397s] writing dependency_links to car_camera.egg-info/dependency_links.txt
[1.397s] writing entry points to car_camera.egg-info/entry_points.txt
[1.398s] writing requirements to car_camera.egg-info/requires.txt
[1.398s] writing top-level names to car_camera.egg-info/top_level.txt
[1.398s] reading manifest file 'car_camera.egg-info/SOURCES.txt'
[1.398s] writing manifest file 'car_camera.egg-info/SOURCES.txt'
[1.402s] running build_ext
[1.403s] Creating /ros2_ws/install/car_camera/lib/python3.10/site-packages/car-camera.egg-link (link to .)
[1.403s] Installing cam_features_pub script to /ros2_ws/install/car_camera/lib/car_camera
[1.403s] Installing cam_features_pub_torch script to /ros2_ws/install/car_camera/lib/car_camera
[1.403s] Installing camera_pub script to /ros2_ws/install/car_camera/lib/car_camera
[1.403s] Installing camera_rcv script to /ros2_ws/install/car_camera/lib/car_camera
[1.403s] 
[1.403s] Installed /ros2_ws/build/car_camera
[1.403s] running install_data
[1.434s] Invoked command in '/ros2_ws/build/car_camera' returned '0': PYTHONPATH=/ros2_ws/build/car_camera/prefix_override:/ros2_ws/install/car_camera/lib/python3.10/site-packages:${PYTHONPATH} /usr/bin/python3 setup.py develop --editable --build-directory /ros2_ws/build/car_camera/build --no-deps install_data
