[2.159s] Invoking command in '/ros2_ws/build/tracking_sub': PYTHONPATH=/ros2_ws/build/tracking_sub/prefix_override:/ros2_ws/install/tracking_sub/lib/python3.10/site-packages:${PYTHONPATH} /usr/bin/python3 setup.py develop --uninstall --editable --build-directory /ros2_ws/build/tracking_sub/build
[3.087s] running develop
[3.088s] /usr/lib/python3/dist-packages/setuptools/command/easy_install.py:158: EasyInstallDeprecationWarning: easy_install command is deprecated. Use build and pip and other standards-based tools.
[3.089s]   warnings.warn(
[3.094s] /usr/lib/python3/dist-packages/setuptools/command/install.py:34: SetuptoolsDeprecationWarning: setup.py install is deprecated. Use build and pip and other standards-based tools.
[3.094s]   warnings.warn(
[3.630s] Invoked command in '/ros2_ws/build/tracking_sub' returned '0': PYTHONPATH=/ros2_ws/build/tracking_sub/prefix_override:/ros2_ws/install/tracking_sub/lib/python3.10/site-packages:${PYTHONPATH} /usr/bin/python3 setup.py develop --uninstall --editable --build-directory /ros2_ws/build/tracking_sub/build
[3.635s] Invoking command in '/ros2_ws/src/tracking_sub': PYTHONPATH=/ros2_ws/build/tracking_sub/prefix_override:/ros2_ws/install/tracking_sub/lib/python3.10/site-packages:${PYTHONPATH} /usr/bin/python3 setup.py egg_info --egg-base ../../build/tracking_sub build --build-base /ros2_ws/build/tracking_sub/build install --record /ros2_ws/build/tracking_sub/install.log --single-version-externally-managed
[4.463s] running egg_info
[4.466s] writing ../../build/tracking_sub/tracking_sub.egg-info/PKG-INFO
[4.467s] writing dependency_links to ../../build/tracking_sub/tracking_sub.egg-info/dependency_links.txt
[4.467s] writing entry points to ../../build/tracking_sub/tracking_sub.egg-info/entry_points.txt
[4.468s] writing requirements to ../../build/tracking_sub/tracking_sub.egg-info/requires.txt
[4.468s] writing top-level names to ../../build/tracking_sub/tracking_sub.egg-info/top_level.txt
[4.475s] reading manifest file '../../build/tracking_sub/tracking_sub.egg-info/SOURCES.txt'
[4.479s] writing manifest file '../../build/tracking_sub/tracking_sub.egg-info/SOURCES.txt'
[4.479s] running build
[4.480s] running build_py
[4.480s] copying tracking_sub/subscriber.py -> /ros2_ws/build/tracking_sub/build/lib/tracking_sub
[4.481s] running install
[4.482s] /usr/lib/python3/dist-packages/setuptools/command/install.py:34: SetuptoolsDeprecationWarning: setup.py install is deprecated. Use build and pip and other standards-based tools.
[4.482s]   warnings.warn(
[4.483s] running install_lib
[4.486s] copying /ros2_ws/build/tracking_sub/build/lib/tracking_sub/subscriber.py -> /ros2_ws/install/tracking_sub/lib/python3.10/site-packages/tracking_sub
[4.489s] byte-compiling /ros2_ws/install/tracking_sub/lib/python3.10/site-packages/tracking_sub/publisher.py to publisher.cpython-310.pyc
[4.490s]   File "/ros2_ws/install/tracking_sub/lib/python3.10/site-packages/tracking_sub/publisher.py", line 13
[4.490s]     	def send(self,value)
[4.490s]     	                    ^
[4.491s] SyntaxError: expected ':'
[4.491s] 
[4.492s] byte-compiling /ros2_ws/install/tracking_sub/lib/python3.10/site-packages/tracking_sub/subscriber.py to subscriber.cpython-310.pyc
[4.492s] running install_data
[4.494s] running install_egg_info
[4.500s] removing '/ros2_ws/install/tracking_sub/lib/python3.10/site-packages/tracking_sub-0.0.0-py3.10.egg-info' (and everything under it)
[4.501s] Copying ../../build/tracking_sub/tracking_sub.egg-info to /ros2_ws/install/tracking_sub/lib/python3.10/site-packages/tracking_sub-0.0.0-py3.10.egg-info
[4.505s] running install_scripts
[4.593s] Installing listener script to /ros2_ws/install/tracking_sub/lib/tracking_sub
[4.594s] Installing speed_pub script to /ros2_ws/install/tracking_sub/lib/tracking_sub
[4.595s] writing list of installed files to '/ros2_ws/build/tracking_sub/install.log'
[4.718s] Invoked command in '/ros2_ws/src/tracking_sub' returned '0': PYTHONPATH=/ros2_ws/build/tracking_sub/prefix_override:/ros2_ws/install/tracking_sub/lib/python3.10/site-packages:${PYTHONPATH} /usr/bin/python3 setup.py egg_info --egg-base ../../build/tracking_sub build --build-base /ros2_ws/build/tracking_sub/build install --record /ros2_ws/build/tracking_sub/install.log --single-version-externally-managed
