[2.209s] Invoking command in '/ros2_ws/build/tracking_sub': PYTHONPATH=/ros2_ws/build/tracking_sub/prefix_override:/ros2_ws/install/tracking_sub/lib/python3.10/site-packages:${PYTHONPATH} /usr/bin/python3 setup.py develop --uninstall --editable --build-directory /ros2_ws/build/tracking_sub/build
[3.114s] running develop
[3.115s] /usr/lib/python3/dist-packages/setuptools/command/easy_install.py:158: EasyInstallDeprecationWarning: easy_install command is deprecated. Use build and pip and other standards-based tools.
[3.115s]   warnings.warn(
[3.121s] /usr/lib/python3/dist-packages/setuptools/command/install.py:34: SetuptoolsDeprecationWarning: setup.py install is deprecated. Use build and pip and other standards-based tools.
[3.121s]   warnings.warn(
[3.646s] Invoked command in '/ros2_ws/build/tracking_sub' returned '0': PYTHONPATH=/ros2_ws/build/tracking_sub/prefix_override:/ros2_ws/install/tracking_sub/lib/python3.10/site-packages:${PYTHONPATH} /usr/bin/python3 setup.py develop --uninstall --editable --build-directory /ros2_ws/build/tracking_sub/build
[3.651s] Invoking command in '/ros2_ws/src/tracking_sub': PYTHONPATH=/ros2_ws/build/tracking_sub/prefix_override:/ros2_ws/install/tracking_sub/lib/python3.10/site-packages:${PYTHONPATH} /usr/bin/python3 setup.py egg_info --egg-base ../../build/tracking_sub build --build-base /ros2_ws/build/tracking_sub/build install --record /ros2_ws/build/tracking_sub/install.log --single-version-externally-managed
[4.459s] running egg_info
[4.462s] writing ../../build/tracking_sub/tracking_sub.egg-info/PKG-INFO
[4.463s] writing dependency_links to ../../build/tracking_sub/tracking_sub.egg-info/dependency_links.txt
[4.463s] writing entry points to ../../build/tracking_sub/tracking_sub.egg-info/entry_points.txt
[4.464s] writing requirements to ../../build/tracking_sub/tracking_sub.egg-info/requires.txt
[4.465s] writing top-level names to ../../build/tracking_sub/tracking_sub.egg-info/top_level.txt
[4.472s] reading manifest file '../../build/tracking_sub/tracking_sub.egg-info/SOURCES.txt'
[4.475s] writing manifest file '../../build/tracking_sub/tracking_sub.egg-info/SOURCES.txt'
[4.476s] running build
[4.477s] running build_py
[4.477s] copying tracking_sub/subscriber.py -> /ros2_ws/build/tracking_sub/build/lib/tracking_sub
[4.478s] running install
[4.479s] /usr/lib/python3/dist-packages/setuptools/command/install.py:34: SetuptoolsDeprecationWarning: setup.py install is deprecated. Use build and pip and other standards-based tools.
[4.479s]   warnings.warn(
[4.480s] running install_lib
[4.483s] copying /ros2_ws/build/tracking_sub/build/lib/tracking_sub/subscriber.py -> /ros2_ws/install/tracking_sub/lib/python3.10/site-packages/tracking_sub
[4.485s] byte-compiling /ros2_ws/install/tracking_sub/lib/python3.10/site-packages/tracking_sub/publisher.py to publisher.cpython-310.pyc
[4.486s]   File "/ros2_ws/install/tracking_sub/lib/python3.10/site-packages/tracking_sub/publisher.py", line 13
[4.487s]     	def send(self,value)
[4.487s]     	                    ^
[4.487s] SyntaxError: expected ':'
[4.488s] 
[4.489s] byte-compiling /ros2_ws/install/tracking_sub/lib/python3.10/site-packages/tracking_sub/subscriber.py to subscriber.cpython-310.pyc
[4.489s] running install_data
[4.490s] running install_egg_info
[4.496s] removing '/ros2_ws/install/tracking_sub/lib/python3.10/site-packages/tracking_sub-0.0.0-py3.10.egg-info' (and everything under it)
[4.497s] Copying ../../build/tracking_sub/tracking_sub.egg-info to /ros2_ws/install/tracking_sub/lib/python3.10/site-packages/tracking_sub-0.0.0-py3.10.egg-info
[4.501s] running install_scripts
[4.587s] Installing listener script to /ros2_ws/install/tracking_sub/lib/tracking_sub
[4.589s] Installing speed_pub script to /ros2_ws/install/tracking_sub/lib/tracking_sub
[4.589s] writing list of installed files to '/ros2_ws/build/tracking_sub/install.log'
[4.711s] Invoked command in '/ros2_ws/src/tracking_sub' returned '0': PYTHONPATH=/ros2_ws/build/tracking_sub/prefix_override:/ros2_ws/install/tracking_sub/lib/python3.10/site-packages:${PYTHONPATH} /usr/bin/python3 setup.py egg_info --egg-base ../../build/tracking_sub build --build-base /ros2_ws/build/tracking_sub/build install --record /ros2_ws/build/tracking_sub/install.log --single-version-externally-managed
